Switching to API Credentials #8
==================================
Loading dataset for user @elprofesionalll (id 142800528)
Dataset loaded.
Size (#tweets): 227342
Dimension (#neighbours): 634
Training RandomForestClassifier
Detailed classification report:

Scores on training set.

             precision    recall  f1-score   support

        0.0       1.00      1.00      1.00    157268
        1.0       1.00      0.89      0.94      1871

avg / total       1.00      1.00      1.00    159139

Scores on test set.

             precision    recall  f1-score   support

        0.0       1.00      1.00      1.00     67414
        1.0       0.98      0.85      0.91       789

avg / total       1.00      1.00      1.00     68203

==================================
Loading dataset for user RadioLaRioja.com.ar (id 18623370)
Dataset loaded.
Size (#tweets): 105871
Dimension (#neighbours): 410
Training RandomForestClassifier
Detailed classification report:

Scores on training set.

             precision    recall  f1-score   support

        0.0       1.00      1.00      1.00     72426
        1.0       1.00      0.90      0.95      1683

avg / total       1.00      1.00      1.00     74109

Scores on test set.

             precision    recall  f1-score   support

        0.0       1.00      1.00      1.00     31051
        1.0       0.99      0.91      0.95       711

avg / total       1.00      1.00      1.00     31762

