==================================
Loading dataset for user Leandro Deyuanini (id 37226353)
Dataset loaded.
Size (#tweets): 121585
Dimension (#neighbours): 401
Training RandomForestClassifier
Detailed classification report:

Scores on training set.

             precision    recall  f1-score   support

        0.0       0.99      1.00      1.00     83742
        1.0       1.00      0.64      0.78      1367

avg / total       0.99      0.99      0.99     85109

Scores on test set.

             precision    recall  f1-score   support

        0.0       0.99      1.00      1.00     35876
        1.0       0.97      0.59      0.73       600

avg / total       0.99      0.99      0.99     36476

==================================
Loading dataset for user res non verba  (id 195412602)
Dataset loaded.
Size (#tweets): 450593
Dimension (#neighbours): 993
Training RandomForestClassifier
Detailed classification report:

Scores on training set.

             precision    recall  f1-score   support

        0.0       1.00      1.00      1.00    313638
        1.0       1.00      0.85      0.92      1777

avg / total       1.00      1.00      1.00    315415

Scores on test set.

             precision    recall  f1-score   support

        0.0       1.00      1.00      1.00    134438
        1.0       0.99      0.84      0.90       740

avg / total       1.00      1.00      1.00    135178

