==================================
Loading dataset for user Javier A Lewkowicz (id 101047126)
Dataset loaded.
Size (#tweets): 147924
Dimension (#neighbours): 521
Training RandomForestClassifier
Detailed classification report:

Scores on training set.

             precision    recall  f1-score   support

        0.0       1.00      1.00      1.00    102892
        1.0       1.00      0.95      0.97       654

avg / total       1.00      1.00      1.00    103546

Scores on test set.

             precision    recall  f1-score   support

        0.0       1.00      1.00      1.00     44102
        1.0       0.97      0.95      0.96       276

avg / total       1.00      1.00      1.00     44378

==================================
Loading dataset for user Décimo Doctor (id 126527644)
Dataset loaded.
Size (#tweets): 322971
Dimension (#neighbours): 814
Training RandomForestClassifier
Detailed classification report:

Scores on training set.

             precision    recall  f1-score   support

        0.0       1.00      1.00      1.00    225177
        1.0       1.00      0.99      0.99       902

avg / total       1.00      1.00      1.00    226079

Scores on test set.

             precision    recall  f1-score   support

        0.0       1.00      1.00      1.00     96524
        1.0       0.98      0.98      0.98       368

avg / total       1.00      1.00      1.00     96892

