Switching to API Credentials #0
==================================
Loading dataset for user Mundo D  (id 59857143)
Dataset loaded.
Size (#tweets): 222880
Dimension (#neighbours): 843
Training RandomForestClassifier
Detailed classification report:

Scores on training set.

             precision    recall  f1-score   support

        0.0       1.00      1.00      1.00    154975
        1.0       1.00      0.96      0.98      1041

avg / total       1.00      1.00      1.00    156016

Scores on test set.

             precision    recall  f1-score   support

        0.0       1.00      1.00      1.00     66391
        1.0       0.98      0.96      0.97       473

avg / total       1.00      1.00      1.00     66864

==================================
Loading dataset for user Mario Montoya (id 76684633)
Dataset loaded.
Size (#tweets): 184886
Dimension (#neighbours): 474
Training RandomForestClassifier
Detailed classification report:

Scores on training set.

             precision    recall  f1-score   support

        0.0       1.00      1.00      1.00    129227
        1.0       0.99      0.89      0.94       193

avg / total       1.00      1.00      1.00    129420

Scores on test set.

             precision    recall  f1-score   support

        0.0       1.00      1.00      1.00     55387
        1.0       0.96      0.84      0.89        79

avg / total       1.00      1.00      1.00     55466

