==================================
Loading dataset for user LAWRENCE JPD ARABIA  (id 228252737)
Dataset loaded.
Size (#tweets): 300
Dimension (#ESA features): 166227
Training RandomForestClassifier
Detailed classification report:

Scores on training set.

             precision    recall  f1-score   support

        0.0       0.69      1.00      0.82       145
        1.0       0.00      0.00      0.00        65

avg / total       0.48      0.69      0.56       210

Scores on test set.

             precision    recall  f1-score   support

        0.0       0.61      1.00      0.76        55
        1.0       0.00      0.00      0.00        35

avg / total       0.37      0.61      0.46        90

==================================
Loading dataset for user @elprofesionalll (id 142800528)
Dataset loaded.
Size (#tweets): 300
Dimension (#ESA features): 166227
Training RandomForestClassifier
Detailed classification report:

Scores on training set.

             precision    recall  f1-score   support

        0.0       0.69      1.00      0.82       145
        1.0       0.00      0.00      0.00        65

avg / total       0.48      0.69      0.56       210

Scores on test set.

             precision    recall  f1-score   support

        0.0       0.61      1.00      0.76        55
        1.0       0.00      0.00      0.00        35

avg / total       0.37      0.61      0.46        90

==================================
Loading dataset for user Leandro Deyuanini (id 37226353)
Dataset loaded.
Size (#tweets): 300
Dimension (#ESA features): 166227
Training RandomForestClassifier
Detailed classification report:

Scores on training set.

             precision    recall  f1-score   support

        0.0       0.69      1.00      0.82       145
        1.0       0.00      0.00      0.00        65

avg / total       0.48      0.69      0.56       210

Scores on test set.

             precision    recall  f1-score   support

        0.0       0.61      1.00      0.76        55
        1.0       0.00      0.00      0.00        35

avg / total       0.37      0.61      0.46        90

==================================
Loading dataset for user Unión Cívica Radical (id 114582574)
Dataset loaded.
Size (#tweets): 300
Dimension (#ESA features): 166227
Training RandomForestClassifier
Detailed classification report:

Scores on training set.

             precision    recall  f1-score   support

        0.0       0.69      1.00      0.82       145
        1.0       0.00      0.00      0.00        65

avg / total       0.48      0.69      0.56       210

Scores on test set.

             precision    recall  f1-score   support

        0.0       0.61      1.00      0.76        55
        1.0       0.00      0.00      0.00        35

avg / total       0.37      0.61      0.46        90

==================================
Loading dataset for user Mario Montoya (id 76684633)
Dataset loaded.
Size (#tweets): 300
Dimension (#ESA features): 166227
Training RandomForestClassifier
Detailed classification report:

Scores on training set.

             precision    recall  f1-score   support

        0.0       0.69      1.00      0.82       145
        1.0       0.00      0.00      0.00        65

avg / total       0.48      0.69      0.56       210

Scores on test set.

             precision    recall  f1-score   support

        0.0       0.61      1.00      0.76        55
        1.0       0.00      0.00      0.00        35

avg / total       0.37      0.61      0.46        90

==================================
Loading dataset for user pablorgarcia (id 54987976)
Dataset loaded.
Size (#tweets): 300
Dimension (#ESA features): 166227
Training RandomForestClassifier
Detailed classification report:

Scores on training set.

             precision    recall  f1-score   support

        0.0       0.69      1.00      0.82       145
        1.0       0.00      0.00      0.00        65

avg / total       0.48      0.69      0.56       210

Scores on test set.

             precision    recall  f1-score   support

        0.0       0.61      1.00      0.76        55
        1.0       0.00      0.00      0.00        35

avg / total       0.37      0.61      0.46        90

