Switching to API Credentials #3
###################################
Transforming and combining training sets
Creating training set based on 10 users
==================================
Loading training set for user Gustavo Gomez (id 203030351)
Size (#tweets): 122264
Dimension (#neighbours): 572
==================================
Loading training set for user LAWRENCE JPD ARABIA  (id 228252737)
Size (#tweets): 167789
Dimension (#neighbours): 625
==================================
Loading training set for user @elprofesionalll (id 142800528)
Size (#tweets): 159139
Dimension (#neighbours): 634
==================================
Loading training set for user RadioLaRioja.com.ar (id 18623370)
Size (#tweets): 74109
Dimension (#neighbours): 410
==================================
Loading training set for user Leandro Deyuanini (id 37226353)
Size (#tweets): 85109
Dimension (#neighbours): 401
==================================
Loading training set for user Javier A Lewkowicz (id 101047126)
Size (#tweets): 103546
Dimension (#neighbours): 521
==================================
Loading training set for user Décimo Doctor (id 126527644)
Size (#tweets): 226079
Dimension (#neighbours): 814
==================================
Loading training set for user Unión Cívica Radical (id 114582574)
Size (#tweets): 130092
Dimension (#neighbours): 618
==================================
Loading training set for user sexpoerotica (id 144310601)
Size (#tweets): 57444
Dimension (#neighbours): 462
==================================
Loading training set for user Juan Muñoz (id 20611326)
Size (#tweets): 148915
Dimension (#neighbours): 703
==================================
Combined training set created.
Size (#tweets): 1274486
Dimension (#neighbour buckets): 20
###################################
Training RandomForestClassifier on combined training set
Scores on training set.

             precision    recall  f1-score   support

        0.0       1.00      1.00      1.00   1262917
        1.0       1.00      0.86      0.92     11569

avg / total       1.00      1.00      1.00   1274486

###################################
Evaluating on individual partial test sets (of same users where trained)
==================================
Loading dataset for user Gustavo Gomez (id 203030351)
Transformed test set created.
Size (#tweets): 52399
Dimension (#neighbour buckets): 20
Scores on test set.

             precision    recall  f1-score   support

        0.0       1.00      1.00      1.00     51950
        1.0       1.00      0.92      0.96       449

avg / total       1.00      1.00      1.00     52399

==================================
Loading dataset for user LAWRENCE JPD ARABIA  (id 228252737)
Transformed test set created.
Size (#tweets): 71910
Dimension (#neighbour buckets): 20
Scores on test set.

             precision    recall  f1-score   support

        0.0       1.00      1.00      1.00     71068
        1.0       1.00      0.82      0.90       842

avg / total       1.00      1.00      1.00     71910

==================================
Loading dataset for user @elprofesionalll (id 142800528)
Transformed test set created.
Size (#tweets): 68203
Dimension (#neighbour buckets): 20
Scores on test set.

             precision    recall  f1-score   support

        0.0       1.00      1.00      1.00     67414
        1.0       1.00      0.85      0.92       789

avg / total       1.00      1.00      1.00     68203

==================================
Loading dataset for user RadioLaRioja.com.ar (id 18623370)
Transformed test set created.
Size (#tweets): 31762
Dimension (#neighbour buckets): 20
Scores on test set.

             precision    recall  f1-score   support

        0.0       1.00      1.00      1.00     31051
        1.0       1.00      0.91      0.95       711

avg / total       1.00      1.00      1.00     31762

==================================
Loading dataset for user Leandro Deyuanini (id 37226353)
Transformed test set created.
Size (#tweets): 36476
Dimension (#neighbour buckets): 20
Scores on test set.

             precision    recall  f1-score   support

        0.0       0.99      1.00      1.00     35876
        1.0       0.99      0.58      0.73       600

avg / total       0.99      0.99      0.99     36476

==================================
Loading dataset for user Javier A Lewkowicz (id 101047126)
Transformed test set created.
Size (#tweets): 44378
Dimension (#neighbour buckets): 20
Scores on test set.

             precision    recall  f1-score   support

        0.0       1.00      1.00      1.00     44102
        1.0       1.00      0.95      0.97       276

avg / total       1.00      1.00      1.00     44378

==================================
Loading dataset for user Décimo Doctor (id 126527644)
Transformed test set created.
Size (#tweets): 96892
Dimension (#neighbour buckets): 20
Scores on test set.

             precision    recall  f1-score   support

        0.0       1.00      1.00      1.00     96524
        1.0       0.99      0.98      0.99       368

avg / total       1.00      1.00      1.00     96892

==================================
Loading dataset for user Unión Cívica Radical (id 114582574)
Transformed test set created.
Size (#tweets): 55755
Dimension (#neighbour buckets): 20
Scores on test set.

             precision    recall  f1-score   support

        0.0       1.00      1.00      1.00     55505
        1.0       1.00      0.80      0.89       250

avg / total       1.00      1.00      1.00     55755

==================================
Loading dataset for user sexpoerotica (id 144310601)
Transformed test set created.
Size (#tweets): 24619
Dimension (#neighbour buckets): 20
Scores on test set.

             precision    recall  f1-score   support

        0.0       1.00      1.00      1.00     24286
        1.0       1.00      0.99      1.00       333

avg / total       1.00      1.00      1.00     24619

==================================
Loading dataset for user Juan Muñoz (id 20611326)
Transformed test set created.
Size (#tweets): 63822
Dimension (#neighbour buckets): 20
Scores on test set.

             precision    recall  f1-score   support

        0.0       1.00      1.00      1.00     63571
        1.0       1.00      0.96      0.98       251

avg / total       1.00      1.00      1.00     63822

Evaluating on full test sets (of users not seen in training)
==================================
Loading dataset for user Evelyn (id 1566310694)
Transformed test set created.
Size (#tweets): 305666
Dimension (#neighbour buckets): 20
Scores on test set.

             precision    recall  f1-score   support

        0.0       1.00      1.00      1.00    305000
        1.0       1.00      1.00      1.00       666

avg / total       1.00      1.00      1.00    305666

==================================
Loading dataset for user Mundo D  (id 59857143)
Transformed test set created.
Size (#tweets): 222880
Dimension (#neighbour buckets): 20
Scores on test set.

             precision    recall  f1-score   support

        0.0       1.00      1.00      1.00    221366
        1.0       1.00      0.96      0.98      1514

avg / total       1.00      1.00      1.00    222880

==================================
Loading dataset for user Mario Montoya (id 76684633)
Transformed test set created.
Size (#tweets): 184886
Dimension (#neighbour buckets): 20
Scores on test set.

             precision    recall  f1-score   support

        0.0       1.00      1.00      1.00    184614
        1.0       0.98      0.84      0.91       272

avg / total       1.00      1.00      1.00    184886

==================================
Loading dataset for user Mariano (id 85123028)
Transformed test set created.
Size (#tweets): 238942
Dimension (#neighbour buckets): 20
Scores on test set.

             precision    recall  f1-score   support

        0.0       1.00      1.00      1.00    237322
        1.0       1.00      0.95      0.97      1620

avg / total       1.00      1.00      1.00    238942

==================================
Loading dataset for user pablorgarcia (id 54987976)
Transformed test set created.
Size (#tweets): 192571
Dimension (#neighbour buckets): 20
Scores on test set.

             precision    recall  f1-score   support

        0.0       1.00      1.00      1.00    192342
        1.0       0.99      0.82      0.90       229

avg / total       1.00      1.00      1.00    192571

