==================================
#Zeros : #RecallErrors =  2

Loading dataset for user Leandro Deyuanini (id 37226353)
Training model <class '__main__.BackoffClassifier'>
Detailed classification report:

Scores on training set.

             precision    recall  f1-score   support

        0.0       1.00      0.95      0.97     83713
        1.0       0.25      0.98      0.39      1396

avg / total       0.99      0.95      0.96     85109

Scores on test set.

             precision    recall  f1-score   support

        0.0       1.00      0.95      0.97     35905
        1.0       0.23      0.98      0.38       571

avg / total       0.99      0.95      0.96     36476

=======================
#Zeros : #RecallErrors =  10
(+ backoff balancing)

Loading dataset for user Leandro Deyuanini (id 37226353)
Training model <class '__main__.BackoffClassifier'>
Detailed classification report:

Scores on training set.

             precision    recall  f1-score   support

        0.0       0.99      1.00      1.00     83713
        1.0       1.00      0.63      0.77      1396

avg / total       0.99      0.99      0.99     85109

Scores on test set.

             precision    recall  f1-score   support

        0.0       0.99      1.00      1.00     35905
        1.0       0.97      0.61      0.75       571

avg / total       0.99      0.99      0.99     36476

=======================
#Zeros : #RecallErrors =  5
(+ backoff balancing)

Training model <class '__main__.BackoffClassifier'>
Detailed classification report:

Scores on training set.

             precision    recall  f1-score   support

        0.0       0.99      1.00      1.00     83713
        1.0       1.00      0.63      0.77      1396

avg / total       0.99      0.99      0.99     85109

Scores on test set.

             precision    recall  f1-score   support

        0.0       0.99      1.00      1.00     35905
        1.0       0.96      0.61      0.75       571

avg / total       0.99      0.99      0.99     36476

====================
#Zeros : #RecallErrors =  5
(+ backoff balancing)
(+ extra_weight_ones = 2.0)

===========>>>> BEST <<<<==============

Loading dataset for user Leandro Deyuanini (id 37226353)
Training model <class '__main__.BackoffClassifier'>
Detailed classification report:

Scores on training set.

             precision    recall  f1-score   support

        0.0       0.99      1.00      1.00     83713
        1.0       1.00      0.63      0.77      1396

avg / total       0.99      0.99      0.99     85109

Scores on test set.

             precision    recall  f1-score   support

        0.0       0.99      1.00      1.00     35905
        1.0       0.96      0.61      0.75       571

avg / total       0.99      0.99      0.99     36476


====================
#Zeros : #RecallErrors =  5

Loading dataset for user Leandro Deyuanini (id 37226353)
Training model <class '__main__.BackoffClassifier'>
Detailed classification report:

Scores on training set.

             precision    recall  f1-score   support

        0.0       1.00      0.97      0.98     83713
        1.0       0.33      0.97      0.50      1396

avg / total       0.99      0.97      0.98     85109

Scores on test set.

             precision    recall  f1-score   support

        0.0       1.00      0.97      0.98     35905
        1.0       0.32      0.95      0.48       571

avg / total       0.99      0.97      0.98     36476



==================================
#Zeros : #RecallErrors =  10

Loading dataset for user Leandro Deyuanini (id 37226353)
Training model <class '__main__.BackoffClassifier'>
Detailed classification report:

Scores on training set.

             precision    recall  f1-score   support

        0.0       1.00      0.97      0.98     83713
        1.0       0.34      0.96      0.50      1396

avg / total       0.99      0.97      0.98     85109

Scores on test set.

             precision    recall  f1-score   support

        0.0       1.00      0.97      0.98     35905
        1.0       0.32      0.95      0.48       571

avg / total       0.99      0.97      0.98     36476

==================================
#Zeros : #RecallErrors =  3

Loading dataset for user Leandro Deyuanini (id 37226353)
Training model <class '__main__.BackoffClassifier'>
Detailed classification report:

Scores on training set.

             precision    recall  f1-score   support

        0.0       1.00      0.96      0.98     83713
        1.0       0.30      0.97      0.46      1396

avg / total       0.99      0.96      0.97     85109

Scores on test set.

             precision    recall  f1-score   support

        0.0       1.00      0.96      0.98     35905
        1.0       0.29      0.97      0.45       571

avg / total       0.99      0.96      0.97     36476
