Switching to API Credentials #1
Trying backoff classifier KNeighborsClassifier'>
==================================
Loading dataset for user Leandro Deyuanini (id 37226353)
Doesn't accept sample weight, calling without...
OK
Detailed classification report:

Scores on training set.

             precision    recall  f1-score   support

        0.0       1.00      0.88      0.94     83686
        1.0       0.12      0.99      0.22      1423

avg / total       0.99      0.88      0.92     85109

Scores on test set.

             precision    recall  f1-score   support

        0.0       1.00      0.88      0.93     35932
        1.0       0.11      0.97      0.19       544

avg / total       0.99      0.88      0.92     36476

Switching to API Credentials #8
Trying backoff classifier SVC'>
==================================
Loading dataset for user Leandro Deyuanini (id 37226353)
OK
Detailed classification report:

Scores on training set.

             precision    recall  f1-score   support

        0.0       0.99      1.00      1.00     83686
        1.0       1.00      0.65      0.79      1423

avg / total       0.99      0.99      0.99     85109

Scores on test set.

             precision    recall  f1-score   support

        0.0       0.99      1.00      1.00     35932
        1.0       0.94      0.57      0.71       544

avg / total       0.99      0.99      0.99     36476

Switching to API Credentials #2
Trying backoff classifier SVC'>
==================================
Loading dataset for user Leandro Deyuanini (id 37226353)
OK
Detailed classification report:

Scores on training set.

             precision    recall  f1-score   support

        0.0       0.99      1.00      1.00     83686
        1.0       1.00      0.65      0.79      1423

avg / total       0.99      0.99      0.99     85109

Scores on test set.

             precision    recall  f1-score   support

        0.0       0.99      1.00      1.00     35932
        1.0       0.94      0.57      0.71       544

avg / total       0.99      0.99      0.99     36476

Switching to API Credentials #5
Trying backoff classifier DecisionTreeClassifier'>
==================================
Loading dataset for user Leandro Deyuanini (id 37226353)
OK
Detailed classification report:

Scores on training set.

             precision    recall  f1-score   support

        0.0       0.99      1.00      1.00     83686
        1.0       1.00      0.65      0.79      1423

avg / total       0.99      0.99      0.99     85109

Scores on test set.

             precision    recall  f1-score   support

        0.0       0.99      1.00      1.00     35932
        1.0       0.94      0.57      0.71       544

avg / total       0.99      0.99      0.99     36476

Switching to API Credentials #6
Trying backoff classifier RandomForestClassifier'>
==================================
Loading dataset for user Leandro Deyuanini (id 37226353)
OK
Detailed classification report:

Scores on training set.

             precision    recall  f1-score   support

        0.0       0.99      1.00      1.00     83686
        1.0       1.00      0.65      0.79      1423

avg / total       0.99      0.99      0.99     85109

Scores on test set.

             precision    recall  f1-score   support

        0.0       0.99      1.00      1.00     35932
        1.0       0.94      0.57      0.71       544

avg / total       0.99      0.99      0.99     36476

Switching to API Credentials #8
Trying backoff classifier BernoulliNB'>
==================================
Loading dataset for user Leandro Deyuanini (id 37226353)
OK
Detailed classification report:

Scores on training set.

             precision    recall  f1-score   support

        0.0       0.99      1.00      1.00     83686
        1.0       1.00      0.65      0.79      1423

avg / total       0.99      0.99      0.99     85109

Scores on test set.

             precision    recall  f1-score   support

        0.0       0.99      1.00      1.00     35932
        1.0       0.94      0.57      0.71       544

avg / total       0.99      0.99      0.99     36476

Switching to API Credentials #8
Trying backoff classifier LDA'>
==================================
Loading dataset for user Leandro Deyuanini (id 37226353)
Doesn't accept sample weight, calling without...
OK
Detailed classification report:

Scores on training set.

             precision    recall  f1-score   support

        0.0       1.00      0.96      0.98     83686
        1.0       0.28      0.98      0.43      1423

avg / total       0.99      0.96      0.97     85109

Scores on test set.

             precision    recall  f1-score   support

        0.0       1.00      0.96      0.98     35932
        1.0       0.25      0.97      0.40       544

avg / total       0.99      0.96      0.97     36476

Switching to API Credentials #0
Trying backoff classifier QDA'>
==================================
Loading dataset for user Leandro Deyuanini (id 37226353)
Doesn't accept sample weight, calling without...
OK
Detailed classification report:

Scores on training set.

             precision    recall  f1-score   support

        0.0       1.00      0.75      0.86     83686
        1.0       0.06      1.00      0.12      1423

avg / total       0.98      0.75      0.84     85109

Scores on test set.

             precision    recall  f1-score   support

        0.0       1.00      0.74      0.85     35932
        1.0       0.05      0.98      0.10       544

avg / total       0.99      0.75      0.84     36476

