  then being mistakenly passed down to XGBoost core, or some parameter actually being used
  but getting flagged wrongly here. Please open an issue if you find any such cases.


[23:20:41] WARNING: /home/conda/feedstock_root/build_artifacts/xgboost-split_1645117766796/work/src/learner.cc:576:
Parameters: { "silent" } might not be used.

  This could be a false alarm, with some parameters getting used by language bindings but
  then being mistakenly passed down to XGBoost core, or some parameter actually being used
  but getting flagged wrongly here. Please open an issue if you find any such cases.


[23:21:19] WARNING: /home/conda/feedstock_root/build_artifacts/xgboost-split_1645117766796/work/src/learner.cc:576:
Parameters: { "silent" } might not be used.

  This could be a false alarm, with some parameters getting used by language bindings but
  then being mistakenly passed down to XGBoost core, or some parameter actually being used
  but getting flagged wrongly here. Please open an issue if you find any such cases.


[23:21:56] WARNING: /home/conda/feedstock_root/build_artifacts/xgboost-split_1645117766796/work/src/learner.cc:576:
Parameters: { "silent" } might not be used.

  This could be a false alarm, with some parameters getting used by language bindings but
  then being mistakenly passed down to XGBoost core, or some parameter actually being used
  but getting flagged wrongly here. Please open an issue if you find any such cases.


Loading pre-computed centralities
Computing bucketized dataset
new dataset will be created and saved to /home/pcelayes/repos/sna_classifier/data/datasets/dataset_combined_small_igraph_s230_b00_with_activity.pickle
Creating training set based on 135 users
==================================
Loading training set for user LAWRENCE JPD ARABIA  (id 228252737)
Size (#tweets): 3500
Dimension (#neighbours): 625
625 2-neighbors in graph
==================================
Loading training set for user @elprofesionalll (id 142800528)
Size (#tweets): 3500
Dimension (#neighbours): 634
634 2-neighbors in graph
==================================
Loading training set for user RadioLaRioja.com.ar (id 18623370)
Size (#tweets): 3500
Dimension (#neighbours): 410
410 2-neighbors in graph
==================================
Loading training set for user Leandro Deyuanini (id 37226353)
Size (#tweets): 3500
Dimension (#neighbours): 401
401 2-neighbors in graph
==================================
Loading training set for user res non verba  (id 195412602)
Size (#tweets): 3500
Dimension (#neighbours): 993
993 2-neighbors in graph
==================================
Loading training set for user Ministra del Patache (id 54943340)
Size (#tweets): 3500
Dimension (#neighbours): 868
868 2-neighbors in graph
==================================
Loading training set for user Horacio Roggero (id 1311735576)
Size (#tweets): 3500
Dimension (#neighbours): 565
565 2-neighbors in graph
==================================
Loading training set for user Alejandro (id 80462161)
Size (#tweets): 3500
Dimension (#neighbours): 553
553 2-neighbors in graph
==================================
Loading training set for user ✌TeresitaSilva✌ (id 110325813)
Size (#tweets): 3500
Dimension (#neighbours): 444
444 2-neighbors in graph
==================================
Loading training set for user #CorrupcionPRO (id 254316467)
Size (#tweets): 3500
Dimension (#neighbours): 691
691 2-neighbors in graph
==================================
Loading training set for user Pedro J. Ramírez (id 263780425)
Size (#tweets): 3500
Dimension (#neighbours): 326
326 2-neighbors in graph
==================================
Loading training set for user Maria Valenzuela (id 778653451)
Size (#tweets): 3500
Dimension (#neighbours): 735
735 2-neighbors in graph
==================================
Loading training set for user Alejandra Paz (id 146431317)
Size (#tweets): 3500
Dimension (#neighbours): 383
383 2-neighbors in graph
==================================
Loading training set for user Pablo Lopez Fiorito (id 90453671)
Size (#tweets): 3500
Dimension (#neighbours): 571
571 2-neighbors in graph
==================================
Loading training set for user CESAR (id 60239907)
Size (#tweets): 3500
Dimension (#neighbours): 467
467 2-neighbors in graph
==================================
Loading training set for user #NoFueMagia #CFK (id 226011872)
Size (#tweets): 3500
Dimension (#neighbours): 535
535 2-neighbors in graph
==================================
Loading training set for user IVI POCASPULGAS (id 214777467)
Size (#tweets): 3500
Dimension (#neighbours): 453
453 2-neighbors in graph
==================================
Loading training set for user #Raúl Daniel Medina (id 147078123)
Size (#tweets): 3500
Dimension (#neighbours): 560
560 2-neighbors in graph
==================================
Loading training set for user #товарищ samsa (id 171990897)
Size (#tweets): 3500
Dimension (#neighbours): 516
516 2-neighbors in graph
==================================
Loading training set for user rodolfofast (id 178731620)
Size (#tweets): 3500
Dimension (#neighbours): 564
564 2-neighbors in graph
==================================
Loading training set for user   Claudio Williman   (id 188525384)
Size (#tweets): 3500
Dimension (#neighbours): 364
364 2-neighbors in graph
==================================
Loading training set for user ҚariиoOlgoDesakatado (id 219788847)
Size (#tweets): 3500
Dimension (#neighbours): 387
387 2-neighbors in graph
==================================
Loading training set for user EmmaDLRS✌ (id 562601076)
Size (#tweets): 3500
Dimension (#neighbours): 488
488 2-neighbors in graph
==================================
Loading training set for user Tano  (id 171110904)
Size (#tweets): 3500
Dimension (#neighbours): 386
386 2-neighbors in graph
==================================
Loading training set for user Gustavo Gomez (id 203030351)
Size (#tweets): 3500
Dimension (#neighbours): 572
572 2-neighbors in graph
==================================
Loading training set for user Brofe Laden  (id 214986628)
Size (#tweets): 3500
Dimension (#neighbours): 565
565 2-neighbors in graph
==================================
Loading training set for user Mauro Osorio (id 263872477)
Size (#tweets): 3500
Dimension (#neighbours): 236
236 2-neighbors in graph
==================================
Loading training set for user LoboSolitario (id 36997365)
Size (#tweets): 3500
Dimension (#neighbours): 564
564 2-neighbors in graph
==================================
Loading training set for user Silvio ® (id 321389148)
Size (#tweets): 3500
Dimension (#neighbours): 522
522 2-neighbors in graph
==================================
Loading training set for user Tuitero K (id 283762641)
Size (#tweets): 3500
Dimension (#neighbours): 677
677 2-neighbors in graph
==================================
Loading training set for user Valeria Fgl (id 155304314)
Size (#tweets): 3500
Dimension (#neighbours): 367
367 2-neighbors in graph
==================================
Loading training set for user Angeles Fernández R☆ (id 201413739)
Size (#tweets): 3500
Dimension (#neighbours): 576
576 2-neighbors in graph
==================================
Loading training set for user Santiago Bonifatti (id 334364707)
Size (#tweets): 3500
Dimension (#neighbours): 668
668 2-neighbors in graph
==================================
Loading training set for user #LaKicillof✌ (id 117183228)
Size (#tweets): 3500
Dimension (#neighbours): 619
619 2-neighbors in graph
==================================
Loading training set for user Sil Mann (id 312686640)
Size (#tweets): 3500
Dimension (#neighbours): 665
665 2-neighbors in graph
==================================
Loading training set for user El Perro Opina (id 186584578)
Size (#tweets): 3500
Dimension (#neighbours): 532
532 2-neighbors in graph
==================================
Loading training set for user Jorge Rizzo GdD (id 208575740)
Size (#tweets): 3500
Dimension (#neighbours): 311
311 2-neighbors in graph
==================================
Loading training set for user Carmen #LIBERTAD (id 158116807)
Size (#tweets): 3500
Dimension (#neighbours): 717
717 2-neighbors in graph
==================================
Loading training set for user Rosana Tortosa (id 152613501)
Size (#tweets): 3500
Dimension (#neighbours): 358
358 2-neighbors in graph
==================================
Loading training set for user Javier A Lewkowicz (id 101047126)
Size (#tweets): 3500
Dimension (#neighbours): 521
521 2-neighbors in graph
==================================
Loading training set for user Décimo Doctor (id 126527644)
Size (#tweets): 3500
Dimension (#neighbours): 814
814 2-neighbors in graph
==================================
Loading training set for user Unión Cívica Radical (id 114582574)
Size (#tweets): 3500
Dimension (#neighbours): 618
618 2-neighbors in graph
==================================
Loading training set for user sexpoerotica (id 144310601)
Size (#tweets): 3500
Dimension (#neighbours): 462
462 2-neighbors in graph
==================================
Loading training set for user Juan Muñoz (id 20611326)
Size (#tweets): 3500
Dimension (#neighbours): 703
703 2-neighbors in graph
==================================
Loading training set for user Anita (id 213047203)
Size (#tweets): 3500
Dimension (#neighbours): 915
915 2-neighbors in graph
==================================
Loading training set for user Puckienta  (id 173222615)
Size (#tweets): 3500
Dimension (#neighbours): 690
690 2-neighbors in graph
==================================
Loading training set for user Fabrizio  (id 237994358)
Size (#tweets): 3500
Dimension (#neighbours): 942
942 2-neighbors in graph
==================================
Loading training set for user Mauricio Maronna (id 147800890)
Size (#tweets): 3500
Dimension (#neighbours): 674
674 2-neighbors in graph
==================================
Loading training set for user Principio Esperanza (id 150783792)
Size (#tweets): 3500
Dimension (#neighbours): 637
637 2-neighbors in graph
==================================
Loading training set for user Partido MILES (id 241991145)
Size (#tweets): 3500
Dimension (#neighbours): 712
712 2-neighbors in graph
==================================
Loading training set for user Gustavo Sáenz (id 935088068)
Size (#tweets): 3500
Dimension (#neighbours): 698
698 2-neighbors in graph
==================================
Loading training set for user Horacio CARP (id 188895783)
Size (#tweets): 3500
Dimension (#neighbours): 709
709 2-neighbors in graph
==================================
Loading training set for user adrian corbella (id 623334075)
Size (#tweets): 3500
Dimension (#neighbours): 548
548 2-neighbors in graph
==================================
Loading training set for user roberto bustamante (id 5033321)
Size (#tweets): 3500
Dimension (#neighbours): 894
894 2-neighbors in graph
==================================
Loading training set for user Libres del Sur (id 138835591)
Size (#tweets): 3500
Dimension (#neighbours): 564
564 2-neighbors in graph
==================================
Loading training set for user Claudia Calvin (id 20292293)
Size (#tweets): 3500
Dimension (#neighbours): 732
732 2-neighbors in graph
==================================
Loading training set for user DOLORES (id 187453746)
Size (#tweets): 3500
Dimension (#neighbours): 828
828 2-neighbors in graph
==================================
Loading training set for user Julio Martín Olás (id 188617212)
Size (#tweets): 3500
Dimension (#neighbours): 806
806 2-neighbors in graph
==================================
Loading training set for user #LibertadOSumisión (id 160768274)
Size (#tweets): 3500
Dimension (#neighbours): 577
577 2-neighbors in graph
==================================
Loading training set for user Dardo Trentoian (id 118500492)
Size (#tweets): 3500
Dimension (#neighbours): 631
631 2-neighbors in graph
==================================
Loading training set for user Greta-ElRegreso (id 143685841)
Size (#tweets): 3500
Dimension (#neighbours): 527
527 2-neighbors in graph
==================================
Loading training set for user carlos patiño (id 199982337)
Size (#tweets): 3500
Dimension (#neighbours): 397
397 2-neighbors in graph
==================================
Loading training set for user Alejandro Wald (id 157523545)
Size (#tweets): 3500
Dimension (#neighbours): 512
512 2-neighbors in graph
==================================
Loading training set for user Flavia Freidenberg (id 156351223)
Size (#tweets): 3500
Dimension (#neighbours): 953
953 2-neighbors in graph
==================================
Loading training set for user Pablo #River54#CFK ✌ (id 176669543)
Size (#tweets): 3500
Dimension (#neighbours): 616
616 2-neighbors in graph
==================================
Loading training set for user 13D09 #BastaDeBarras (id 146209361)
Size (#tweets): 3500
Dimension (#neighbours): 520
520 2-neighbors in graph
==================================
Loading training set for user NTN24 (id 133945128)
Size (#tweets): 3500
Dimension (#neighbours): 126
126 2-neighbors in graph
==================================
Loading training set for user Luis D'Elia (id 132704571)
Size (#tweets): 3500
Dimension (#neighbours): 585
585 2-neighbors in graph
==================================
Loading training set for user Esteban Godoy (id 119748967)
Size (#tweets): 3500
Dimension (#neighbours): 1047
1047 2-neighbors in graph
==================================
Loading training set for user Oscar ROCHA ALFARO (id 118547936)
Size (#tweets): 3500
Dimension (#neighbours): 509
509 2-neighbors in graph
==================================
Loading training set for user DAVID PASZUCKI (id 130959700)
Size (#tweets): 3500
Dimension (#neighbours): 217
217 2-neighbors in graph
==================================
Loading training set for user Nicolás Guglielmetti (id 79063686)
Size (#tweets): 3500
Dimension (#neighbours): 764
764 2-neighbors in graph
==================================
Loading training set for user sergio polite (id 178432723)
Size (#tweets): 3500
Dimension (#neighbours): 690
690 2-neighbors in graph
==================================
Loading training set for user marcelo petroni (id 146715656)
Size (#tweets): 3500
Dimension (#neighbours): 494
494 2-neighbors in graph
==================================
Loading training set for user Ariel Judas (id 74660411)
Size (#tweets): 3500
Dimension (#neighbours): 794
794 2-neighbors in graph
==================================
Loading training set for user sofia mills (id 166576483)
Size (#tweets): 3500
Dimension (#neighbours): 320
320 2-neighbors in graph
==================================
Loading training set for user Nani Pardo (id 163481473)
Size (#tweets): 3500
Dimension (#neighbours): 472
472 2-neighbors in graph
==================================
Loading training set for user Marivi das Neves (id 50361675)
Size (#tweets): 3500
Dimension (#neighbours): 561
561 2-neighbors in graph
==================================
Loading training set for user N (id 173550390)
Size (#tweets): 3500
Dimension (#neighbours): 722
722 2-neighbors in graph
==================================
Loading training set for user Andres Alberto Ruffo (id 45220870)
Size (#tweets): 3500
Dimension (#neighbours): 544
544 2-neighbors in graph
==================================
Loading training set for user Pablo,un peronista K (id 173348160)
Size (#tweets): 3500
Dimension (#neighbours): 361
361 2-neighbors in graph
==================================
Loading training set for user Carlos A. Fassio (id 136487930)
Size (#tweets): 3500
Dimension (#neighbours): 694
694 2-neighbors in graph
==================================
Loading training set for user Patetos Wermus (id 186595337)
Size (#tweets): 3500
Dimension (#neighbours): 443
443 2-neighbors in graph
==================================
Loading training set for user La Jaula de la Moda (id 601015661)
Size (#tweets): 3500
Dimension (#neighbours): 474
474 2-neighbors in graph
==================================
Loading training set for user Osmar Cáceres (id 20489477)
Size (#tweets): 3500
Dimension (#neighbours): 1140
1140 2-neighbors in graph
==================================
Loading training set for user Dr Fayt (id 35710956)
Size (#tweets): 3500
Dimension (#neighbours): 530
530 2-neighbors in graph
==================================
Loading training set for user Hernán Laurino (id 53738889)
Size (#tweets): 3500
Dimension (#neighbours): 353
353 2-neighbors in graph
==================================
Loading training set for user #CatadoraDeBoludos (id 147249049)
Size (#tweets): 3500
Dimension (#neighbours): 452
452 2-neighbors in graph
==================================
Loading training set for user #AJoacNoLoTocan (id 62255061)
Size (#tweets): 3500
Dimension (#neighbours): 796
796 2-neighbors in graph
==================================
Loading training set for user andres ferraro (id 23486396)
Size (#tweets): 3500
Dimension (#neighbours): 495
495 2-neighbors in graph
==================================
Loading training set for user  ✌ GABY desaKatada ✌ (id 200302248)
Size (#tweets): 3500
Dimension (#neighbours): 378
378 2-neighbors in graph
==================================
Loading training set for user Cecy maya  (id 146655020)
Size (#tweets): 3500
Dimension (#neighbours): 631
631 2-neighbors in graph
==================================
Loading training set for user Diego Ruscitti (id 139914117)
Size (#tweets): 3500
Dimension (#neighbours): 659
659 2-neighbors in graph
==================================
Loading training set for user NicolasLopez (id 9527062)
Size (#tweets): 3500
Dimension (#neighbours): 1062
1062 2-neighbors in graph
==================================
Loading training set for user Martín Lasarte (id 107176039)
Size (#tweets): 3500
Dimension (#neighbours): 575
575 2-neighbors in graph
==================================
Loading training set for user Martin Appiolaza (id 28784256)
Size (#tweets): 3500
Dimension (#neighbours): 784
784 2-neighbors in graph
==================================
Loading training set for user Joaquín Balbis (id 148193563)
Size (#tweets): 3500
Dimension (#neighbours): 438
438 2-neighbors in graph
==================================
Loading training set for user #CristinaCumple (id 152821325)
Size (#tweets): 3500
Dimension (#neighbours): 636
636 2-neighbors in graph
==================================
Loading training set for user Adrián TerriZZano (id 138098855)
Size (#tweets): 3500
Dimension (#neighbours): 639
639 2-neighbors in graph
==================================
Loading training set for user Encuentro - Luján (id 270144571)
Size (#tweets): 3500
Dimension (#neighbours): 602
602 2-neighbors in graph
==================================
Loading training set for user Diana Maffía (id 57686497)
Size (#tweets): 3500
Dimension (#neighbours): 770
770 2-neighbors in graph
==================================
Loading training set for user Daniel Giacomino (id 155919261)
Size (#tweets): 3500
Dimension (#neighbours): 254
254 2-neighbors in graph
==================================
Loading training set for user Nicolas G. Varela (id 7888482)
Size (#tweets): 3500
Dimension (#neighbours): 1078
1078 2-neighbors in graph
==================================
Loading training set for user      bicimitológica  (id 66145322)
Size (#tweets): 3500
Dimension (#neighbours): 614
614 2-neighbors in graph
==================================
Loading training set for user Julio Garro (id 124222509)
Size (#tweets): 3500
Dimension (#neighbours): 365
365 2-neighbors in graph
==================================
Loading training set for user Bugman (id 258968955)
Size (#tweets): 3500
Dimension (#neighbours): 611
611 2-neighbors in graph
==================================
Loading training set for user comandobaltasar. (id 152769475)
Size (#tweets): 3500
Dimension (#neighbours): 582
582 2-neighbors in graph
==================================
Loading training set for user H.I.J.O.S. Capital (id 121039771)
Size (#tweets): 3500
Dimension (#neighbours): 435
435 2-neighbors in graph
==================================
Loading training set for user Diego Provenzano (id 716152460)
Size (#tweets): 3500
Dimension (#neighbours): 675
675 2-neighbors in graph
==================================
Loading training set for user Nacho Damonte (id 16469876)
Size (#tweets): 3500
Dimension (#neighbours): 794
794 2-neighbors in graph
==================================
Loading training set for user Mateo Ferrer (id 323417560)
Size (#tweets): 3500
Dimension (#neighbours): 387
387 2-neighbors in graph
==================================
Loading training set for user Patricio G. Talavera (id 186693730)
Size (#tweets): 3500
Dimension (#neighbours): 434
434 2-neighbors in graph
==================================
Loading training set for user Sabrina García (id 212650503)
Size (#tweets): 3500
Dimension (#neighbours): 692
692 2-neighbors in graph
==================================
Loading training set for user Car Dionisio Aguirre (id 8366982)
Size (#tweets): 3500
Dimension (#neighbours): 587
587 2-neighbors in graph
==================================
Loading training set for user Pascual Calicchio (id 43564780)
Size (#tweets): 3500
Dimension (#neighbours): 438
438 2-neighbors in graph
==================================
Loading training set for user Macacha Güemes (id 628409060)
Size (#tweets): 3500
Dimension (#neighbours): 497
497 2-neighbors in graph
==================================
Loading training set for user ele ene cé (id 17620434)
Size (#tweets): 3500
Dimension (#neighbours): 465
465 2-neighbors in graph
==================================
Loading training set for user Sergio Salinas Porto (id 28668781)
Size (#tweets): 3500
Dimension (#neighbours): 480
480 2-neighbors in graph
==================================
Loading training set for user Juan Carlos Argüello (id 154738110)
Size (#tweets): 3500
Dimension (#neighbours): 615
615 2-neighbors in graph
==================================
Loading training set for user #CRISnerista (id 186998381)
Size (#tweets): 3500
Dimension (#neighbours): 758
758 2-neighbors in graph
==================================
Loading training set for user Claudio Destefano (id 83119297)
Size (#tweets): 3500
Dimension (#neighbours): 879
879 2-neighbors in graph
==================================
Loading training set for user Diego Comba (id 229480408)
Size (#tweets): 3500
Dimension (#neighbours): 572
572 2-neighbors in graph
==================================
Loading training set for user Facundo E. Calderone (id 130234556)
Size (#tweets): 3500
Dimension (#neighbours): 752
752 2-neighbors in graph
==================================
Loading training set for user Martin Tetaz (id 166670881)
Size (#tweets): 3500
Dimension (#neighbours): 619
619 2-neighbors in graph
==================================
Loading training set for user Mariano Rinaldi (id 111866614)
Size (#tweets): 3500
Dimension (#neighbours): 436
436 2-neighbors in graph
==================================
Loading training set for user Eduardo de la Cruz (id 818229818)
Size (#tweets): 3500
Dimension (#neighbours): 641
641 2-neighbors in graph
==================================
Loading training set for user Dalina (id 145709292)
Size (#tweets): 3500
Dimension (#neighbours): 659
659 2-neighbors in graph
==================================
Loading training set for user MónikaMDQ (id 18145859)
Size (#tweets): 3500
Dimension (#neighbours): 722
722 2-neighbors in graph
==================================
Loading training set for user mockingbird (id 96022814)
Size (#tweets): 3500
Dimension (#neighbours): 643
643 2-neighbors in graph
==================================
Loading training set for user Fernando Ferrero  (id 49651047)
Size (#tweets): 3500
Dimension (#neighbours): 762
762 2-neighbors in graph
==================================
Loading training set for user AnA (id 151540361)
Size (#tweets): 3500
Dimension (#neighbours): 547
547 2-neighbors in graph
==================================
Loading training set for user Jorge Rausch McKenna (id 188376648)
Size (#tweets): 3500
Dimension (#neighbours): 504
504 2-neighbors in graph
==================================
Loading training set for user Cesar Sanchez (id 2722181)
Size (#tweets): 3500
Dimension (#neighbours): 419
419 2-neighbors in graph
==================================
Loading training set for user José E Castillo (id 47781723)
Size (#tweets): 3500
Dimension (#neighbours): 659
659 2-neighbors in graph
==================================
Loading training set for user Fabián Scabuzzo  (id 25066392)
Size (#tweets): 3500
Dimension (#neighbours): 689
689 2-neighbors in graph
==================================
Combined training set created.
Size (#tweets): 607635
Dimension (#neighbour buckets): 230
Creating test set based on remaining 59 users
==================================
Loading training set for user Agustina (id 164824570)
Size (#tweets): 3500
Dimension (#neighbours): 565
==================================
Loading training set for user Reskatista  (id 356464236)
Size (#tweets): 3500
Dimension (#neighbours): 555
==================================
Loading training set for user Hernán Giardini (id 329410435)
Size (#tweets): 3500
Dimension (#neighbours): 599
==================================
Loading training set for user Hernán Charosky (id 58209067)
Size (#tweets): 3500
Dimension (#neighbours): 327
==================================
Loading training set for user #8A#Once#NoVoteaCFK (id 153127426)
Size (#tweets): 3500
Dimension (#neighbours): 546
==================================
Loading training set for user Julián D'Angelo (id 179673885)
Size (#tweets): 3500
Dimension (#neighbours): 348
==================================
Loading training set for user Axel Escudero ️ (id 125363239)
Size (#tweets): 3500
Dimension (#neighbours): 753
==================================
Loading training set for user Mariano Montenegro (id 367853828)
Size (#tweets): 3500
Dimension (#neighbours): 515
==================================
Loading training set for user Aldo Abram (id 309812848)
Size (#tweets): 3500
Dimension (#neighbours): 510
==================================
Loading training set for user Miguel Pavlovsky (id 91919237)
Size (#tweets): 3500
Dimension (#neighbours): 251
==================================
Loading training set for user Luis García Fanlo (id 49041045)
Size (#tweets): 3500
Dimension (#neighbours): 920
==================================
Loading training set for user Leandro Prieto (id 42976687)
Size (#tweets): 3500
Dimension (#neighbours): 804
==================================
Loading training set for user Gonzalo Figueroa (id 1625949817)
Size (#tweets): 3500
Dimension (#neighbours): 918
==================================
Loading training set for user TICKETS BsAs (id 146453553)
Size (#tweets): 3500
Dimension (#neighbours): 445
==================================
Loading training set for user María Eugenia (id 127163121)
Size (#tweets): 3500
Dimension (#neighbours): 607
==================================
Loading training set for user Mercedes  (id 67699758)
Size (#tweets): 3500
Dimension (#neighbours): 378
==================================
Loading training set for user PABLO MARTEARENA  (id 183463551)
Size (#tweets): 3500
Dimension (#neighbours): 823
==================================
Loading training set for user Ruperto (id 263741712)
Size (#tweets): 3500
Dimension (#neighbours): 682
==================================
Loading training set for user C.Fernández Moores (id 75397992)
Size (#tweets): 3500
Dimension (#neighbours): 497
==================================
Loading training set for user Luis Omar Tapia (id 118085767)
Size (#tweets): 3500
Dimension (#neighbours): 805
==================================
Loading training set for user Alfredo Brie  (id 169806496)
Size (#tweets): 3500
Dimension (#neighbours): 711
==================================
Loading training set for user RAUL  NAC&POP (id 171971212)
Size (#tweets): 3500
Dimension (#neighbours): 572
==================================
Loading training set for user Graciela Berner (id 87599044)
Size (#tweets): 3500
Dimension (#neighbours): 598
==================================
Loading training set for user Monica Lopez (id 130941579)
Size (#tweets): 3500
Dimension (#neighbours): 564
==================================
Loading training set for user Federico Arreola (id 74153376)
Size (#tweets): 336
Dimension (#neighbours): 29
==================================
Loading training set for user OctbrE Mes d Cambio (id 7261072)
Size (#tweets): 3500
Dimension (#neighbours): 375
==================================
Loading training set for user Eli Ocampo (id 164236576)
Size (#tweets): 3500
Dimension (#neighbours): 550
==================================
Loading training set for user PedroTorresGuerrero (id 154225689)
Size (#tweets): 3500
Dimension (#neighbours): 486
==================================
Loading training set for user Majo ★#Tropa #Arg.★ (id 87606356)
Size (#tweets): 3500
Dimension (#neighbours): 581
==================================
Loading training set for user Lenny Cáceres  ♥♬  (id 221934374)
Size (#tweets): 3500
Dimension (#neighbours): 481
==================================
Loading training set for user ezequiel d. (id 256674213)
Size (#tweets): 3500
Dimension (#neighbours): 654
==================================
Loading training set for user La Placa Roja (id 223811224)
Size (#tweets): 3500
Dimension (#neighbours): 425
==================================
Loading training set for user Enrique Stola (id 157589057)
Size (#tweets): 3500
Dimension (#neighbours): 356
==================================
Loading training set for user Pedro Jorge Romero (id 1622441)
Size (#tweets): 2191
Dimension (#neighbours): 31
==================================
Loading training set for user Facundo Benegas (id 213462875)
Size (#tweets): 3500
Dimension (#neighbours): 602
==================================
Loading training set for user Enridesalta (id 151317587)
Size (#tweets): 3500
Dimension (#neighbours): 545
==================================
Loading training set for user #NiUnaMenos PMalanca (id 166394396)
Size (#tweets): 3500
Dimension (#neighbours): 423
==================================
Loading training set for user Claudio Minghetti (id 295873172)
Size (#tweets): 3500
Dimension (#neighbours): 443
==================================
Loading training set for user isa...así (id 186570446)
Size (#tweets): 3500
Dimension (#neighbours): 382
==================================
Loading training set for user Deportes BA (id 143524017)
Size (#tweets): 3500
Dimension (#neighbours): 429
==================================
Loading training set for user Seba Roggero (id 148125585)
Size (#tweets): 3500
Dimension (#neighbours): 389
==================================
Loading training set for user Valeria Román (id 42097354)
Size (#tweets): 3500
Dimension (#neighbours): 448
==================================
Loading training set for user Marcos J. Villalobo (id 210630945)
Size (#tweets): 3500
Dimension (#neighbours): 373
==================================
Loading training set for user ∞ Carol Φ (id 50661819)
Size (#tweets): 3500
Dimension (#neighbours): 438
==================================
Loading training set for user MaríaPastoraSandoval (id 822112)
Size (#tweets): 3500
Dimension (#neighbours): 355
==================================
Loading training set for user Juan Manuel González (id 151058509)
Size (#tweets): 3500
Dimension (#neighbours): 195
==================================
Loading training set for user ALEJANDRO OLMOS (id 125734567)
Size (#tweets): 3500
Dimension (#neighbours): 434
==================================
Loading training set for user MILES (id 1383498264)
Size (#tweets): 3500
Dimension (#neighbours): 893
==================================
Loading training set for user Boris Miranda (id 13438282)
Size (#tweets): 3500
Dimension (#neighbours): 982
==================================
Loading training set for user Cumbre 2015 (id 197176019)
Size (#tweets): 3500
Dimension (#neighbours): 483
==================================
Loading training set for user Rossana Reguillo (id 37857874)
Size (#tweets): 3500
Dimension (#neighbours): 984
==================================
Loading training set for user Juani sin filtro (id 128386349)
Size (#tweets): 3500
Dimension (#neighbours): 513
==================================
Loading training set for user Televisa Deportes (id 71303860)
Size (#tweets): 3500
Dimension (#neighbours): 45
==================================
Loading training set for user soviético (id 196478764)
Size (#tweets): 3500
Dimension (#neighbours): 635
==================================
Loading training set for user Evelyn (id 1566310694)
Size (#tweets): 3500
Dimension (#neighbours): 744
==================================
Loading training set for user Mundo D  (id 59857143)
Size (#tweets): 3500
Dimension (#neighbours): 843
==================================
Loading training set for user Mario Montoya (id 76684633)
Size (#tweets): 3500
Dimension (#neighbours): 474
==================================
Loading training set for user Mariano (id 85123028)
Size (#tweets): 3500
Dimension (#neighbours): 561
==================================
Loading training set for user pablorgarcia (id 54987976)
Size (#tweets): 3500
Dimension (#neighbours): 559
[02:10:42] WARNING: /home/conda/feedstock_root/build_artifacts/xgboost-split_1645117766796/work/src/learner.cc:576:
Parameters: { "silent" } might not be used.

  This could be a false alarm, with some parameters getting used by language bindings but
  then being mistakenly passed down to XGBoost core, or some parameter actually being used
  but getting flagged wrongly here. Please open an issue if you find any such cases.


[02:11:21] WARNING: /home/conda/feedstock_root/build_artifacts/xgboost-split_1645117766796/work/src/learner.cc:576:
Parameters: { "silent" } might not be used.

  This could be a false alarm, with some parameters getting used by language bindings but
  then being mistakenly passed down to XGBoost core, or some parameter actually being used
  but getting flagged wrongly here. Please open an issue if you find any such cases.


[02:12:01] WARNING: /home/conda/feedstock_root/build_artifacts/xgboost-split_1645117766796/work/src/learner.cc:576:
Parameters: { "silent" } might not be used.

  This could be a false alarm, with some parameters getting used by language bindings but
  then being mistakenly passed down to XGBoost core, or some parameter actually being used
  but getting flagged wrongly here. Please open an issue if you find any such cases.


[02:12:40] WARNING: /home/conda/feedstock_root/build_artifacts/xgboost-split_1645117766796/work/src/learner.cc:576:
Parameters: { "silent" } might not be used.

  This could be a false alarm, with some parameters getting used by language bindings but
  then being mistakenly passed down to XGBoost core, or some parameter actually being used
  but getting flagged wrongly here. Please open an issue if you find any such cases.


Loading pre-computed centralities
Computing bucketized dataset
new dataset will be created and saved to /home/pcelayes/repos/sna_classifier/data/datasets/dataset_combined_small_igraph_s360_b00_with_activity.pickle
Creating training set based on 135 users
==================================
Loading training set for user LAWRENCE JPD ARABIA  (id 228252737)
Size (#tweets): 3500
Dimension (#neighbours): 625
625 2-neighbors in graph
==================================
Loading training set for user @elprofesionalll (id 142800528)
Size (#tweets): 3500
Dimension (#neighbours): 634
634 2-neighbors in graph
==================================
Loading training set for user RadioLaRioja.com.ar (id 18623370)
Size (#tweets): 3500
Dimension (#neighbours): 410
410 2-neighbors in graph
==================================
Loading training set for user Leandro Deyuanini (id 37226353)
Size (#tweets): 3500
Dimension (#neighbours): 401
401 2-neighbors in graph
==================================
Loading training set for user res non verba  (id 195412602)
Size (#tweets): 3500
Dimension (#neighbours): 993
993 2-neighbors in graph
==================================
Loading training set for user Ministra del Patache (id 54943340)
Size (#tweets): 3500
Dimension (#neighbours): 868
868 2-neighbors in graph
==================================
Loading training set for user Horacio Roggero (id 1311735576)
Size (#tweets): 3500
Dimension (#neighbours): 565
565 2-neighbors in graph
==================================
Loading training set for user Alejandro (id 80462161)
Size (#tweets): 3500
Dimension (#neighbours): 553
553 2-neighbors in graph
==================================
Loading training set for user ✌TeresitaSilva✌ (id 110325813)
Size (#tweets): 3500
Dimension (#neighbours): 444
444 2-neighbors in graph
==================================
Loading training set for user #CorrupcionPRO (id 254316467)
Size (#tweets): 3500
Dimension (#neighbours): 691
691 2-neighbors in graph
==================================
Loading training set for user Pedro J. Ramírez (id 263780425)
Size (#tweets): 3500
Dimension (#neighbours): 326
326 2-neighbors in graph
==================================
Loading training set for user Maria Valenzuela (id 778653451)
Size (#tweets): 3500
Dimension (#neighbours): 735
735 2-neighbors in graph
==================================
Loading training set for user Alejandra Paz (id 146431317)
Size (#tweets): 3500
Dimension (#neighbours): 383
383 2-neighbors in graph
==================================
Loading training set for user Pablo Lopez Fiorito (id 90453671)
Size (#tweets): 3500
Dimension (#neighbours): 571
571 2-neighbors in graph
==================================
Loading training set for user CESAR (id 60239907)
Size (#tweets): 3500
Dimension (#neighbours): 467
467 2-neighbors in graph
==================================
Loading training set for user #NoFueMagia #CFK (id 226011872)
Size (#tweets): 3500
Dimension (#neighbours): 535
535 2-neighbors in graph
==================================
Loading training set for user IVI POCASPULGAS (id 214777467)
Size (#tweets): 3500
Dimension (#neighbours): 453
453 2-neighbors in graph
==================================
Loading training set for user #Raúl Daniel Medina (id 147078123)
Size (#tweets): 3500
Dimension (#neighbours): 560
560 2-neighbors in graph
==================================
Loading training set for user #товарищ samsa (id 171990897)
Size (#tweets): 3500
Dimension (#neighbours): 516
516 2-neighbors in graph
==================================
Loading training set for user rodolfofast (id 178731620)
Size (#tweets): 3500
Dimension (#neighbours): 564
564 2-neighbors in graph
==================================
Loading training set for user   Claudio Williman   (id 188525384)
Size (#tweets): 3500
Dimension (#neighbours): 364
364 2-neighbors in graph
==================================
Loading training set for user ҚariиoOlgoDesakatado (id 219788847)
Size (#tweets): 3500
Dimension (#neighbours): 387
387 2-neighbors in graph
==================================
Loading training set for user EmmaDLRS✌ (id 562601076)
Size (#tweets): 3500
Dimension (#neighbours): 488
488 2-neighbors in graph
==================================
Loading training set for user Tano  (id 171110904)
Size (#tweets): 3500
Dimension (#neighbours): 386
386 2-neighbors in graph
==================================
Loading training set for user Gustavo Gomez (id 203030351)
Size (#tweets): 3500
Dimension (#neighbours): 572
572 2-neighbors in graph
==================================
Loading training set for user Brofe Laden  (id 214986628)
Size (#tweets): 3500
Dimension (#neighbours): 565
565 2-neighbors in graph
==================================
Loading training set for user Mauro Osorio (id 263872477)
Size (#tweets): 3500
Dimension (#neighbours): 236
236 2-neighbors in graph
==================================
Loading training set for user LoboSolitario (id 36997365)
Size (#tweets): 3500
Dimension (#neighbours): 564
564 2-neighbors in graph
==================================
Loading training set for user Silvio ® (id 321389148)
Size (#tweets): 3500
Dimension (#neighbours): 522
522 2-neighbors in graph
==================================
Loading training set for user Tuitero K (id 283762641)
Size (#tweets): 3500
Dimension (#neighbours): 677
677 2-neighbors in graph
==================================
Loading training set for user Valeria Fgl (id 155304314)
Size (#tweets): 3500
Dimension (#neighbours): 367
367 2-neighbors in graph
==================================
Loading training set for user Angeles Fernández R☆ (id 201413739)
Size (#tweets): 3500
Dimension (#neighbours): 576
576 2-neighbors in graph
==================================
Loading training set for user Santiago Bonifatti (id 334364707)
Size (#tweets): 3500
Dimension (#neighbours): 668
668 2-neighbors in graph
==================================
Loading training set for user #LaKicillof✌ (id 117183228)
Size (#tweets): 3500
Dimension (#neighbours): 619
619 2-neighbors in graph
==================================
Loading training set for user Sil Mann (id 312686640)
Size (#tweets): 3500
Dimension (#neighbours): 665
665 2-neighbors in graph
==================================
Loading training set for user El Perro Opina (id 186584578)
Size (#tweets): 3500
Dimension (#neighbours): 532
532 2-neighbors in graph
==================================
Loading training set for user Jorge Rizzo GdD (id 208575740)
Size (#tweets): 3500
Dimension (#neighbours): 311
311 2-neighbors in graph
==================================
Loading training set for user Carmen #LIBERTAD (id 158116807)
Size (#tweets): 3500
Dimension (#neighbours): 717
717 2-neighbors in graph
==================================
Loading training set for user Rosana Tortosa (id 152613501)
Size (#tweets): 3500
Dimension (#neighbours): 358
358 2-neighbors in graph
==================================
Loading training set for user Javier A Lewkowicz (id 101047126)
Size (#tweets): 3500
Dimension (#neighbours): 521
521 2-neighbors in graph
==================================
Loading training set for user Décimo Doctor (id 126527644)
Size (#tweets): 3500
Dimension (#neighbours): 814
814 2-neighbors in graph
==================================
Loading training set for user Unión Cívica Radical (id 114582574)
Size (#tweets): 3500
Dimension (#neighbours): 618
618 2-neighbors in graph
==================================
Loading training set for user sexpoerotica (id 144310601)
Size (#tweets): 3500
Dimension (#neighbours): 462
462 2-neighbors in graph
==================================
Loading training set for user Juan Muñoz (id 20611326)
Size (#tweets): 3500
Dimension (#neighbours): 703
703 2-neighbors in graph
==================================
Loading training set for user Anita (id 213047203)
Size (#tweets): 3500
Dimension (#neighbours): 915
915 2-neighbors in graph
==================================
Loading training set for user Puckienta  (id 173222615)
Size (#tweets): 3500
Dimension (#neighbours): 690
690 2-neighbors in graph
==================================
Loading training set for user Fabrizio  (id 237994358)
Size (#tweets): 3500
Dimension (#neighbours): 942
942 2-neighbors in graph
==================================
Loading training set for user Mauricio Maronna (id 147800890)
Size (#tweets): 3500
Dimension (#neighbours): 674
674 2-neighbors in graph
==================================
Loading training set for user Principio Esperanza (id 150783792)
Size (#tweets): 3500
Dimension (#neighbours): 637
637 2-neighbors in graph
==================================
Loading training set for user Partido MILES (id 241991145)
Size (#tweets): 3500
Dimension (#neighbours): 712
712 2-neighbors in graph
==================================
Loading training set for user Gustavo Sáenz (id 935088068)
Size (#tweets): 3500
Dimension (#neighbours): 698
698 2-neighbors in graph
==================================
Loading training set for user Horacio CARP (id 188895783)
Size (#tweets): 3500
Dimension (#neighbours): 709
709 2-neighbors in graph
==================================
Loading training set for user adrian corbella (id 623334075)
Size (#tweets): 3500
Dimension (#neighbours): 548
548 2-neighbors in graph
==================================
Loading training set for user roberto bustamante (id 5033321)
Size (#tweets): 3500
Dimension (#neighbours): 894
894 2-neighbors in graph
==================================
Loading training set for user Libres del Sur (id 138835591)
Size (#tweets): 3500
Dimension (#neighbours): 564
564 2-neighbors in graph
==================================
Loading training set for user Claudia Calvin (id 20292293)
Size (#tweets): 3500
Dimension (#neighbours): 732
732 2-neighbors in graph
==================================
Loading training set for user DOLORES (id 187453746)
Size (#tweets): 3500
Dimension (#neighbours): 828
828 2-neighbors in graph
==================================
Loading training set for user Julio Martín Olás (id 188617212)
Size (#tweets): 3500
Dimension (#neighbours): 806
806 2-neighbors in graph
==================================
Loading training set for user #LibertadOSumisión (id 160768274)
Size (#tweets): 3500
Dimension (#neighbours): 577
577 2-neighbors in graph
==================================
Loading training set for user Dardo Trentoian (id 118500492)
Size (#tweets): 3500
Dimension (#neighbours): 631
631 2-neighbors in graph
==================================
Loading training set for user Greta-ElRegreso (id 143685841)
Size (#tweets): 3500
Dimension (#neighbours): 527
527 2-neighbors in graph
==================================
Loading training set for user carlos patiño (id 199982337)
Size (#tweets): 3500
Dimension (#neighbours): 397
397 2-neighbors in graph
==================================
Loading training set for user Alejandro Wald (id 157523545)
Size (#tweets): 3500
Dimension (#neighbours): 512
512 2-neighbors in graph
==================================
Loading training set for user Flavia Freidenberg (id 156351223)
Size (#tweets): 3500
Dimension (#neighbours): 953
953 2-neighbors in graph
==================================
Loading training set for user Pablo #River54#CFK ✌ (id 176669543)
Size (#tweets): 3500
Dimension (#neighbours): 616
616 2-neighbors in graph
==================================
Loading training set for user 13D09 #BastaDeBarras (id 146209361)
Size (#tweets): 3500
Dimension (#neighbours): 520
520 2-neighbors in graph
==================================
Loading training set for user NTN24 (id 133945128)
Size (#tweets): 3500
Dimension (#neighbours): 126
126 2-neighbors in graph
==================================
Loading training set for user Luis D'Elia (id 132704571)
Size (#tweets): 3500
Dimension (#neighbours): 585
585 2-neighbors in graph
==================================
Loading training set for user Esteban Godoy (id 119748967)
Size (#tweets): 3500
Dimension (#neighbours): 1047
1047 2-neighbors in graph
==================================
Loading training set for user Oscar ROCHA ALFARO (id 118547936)
Size (#tweets): 3500
Dimension (#neighbours): 509
509 2-neighbors in graph
==================================
Loading training set for user DAVID PASZUCKI (id 130959700)
Size (#tweets): 3500
Dimension (#neighbours): 217
217 2-neighbors in graph
==================================
Loading training set for user Nicolás Guglielmetti (id 79063686)
Size (#tweets): 3500
Dimension (#neighbours): 764
764 2-neighbors in graph
==================================
Loading training set for user sergio polite (id 178432723)
Size (#tweets): 3500
Dimension (#neighbours): 690
690 2-neighbors in graph
==================================
Loading training set for user marcelo petroni (id 146715656)
Size (#tweets): 3500
Dimension (#neighbours): 494
494 2-neighbors in graph
==================================
Loading training set for user Ariel Judas (id 74660411)
Size (#tweets): 3500
Dimension (#neighbours): 794
794 2-neighbors in graph
==================================
Loading training set for user sofia mills (id 166576483)
Size (#tweets): 3500
Dimension (#neighbours): 320
320 2-neighbors in graph
==================================
Loading training set for user Nani Pardo (id 163481473)
Size (#tweets): 3500
Dimension (#neighbours): 472
472 2-neighbors in graph
==================================
Loading training set for user Marivi das Neves (id 50361675)
Size (#tweets): 3500
Dimension (#neighbours): 561
561 2-neighbors in graph
==================================
Loading training set for user N (id 173550390)
Size (#tweets): 3500
Dimension (#neighbours): 722
722 2-neighbors in graph
==================================
Loading training set for user Andres Alberto Ruffo (id 45220870)
Size (#tweets): 3500
Dimension (#neighbours): 544
544 2-neighbors in graph
==================================
Loading training set for user Pablo,un peronista K (id 173348160)
Size (#tweets): 3500
Dimension (#neighbours): 361
361 2-neighbors in graph
==================================
Loading training set for user Carlos A. Fassio (id 136487930)
Size (#tweets): 3500
Dimension (#neighbours): 694
694 2-neighbors in graph
==================================
Loading training set for user Patetos Wermus (id 186595337)
Size (#tweets): 3500
Dimension (#neighbours): 443
443 2-neighbors in graph
==================================
Loading training set for user La Jaula de la Moda (id 601015661)
Size (#tweets): 3500
Dimension (#neighbours): 474
474 2-neighbors in graph
==================================
Loading training set for user Osmar Cáceres (id 20489477)
Size (#tweets): 3500
Dimension (#neighbours): 1140
1140 2-neighbors in graph
==================================
Loading training set for user Dr Fayt (id 35710956)
Size (#tweets): 3500
Dimension (#neighbours): 530
530 2-neighbors in graph
==================================
Loading training set for user Hernán Laurino (id 53738889)
Size (#tweets): 3500
Dimension (#neighbours): 353
353 2-neighbors in graph
==================================
Loading training set for user #CatadoraDeBoludos (id 147249049)
Size (#tweets): 3500
Dimension (#neighbours): 452
452 2-neighbors in graph
==================================
Loading training set for user #AJoacNoLoTocan (id 62255061)
Size (#tweets): 3500
Dimension (#neighbours): 796
796 2-neighbors in graph
==================================
Loading training set for user andres ferraro (id 23486396)
Size (#tweets): 3500
Dimension (#neighbours): 495
495 2-neighbors in graph
==================================
Loading training set for user  ✌ GABY desaKatada ✌ (id 200302248)
Size (#tweets): 3500
Dimension (#neighbours): 378
378 2-neighbors in graph
==================================
Loading training set for user Cecy maya  (id 146655020)
Size (#tweets): 3500
Dimension (#neighbours): 631
631 2-neighbors in graph
==================================
Loading training set for user Diego Ruscitti (id 139914117)
Size (#tweets): 3500
Dimension (#neighbours): 659
659 2-neighbors in graph
==================================
Loading training set for user NicolasLopez (id 9527062)
Size (#tweets): 3500
Dimension (#neighbours): 1062
1062 2-neighbors in graph
==================================
Loading training set for user Martín Lasarte (id 107176039)
Size (#tweets): 3500
Dimension (#neighbours): 575
575 2-neighbors in graph
==================================
Loading training set for user Martin Appiolaza (id 28784256)
Size (#tweets): 3500
Dimension (#neighbours): 784
784 2-neighbors in graph
==================================
Loading training set for user Joaquín Balbis (id 148193563)
Size (#tweets): 3500
Dimension (#neighbours): 438
438 2-neighbors in graph
==================================
Loading training set for user #CristinaCumple (id 152821325)
Size (#tweets): 3500
Dimension (#neighbours): 636
636 2-neighbors in graph
==================================
Loading training set for user Adrián TerriZZano (id 138098855)
Size (#tweets): 3500
Dimension (#neighbours): 639
639 2-neighbors in graph
==================================
Loading training set for user Encuentro - Luján (id 270144571)
Size (#tweets): 3500
Dimension (#neighbours): 602
602 2-neighbors in graph
==================================
Loading training set for user Diana Maffía (id 57686497)
Size (#tweets): 3500
Dimension (#neighbours): 770
770 2-neighbors in graph
==================================
Loading training set for user Daniel Giacomino (id 155919261)
Size (#tweets): 3500
Dimension (#neighbours): 254
254 2-neighbors in graph
==================================
Loading training set for user Nicolas G. Varela (id 7888482)
Size (#tweets): 3500
Dimension (#neighbours): 1078
1078 2-neighbors in graph
==================================
Loading training set for user      bicimitológica  (id 66145322)
Size (#tweets): 3500
Dimension (#neighbours): 614
614 2-neighbors in graph
==================================
Loading training set for user Julio Garro (id 124222509)
Size (#tweets): 3500
Dimension (#neighbours): 365
365 2-neighbors in graph
==================================
Loading training set for user Bugman (id 258968955)
Size (#tweets): 3500
Dimension (#neighbours): 611
611 2-neighbors in graph
==================================
Loading training set for user comandobaltasar. (id 152769475)
Size (#tweets): 3500
Dimension (#neighbours): 582
582 2-neighbors in graph
==================================
Loading training set for user H.I.J.O.S. Capital (id 121039771)
Size (#tweets): 3500
Dimension (#neighbours): 435
435 2-neighbors in graph
==================================
Loading training set for user Diego Provenzano (id 716152460)
Size (#tweets): 3500
Dimension (#neighbours): 675
675 2-neighbors in graph
==================================
Loading training set for user Nacho Damonte (id 16469876)
Size (#tweets): 3500
Dimension (#neighbours): 794
794 2-neighbors in graph
==================================
Loading training set for user Mateo Ferrer (id 323417560)
Size (#tweets): 3500
Dimension (#neighbours): 387
387 2-neighbors in graph
==================================
Loading training set for user Patricio G. Talavera (id 186693730)
Size (#tweets): 3500
Dimension (#neighbours): 434
434 2-neighbors in graph
==================================
Loading training set for user Sabrina García (id 212650503)
Size (#tweets): 3500
Dimension (#neighbours): 692
692 2-neighbors in graph
==================================
Loading training set for user Car Dionisio Aguirre (id 8366982)
Size (#tweets): 3500
Dimension (#neighbours): 587
587 2-neighbors in graph
==================================
Loading training set for user Pascual Calicchio (id 43564780)
Size (#tweets): 3500
Dimension (#neighbours): 438
438 2-neighbors in graph
==================================
Loading training set for user Macacha Güemes (id 628409060)
Size (#tweets): 3500
Dimension (#neighbours): 497
497 2-neighbors in graph
==================================
Loading training set for user ele ene cé (id 17620434)
Size (#tweets): 3500
Dimension (#neighbours): 465
465 2-neighbors in graph
==================================
Loading training set for user Sergio Salinas Porto (id 28668781)
Size (#tweets): 3500
Dimension (#neighbours): 480
480 2-neighbors in graph
==================================
Loading training set for user Juan Carlos Argüello (id 154738110)
Size (#tweets): 3500
Dimension (#neighbours): 615
615 2-neighbors in graph
==================================
Loading training set for user #CRISnerista (id 186998381)
Size (#tweets): 3500
Dimension (#neighbours): 758
758 2-neighbors in graph
==================================
Loading training set for user Claudio Destefano (id 83119297)
Size (#tweets): 3500
Dimension (#neighbours): 879
879 2-neighbors in graph
==================================
Loading training set for user Diego Comba (id 229480408)
Size (#tweets): 3500
Dimension (#neighbours): 572
572 2-neighbors in graph
==================================
Loading training set for user Facundo E. Calderone (id 130234556)
Size (#tweets): 3500
Dimension (#neighbours): 752
752 2-neighbors in graph
==================================
Loading training set for user Martin Tetaz (id 166670881)
Size (#tweets): 3500
Dimension (#neighbours): 619
619 2-neighbors in graph
==================================
Loading training set for user Mariano Rinaldi (id 111866614)
Size (#tweets): 3500
Dimension (#neighbours): 436
436 2-neighbors in graph
==================================
Loading training set for user Eduardo de la Cruz (id 818229818)
Size (#tweets): 3500
Dimension (#neighbours): 641
641 2-neighbors in graph
==================================
Loading training set for user Dalina (id 145709292)
Size (#tweets): 3500
Dimension (#neighbours): 659
659 2-neighbors in graph
==================================
Loading training set for user MónikaMDQ (id 18145859)
Size (#tweets): 3500
Dimension (#neighbours): 722
722 2-neighbors in graph
==================================
Loading training set for user mockingbird (id 96022814)
Size (#tweets): 3500
Dimension (#neighbours): 643
643 2-neighbors in graph
==================================
Loading training set for user Fernando Ferrero  (id 49651047)
Size (#tweets): 3500
Dimension (#neighbours): 762
762 2-neighbors in graph
==================================
Loading training set for user AnA (id 151540361)
Size (#tweets): 3500
Dimension (#neighbours): 547
547 2-neighbors in graph
==================================
Loading training set for user Jorge Rausch McKenna (id 188376648)
Size (#tweets): 3500
Dimension (#neighbours): 504
504 2-neighbors in graph
==================================
Loading training set for user Cesar Sanchez (id 2722181)
Size (#tweets): 3500
Dimension (#neighbours): 419
419 2-neighbors in graph
==================================
Loading training set for user José E Castillo (id 47781723)
Size (#tweets): 3500
Dimension (#neighbours): 659
659 2-neighbors in graph
==================================
Loading training set for user Fabián Scabuzzo  (id 25066392)
Size (#tweets): 3500
Dimension (#neighbours): 689
689 2-neighbors in graph
==================================
Combined training set created.
Size (#tweets): 607635
Dimension (#neighbour buckets): 360
Creating test set based on remaining 59 users
==================================
Loading training set for user Agustina (id 164824570)
Size (#tweets): 3500
Dimension (#neighbours): 565
==================================
Loading training set for user Reskatista  (id 356464236)
Size (#tweets): 3500
Dimension (#neighbours): 555
==================================
Loading training set for user Hernán Giardini (id 329410435)
Size (#tweets): 3500
Dimension (#neighbours): 599
==================================
Loading training set for user Hernán Charosky (id 58209067)
Size (#tweets): 3500
Dimension (#neighbours): 327
==================================
Loading training set for user #8A#Once#NoVoteaCFK (id 153127426)
Size (#tweets): 3500
Dimension (#neighbours): 546
==================================
Loading training set for user Julián D'Angelo (id 179673885)
Size (#tweets): 3500
Dimension (#neighbours): 348
==================================
Loading training set for user Axel Escudero ️ (id 125363239)
Size (#tweets): 3500
Dimension (#neighbours): 753
==================================
Loading training set for user Mariano Montenegro (id 367853828)
Size (#tweets): 3500
Dimension (#neighbours): 515
==================================
Loading training set for user Aldo Abram (id 309812848)
Size (#tweets): 3500
Dimension (#neighbours): 510
==================================
Loading training set for user Miguel Pavlovsky (id 91919237)
Size (#tweets): 3500
Dimension (#neighbours): 251
==================================
Loading training set for user Luis García Fanlo (id 49041045)
Size (#tweets): 3500
Dimension (#neighbours): 920
==================================
Loading training set for user Leandro Prieto (id 42976687)
Size (#tweets): 3500
Dimension (#neighbours): 804
==================================
Loading training set for user Gonzalo Figueroa (id 1625949817)
Size (#tweets): 3500
Dimension (#neighbours): 918
==================================
Loading training set for user TICKETS BsAs (id 146453553)
Size (#tweets): 3500
Dimension (#neighbours): 445
==================================
Loading training set for user María Eugenia (id 127163121)
Size (#tweets): 3500
Dimension (#neighbours): 607
==================================
Loading training set for user Mercedes  (id 67699758)
Size (#tweets): 3500
Dimension (#neighbours): 378
==================================
Loading training set for user PABLO MARTEARENA  (id 183463551)
Size (#tweets): 3500
Dimension (#neighbours): 823
==================================
Loading training set for user Ruperto (id 263741712)
Size (#tweets): 3500
Dimension (#neighbours): 682
==================================
Loading training set for user C.Fernández Moores (id 75397992)
Size (#tweets): 3500
Dimension (#neighbours): 497
==================================
Loading training set for user Luis Omar Tapia (id 118085767)
Size (#tweets): 3500
Dimension (#neighbours): 805
==================================
Loading training set for user Alfredo Brie  (id 169806496)
Size (#tweets): 3500
Dimension (#neighbours): 711
==================================
Loading training set for user RAUL  NAC&POP (id 171971212)
Size (#tweets): 3500
Dimension (#neighbours): 572
==================================
Loading training set for user Graciela Berner (id 87599044)
Size (#tweets): 3500
Dimension (#neighbours): 598
==================================
Loading training set for user Monica Lopez (id 130941579)
Size (#tweets): 3500
Dimension (#neighbours): 564
==================================
Loading training set for user Federico Arreola (id 74153376)
Size (#tweets): 336
Dimension (#neighbours): 29
==================================
Loading training set for user OctbrE Mes d Cambio (id 7261072)
Size (#tweets): 3500
Dimension (#neighbours): 375
==================================
Loading training set for user Eli Ocampo (id 164236576)
Size (#tweets): 3500
Dimension (#neighbours): 550
==================================
Loading training set for user PedroTorresGuerrero (id 154225689)
Size (#tweets): 3500
Dimension (#neighbours): 486
==================================
Loading training set for user Majo ★#Tropa #Arg.★ (id 87606356)
Size (#tweets): 3500
Dimension (#neighbours): 581
==================================
Loading training set for user Lenny Cáceres  ♥♬  (id 221934374)
Size (#tweets): 3500
Dimension (#neighbours): 481
==================================
Loading training set for user ezequiel d. (id 256674213)
Size (#tweets): 3500
Dimension (#neighbours): 654
==================================
Loading training set for user La Placa Roja (id 223811224)
Size (#tweets): 3500
Dimension (#neighbours): 425
==================================
Loading training set for user Enrique Stola (id 157589057)
Size (#tweets): 3500
Dimension (#neighbours): 356
==================================
Loading training set for user Pedro Jorge Romero (id 1622441)
Size (#tweets): 2191
Dimension (#neighbours): 31
==================================
Loading training set for user Facundo Benegas (id 213462875)
Size (#tweets): 3500
Dimension (#neighbours): 602
==================================
Loading training set for user Enridesalta (id 151317587)
Size (#tweets): 3500
Dimension (#neighbours): 545
==================================
Loading training set for user #NiUnaMenos PMalanca (id 166394396)
Size (#tweets): 3500
Dimension (#neighbours): 423
==================================
Loading training set for user Claudio Minghetti (id 295873172)
Size (#tweets): 3500
Dimension (#neighbours): 443
==================================
Loading training set for user isa...así (id 186570446)
Size (#tweets): 3500
Dimension (#neighbours): 382
==================================
Loading training set for user Deportes BA (id 143524017)
Size (#tweets): 3500
Dimension (#neighbours): 429
==================================
Loading training set for user Seba Roggero (id 148125585)
Size (#tweets): 3500
Dimension (#neighbours): 389
==================================
Loading training set for user Valeria Román (id 42097354)
Size (#tweets): 3500
Dimension (#neighbours): 448
==================================
Loading training set for user Marcos J. Villalobo (id 210630945)
Size (#tweets): 3500
Dimension (#neighbours): 373
==================================
Loading training set for user ∞ Carol Φ (id 50661819)
Size (#tweets): 3500
Dimension (#neighbours): 438
==================================
Loading training set for user MaríaPastoraSandoval (id 822112)
Size (#tweets): 3500
Dimension (#neighbours): 355
==================================
Loading training set for user Juan Manuel González (id 151058509)
Size (#tweets): 3500
Dimension (#neighbours): 195
==================================
Loading training set for user ALEJANDRO OLMOS (id 125734567)
Size (#tweets): 3500
Dimension (#neighbours): 434
==================================
Loading training set for user MILES (id 1383498264)
Size (#tweets): 3500
Dimension (#neighbours): 893
==================================
Loading training set for user Boris Miranda (id 13438282)
Size (#tweets): 3500
Dimension (#neighbours): 982
==================================
Loading training set for user Cumbre 2015 (id 197176019)
Size (#tweets): 3500
Dimension (#neighbours): 483
==================================
Loading training set for user Rossana Reguillo (id 37857874)
Size (#tweets): 3500
Dimension (#neighbours): 984
==================================
Loading training set for user Juani sin filtro (id 128386349)
Size (#tweets): 3500
Dimension (#neighbours): 513
==================================
Loading training set for user Televisa Deportes (id 71303860)
Size (#tweets): 3500
Dimension (#neighbours): 45
==================================
Loading training set for user soviético (id 196478764)
Size (#tweets): 3500
Dimension (#neighbours): 635
==================================
Loading training set for user Evelyn (id 1566310694)
Size (#tweets): 3500
Dimension (#neighbours): 744
==================================
Loading training set for user Mundo D  (id 59857143)
Size (#tweets): 3500
Dimension (#neighbours): 843
==================================
Loading training set for user Mario Montoya (id 76684633)
Size (#tweets): 3500
Dimension (#neighbours): 474
==================================
Loading training set for user Mariano (id 85123028)
Size (#tweets): 3500
Dimension (#neighbours): 561
==================================
Loading training set for user pablorgarcia (id 54987976)
Size (#tweets): 3500
Dimension (#neighbours): 559
 65%|███████████████████████████████████████                     | 13/20 [40:36:26<20:10:45, 10377.90s/trial, best loss: -0.007651997078017266]job exception: [Errno 28
] No space left on device

 65%|███████████████████████████████████████                     | 13/20 [40:37:17<21:52:23, 11249.06s/trial, best loss: -0.007651997078017266]
Traceback (most recent call last):
  File "experiments/_2_general_neighborhood_model/grid_xgb_hyperopt_nobuckets.py", line 133, in <module>
    best = fmin(objective, params_space, algo=tpe.suggest, max_evals=N_TRIALS, trials=trials, rstate=rstate)
  File "/home/pcelayes/miniconda3/envs/sna/lib/python3.8/site-packages/hyperopt/fmin.py", line 540, in fmin
    return trials.fmin(
  File "/home/pcelayes/miniconda3/envs/sna/lib/python3.8/site-packages/hyperopt/base.py", line 671, in fmin
    return fmin(
  File "/home/pcelayes/miniconda3/envs/sna/lib/python3.8/site-packages/hyperopt/fmin.py", line 586, in fmin
    rval.exhaust()
  File "/home/pcelayes/miniconda3/envs/sna/lib/python3.8/site-packages/hyperopt/fmin.py", line 364, in exhaust
    self.run(self.max_evals - n_done, block_until_done=self.asynchronous)
  File "/home/pcelayes/miniconda3/envs/sna/lib/python3.8/site-packages/hyperopt/fmin.py", line 300, in run
    self.serial_evaluate()
  File "/home/pcelayes/miniconda3/envs/sna/lib/python3.8/site-packages/hyperopt/fmin.py", line 178, in serial_evaluate
    result = self.domain.evaluate(spec, ctrl)
  File "/home/pcelayes/miniconda3/envs/sna/lib/python3.8/site-packages/hyperopt/base.py", line 892, in evaluate
    rval = self.fn(pyll_rval)
  File "experiments/_2_general_neighborhood_model/grid_xgb_hyperopt_nobuckets.py", line 98, in objective
    dataset = load_or_create_combined_dataset_small(g, centralities,
  File "/home/pcelayes/repos/sna_classifier/experiments/datasets.py", line 222, in load_or_create_combined_dataset_small
    pickle.dump(dataset, open(fname, 'wb'))
OSError: [Errno 28] No space left on device
(sna) pcelayes@atom:~/repos/sna_classifier$
