=============================
Evaluating for uid=37226353
Loading dataset...
OK
--------------------
Training Nearest Neighbors
Doesn't accept sample weight, calling without...
OK
Scores on test set.

             precision    recall  f1-score   support

        0.0       0.99      1.00      1.00     35876
        1.0       0.90      0.60      0.72       600

avg / total       0.99      0.99      0.99     36476

--------------------
Training Linear SVM
OK
Scores on test set.

             precision    recall  f1-score   support

        0.0       0.98      1.00      0.99     35876
        1.0       0.00      0.00      0.00       600

avg / total       0.97      0.98      0.98     36476

--------------------
Training RBF SVM
OK
Scores on test set.

             precision    recall  f1-score   support

        0.0       0.99      1.00      1.00     35876
        1.0       1.00      0.58      0.73       600

avg / total       0.99      0.99      0.99     36476

--------------------
Training Decision Tree
OK
Scores on test set.

             precision    recall  f1-score   support

        0.0       0.99      1.00      1.00     35876
        1.0       0.95      0.59      0.73       600

avg / total       0.99      0.99      0.99     36476

--------------------
Training Random Forest
OK
Scores on test set.

             precision    recall  f1-score   support

        0.0       0.99      1.00      1.00     35876
        1.0       0.96      0.59      0.73       600

avg / total       0.99      0.99      0.99     36476

--------------------
Training AdaBoost
OK
Scores on test set.

             precision    recall  f1-score   support

        0.0       0.98      1.00      0.99     35876
        1.0       0.00      0.00      0.00       600

avg / total       0.97      0.98      0.98     36476

--------------------
Training Naive Bayes
Doesn't accept sample weight, calling without...
OK
Scores on test set.

             precision    recall  f1-score   support

        0.0       1.00      0.66      0.79     35876
        1.0       0.05      0.98      0.09       600

avg / total       0.98      0.66      0.78     36476

--------------------
Training LDA
Doesn't accept sample weight, calling without...
OK
Scores on test set.

             precision    recall  f1-score   support

        0.0       1.00      0.98      0.99     35876
        1.0       0.40      0.87      0.55       600

avg / total       0.99      0.98      0.98     36476

--------------------
Training QDA
Doesn't accept sample weight, calling without...
OK
Scores on test set.

             precision    recall  f1-score   support

        0.0       1.00      0.73      0.84     35876
        1.0       0.06      0.97      0.11       600

avg / total       0.98      0.74      0.83     36476

