=============================
Evaluating for nbuckets=15
Loading dataset...
OK

--------------------
Training Linear SVM
Scores on test set.

             precision    recall  f1-score   support

        0.0       0.99      1.00      1.00   1996606
        1.0       0.00      0.00      0.00     16667

avg / total       0.98      0.99      0.99   2013273

--------------------
Training RBF SVM
Scores on test set.

             precision    recall  f1-score   support

        0.0       1.00      1.00      1.00   1996606
        1.0       1.00      0.85      0.92     16667

avg / total       1.00      1.00      1.00   2013273



--------------------
Training Decision Tree
Scores on test set.

             precision    recall  f1-score   support

        0.0       1.00      1.00      1.00   1996606
        1.0       1.00      0.86      0.92     16667

avg / total       1.00      1.00      1.00   2013273

--------------------
Training Random Forest
Scores on test set.

             precision    recall  f1-score   support

        0.0       1.00      1.00      1.00   1996606
        1.0       1.00      0.86      0.92     16667

avg / total       1.00      1.00      1.00   2013273

--------------------
Training AdaBoost
Scores on test set.

             precision    recall  f1-score   support

        0.0       0.99      1.00      1.00   1996606
        1.0       0.33      0.00      0.00     16667

avg / total       0.99      0.99      0.99   2013273

--------------------
Training Naive Bayes
Scores on test set.

             precision    recall  f1-score   support

        0.0       1.00      0.57      0.73   1996606
        1.0       0.02      0.92      0.03     16667

avg / total       0.99      0.58      0.72   2013273

--------------------
Training LDA
Scores on test set.

             precision    recall  f1-score   support

        0.0       0.99      1.00      1.00   1996606
        1.0       0.00      0.00      0.00     16667

avg / total       0.98      0.99      0.99   2013273

--------------------
Training QDA
Scores on test set.

             precision    recall  f1-score   support

        0.0       1.00      0.80      0.89   1996606
        1.0       0.04      0.90      0.07     16667

avg / total       0.99      0.80      0.88   2013273

