Switching to API Credentials #1
==================================
Loading dataframe for user Gustavo Gomez (id 203030351)
dataframe loaded.
Size (#tweets): 174663
Dimension (#neighbours): 572
Training DecisionTreeClassifier
Detailed classification report:

Scores on training set.

             precision    recall  f1-score   support

        0.0       1.00      1.00      1.00    121179
        1.0       1.00      0.94      0.97      1085

avg / total       1.00      1.00      1.00    122264

Scores on test set.

             precision    recall  f1-score   support

        0.0       1.00      1.00      1.00     51919
        1.0       0.98      0.94      0.96       480

avg / total       1.00      1.00      1.00     52399

==================================
Loading dataframe for user LAWRENCE JPD ARABIA  (id 228252737)
dataframe loaded.
Size (#tweets): 239699
Dimension (#neighbours): 625
Training DecisionTreeClassifier
Detailed classification report:

Scores on training set.

             precision    recall  f1-score   support

        0.0       1.00      1.00      1.00    165770
        1.0       1.00      0.85      0.92      2019

avg / total       1.00      1.00      1.00    167789

Scores on test set.

             precision    recall  f1-score   support

        0.0       1.00      1.00      1.00     71058
        1.0       0.95      0.81      0.87       852

avg / total       1.00      1.00      1.00     71910

Switching to API Credentials #1
==================================
Loading dataframe for user @elprofesionalll (id 142800528)
dataframe loaded.
Size (#tweets): 227342
Dimension (#neighbours): 634
Training DecisionTreeClassifier
Detailed classification report:

Scores on training set.

             precision    recall  f1-score   support

        0.0       1.00      1.00      1.00    157279
        1.0       1.00      0.89      0.94      1860

avg / total       1.00      1.00      1.00    159139

Scores on test set.

             precision    recall  f1-score   support

        0.0       1.00      1.00      1.00     67403
        1.0       0.96      0.86      0.91       800

avg / total       1.00      1.00      1.00     68203

==================================
Loading dataframe for user RadioLaRioja.com.ar (id 18623370)
dataframe loaded.
Size (#tweets): 105871
Dimension (#neighbours): 410
Training DecisionTreeClassifier
Detailed classification report:

Scores on training set.

             precision    recall  f1-score   support

        0.0       1.00      1.00      1.00     72430
        1.0       1.00      0.91      0.95      1679

avg / total       1.00      1.00      1.00     74109

Scores on test set.

             precision    recall  f1-score   support

        0.0       1.00      1.00      1.00     31047
        1.0       0.99      0.90      0.94       715

avg / total       1.00      1.00      1.00     31762

Switching to API Credentials #2
==================================
Loading dataframe for user Leandro Deyuanini (id 37226353)
dataframe loaded.
Size (#tweets): 121585
Dimension (#neighbours): 401
Training DecisionTreeClassifier
Detailed classification report:

Scores on training set.

             precision    recall  f1-score   support

        0.0       0.99      1.00      1.00     83716
        1.0       1.00      0.63      0.77      1393

avg / total       0.99      0.99      0.99     85109

Scores on test set.

             precision    recall  f1-score   support

        0.0       0.99      1.00      1.00     35902
        1.0       0.95      0.64      0.77       574

avg / total       0.99      0.99      0.99     36476

==================================
Loading dataframe for user Javier A Lewkowicz (id 101047126)
dataframe loaded.
Size (#tweets): 147924
Dimension (#neighbours): 521
Training DecisionTreeClassifier
Detailed classification report:

Scores on training set.

             precision    recall  f1-score   support

        0.0       1.00      1.00      1.00    102889
        1.0       1.00      0.95      0.97       657

avg / total       1.00      1.00      1.00    103546

Scores on test set.

             precision    recall  f1-score   support

        0.0       1.00      1.00      1.00     44105
        1.0       0.98      0.95      0.96       273

avg / total       1.00      1.00      1.00     44378

Switching to API Credentials #6
==================================
Loading dataframe for user Décimo Doctor (id 126527644)
dataframe loaded.
Size (#tweets): 322971
Dimension (#neighbours): 814
Training DecisionTreeClassifier
Detailed classification report:

Scores on training set.

             precision    recall  f1-score   support

        0.0       1.00      1.00      1.00    225163
        1.0       1.00      0.99      0.99       916

avg / total       1.00      1.00      1.00    226079

Scores on test set.

             precision    recall  f1-score   support

        0.0       1.00      1.00      1.00     96538
        1.0       0.99      0.98      0.99       354

avg / total       1.00      1.00      1.00     96892

==================================
Loading dataframe for user Unión Cívica Radical (id 114582574)
dataframe loaded.
Size (#tweets): 185847
Dimension (#neighbours): 618
Training DecisionTreeClassifier
Detailed classification report:

Scores on training set.

             precision    recall  f1-score   support

        0.0       1.00      1.00      1.00    129524
        1.0       1.00      0.80      0.89       568

avg / total       1.00      1.00      1.00    130092

Scores on test set.

             precision    recall  f1-score   support

        0.0       1.00      1.00      1.00     55517
        1.0       0.97      0.82      0.89       238

avg / total       1.00      1.00      1.00     55755

Switching to API Credentials #2
==================================
Loading dataframe for user sexpoerotica (id 144310601)
dataframe loaded.
Size (#tweets): 82063
Dimension (#neighbours): 462
Training DecisionTreeClassifier
Detailed classification report:

Scores on training set.

             precision    recall  f1-score   support

        0.0       1.00      1.00      1.00     56644
        1.0       1.00      0.99      1.00       800

avg / total       1.00      1.00      1.00     57444

Scores on test set.

             precision    recall  f1-score   support

        0.0       1.00      1.00      1.00     24309
        1.0       0.97      0.99      0.98       310

avg / total       1.00      1.00      1.00     24619

==================================
Loading dataframe for user Juan Muñoz (id 20611326)
dataframe loaded.
Size (#tweets): 212737
Dimension (#neighbours): 703
Training DecisionTreeClassifier
Detailed classification report:

Scores on training set.

             precision    recall  f1-score   support

        0.0       1.00      1.00      1.00    148291
        1.0       1.00      0.96      0.98       624

avg / total       1.00      1.00      1.00    148915

Scores on test set.

             precision    recall  f1-score   support

        0.0       1.00      1.00      1.00     63581
        1.0       0.97      0.96      0.97       241

avg / total       1.00      1.00      1.00     63822

Switching to API Credentials #8
==================================
Loading dataframe for user Evelyn (id 1566310694)
dataframe loaded.
Size (#tweets): 305666
Dimension (#neighbours): 744
Training DecisionTreeClassifier
Detailed classification report:

Scores on training set.

             precision    recall  f1-score   support

        0.0       1.00      1.00      1.00    213499
        1.0       1.00      1.00      1.00       467

avg / total       1.00      1.00      1.00    213966

Scores on test set.

             precision    recall  f1-score   support

        0.0       1.00      1.00      1.00     91501
        1.0       0.99      1.00      0.99       199

avg / total       1.00      1.00      1.00     91700

==================================
Loading dataframe for user Mundo D  (id 59857143)
dataframe loaded.
Size (#tweets): 222880
Dimension (#neighbours): 843
Training DecisionTreeClassifier
Detailed classification report:

Scores on training set.

             precision    recall  f1-score   support

        0.0       1.00      1.00      1.00    154971
        1.0       1.00      0.96      0.98      1045

avg / total       1.00      1.00      1.00    156016

Scores on test set.

             precision    recall  f1-score   support

        0.0       1.00      1.00      1.00     66395
        1.0       0.97      0.96      0.96       469

avg / total       1.00      1.00      1.00     66864

Switching to API Credentials #5
==================================
Loading dataframe for user Mario Montoya (id 76684633)
dataframe loaded.
Size (#tweets): 184886
Dimension (#neighbours): 474
Training DecisionTreeClassifier
Detailed classification report:

Scores on training set.

             precision    recall  f1-score   support

        0.0       1.00      1.00      1.00    129239
        1.0       1.00      0.89      0.94       181

avg / total       1.00      1.00      1.00    129420

Scores on test set.

             precision    recall  f1-score   support

        0.0       1.00      1.00      1.00     55375
        1.0       0.94      0.88      0.91        91

avg / total       1.00      1.00      1.00     55466

==================================
Loading dataframe for user Mariano (id 85123028)
dataframe loaded.
Size (#tweets): 238942
Dimension (#neighbours): 561
Training DecisionTreeClassifier
Detailed classification report:

Scores on training set.

             precision    recall  f1-score   support

        0.0       1.00      1.00      1.00    166126
        1.0       1.00      0.96      0.98      1133

avg / total       1.00      1.00      1.00    167259

Scores on test set.

             precision    recall  f1-score   support

        0.0       1.00      1.00      1.00     71196
        1.0       0.97      0.94      0.96       487

avg / total       1.00      1.00      1.00     71683

Switching to API Credentials #1
==================================
Loading dataframe for user pablorgarcia (id 54987976)
dataframe loaded.
Size (#tweets): 192571
Dimension (#neighbours): 559
Training DecisionTreeClassifier
Detailed classification report:

Scores on training set.

             precision    recall  f1-score   support

        0.0       1.00      1.00      1.00    134651
        1.0       1.00      0.86      0.92       148

avg / total       1.00      1.00      1.00    134799

Scores on test set.

             precision    recall  f1-score   support
dd
        0.0       1.00      1.00      1.00     57691
        1.0       0.89      0.79      0.84        81

avg / total       1.00      1.00      1.00     57772

Switching to API Credentials #4
==================================
Loading dataframe for user Nicolás Maduro (id 1252764865)
dataframe loaded.
Size (#tweets): 87285
Dimension (#neighbours): 112
Training DecisionTreeClassifier
Detailed classification report:

Scores on training set.

             precision    recall  f1-score   support

        0.0       0.99      1.00      1.00     59136
        1.0       1.00      0.84      0.91      1963

avg / total       0.99      0.99      0.99     61099

Scores on test set.

             precision    recall  f1-score   support

        0.0       1.00      1.00      1.00     25331
        1.0       0.99      0.86      0.92       855

avg / total       1.00      1.00      1.00     26186

==================================
Loading dataframe for user Juan M. Rapacioli (id 152657495)
dataframe loaded.
Size (#tweets): 137002
Dimension (#neighbours): 412
Training DecisionTreeClassifier
Detailed classification report:

Scores on training set.

             precision    recall  f1-score   support

        0.0       1.00      1.00      1.00     93918
        1.0       1.00      0.83      0.90      1983

avg / total       1.00      1.00      1.00     95901

Scores on test set.

             precision    recall  f1-score   support

        0.0       0.99      1.00      1.00     40242
        1.0       0.95      0.75      0.84       859

avg / total       0.99      0.99      0.99     41101

Switching to API Credentials #5
==================================
Loading dataframe for user Wakje (id 449712065)
dataframe loaded.
Size (#tweets): 227619
Dimension (#neighbours): 459
Training DecisionTreeClassifier
Detailed classification report:

Scores on training set.

             precision    recall  f1-score   support

        0.0       1.00      1.00      1.00    157255
        1.0       1.00      0.65      0.79      2078

avg / total       1.00      1.00      0.99    159333

Scores on test set.

             precision    recall  f1-score   support

        0.0       0.99      1.00      1.00     67419
        1.0       0.92      0.58      0.71       867

avg / total       0.99      0.99      0.99     68286

==================================
Loading dataframe for user Graciela Melgarejo (id 84156832)
dataframe loaded.
Size (#tweets): 141107
Dimension (#neighbours): 450
Training DecisionTreeClassifier
Detailed classification report:

Scores on training set.

             precision    recall  f1-score   support

        0.0       1.00      1.00      1.00     96841
        1.0       1.00      0.86      0.92      1933

avg / total       1.00      1.00      1.00     98774

Scores on test set.

             precision    recall  f1-score   support

        0.0       1.00      1.00      1.00     41439
        1.0       0.99      0.84      0.91       894

avg / total       1.00      1.00      1.00     42333

Switching to API Credentials #6
==================================
Loading dataframe for user Jose Cervera (id 169962449)
dataframe loaded.
Size (#tweets): 285266
Dimension (#neighbours): 673
Training DecisionTreeClassifier
Detailed classification report:

Scores on training set.

             precision    recall  f1-score   support

        0.0       1.00      1.00      1.00    197845
        1.0       1.00      0.87      0.93      1841

avg / total       1.00      1.00      1.00    199686

Scores on test set.

             precision    recall  f1-score   support

        0.0       1.00      1.00      1.00     84797
        1.0       0.99      0.86      0.92       783

avg / total       1.00      1.00      1.00     85580

==================================
Loading dataframe for user Andrea Rodriguez (id 2411324736)
dataframe loaded.
Size (#tweets): 159031
Dimension (#neighbours): 440
Training DecisionTreeClassifier
Detailed classification report:

Scores on training set.

             precision    recall  f1-score   support

        0.0       1.00      1.00      1.00    109367
        1.0       1.00      0.84      0.91      1954

avg / total       1.00      1.00      1.00    111321

Scores on test set.

             precision    recall  f1-score   support

        0.0       1.00      1.00      1.00     46955
        1.0       0.96      0.83      0.89       755

avg / total       1.00      1.00      1.00     47710

Switching to API Credentials #0
==================================
Loading dataframe for user Ministra del Patache (id 54943340)
dataframe loaded.
Size (#tweets): 368569
Dimension (#neighbours): 868
Training DecisionTreeClassifier
Detailed classification report:

Scores on training set.

             precision    recall  f1-score   support

        0.0       1.00      1.00      1.00    256015
        1.0       1.00      1.00      1.00      1983

avg / total       1.00      1.00      1.00    257998

Scores on test set.

             precision    recall  f1-score   support

        0.0       1.00      1.00      1.00    109724
        1.0       1.00      1.00      1.00       847

avg / total       1.00      1.00      1.00    110571

==================================
Loading dataframe for user Gustavo Leonardo (id 57195194)
dataframe loaded.
Size (#tweets): 125283
Dimension (#neighbours): 449
Training DecisionTreeClassifier
Detailed classification report:

Scores on training set.

             precision    recall  f1-score   support

        0.0       1.00      1.00      1.00     86171
        1.0       1.00      0.89      0.94      1527

avg / total       1.00      1.00      1.00     87698

Scores on test set.

             precision    recall  f1-score   support

        0.0       1.00      1.00      1.00     36898
        1.0       0.98      0.88      0.93       687

avg / total       1.00      1.00      1.00     37585

Switching to API Credentials #8
==================================
Loading dataframe for user J.M. Stella (id 308039808)
dataframe loaded.
Size (#tweets): 193883
Dimension (#neighbours): 509
Training DecisionTreeClassifier
Detailed classification report:

Scores on training set.

             precision    recall  f1-score   support

        0.0       1.00      1.00      1.00    133538
        1.0       1.00      0.83      0.91      2180

avg / total       1.00      1.00      1.00    135718

Scores on test set.

             precision    recall  f1-score   support

        0.0       1.00      1.00      1.00     57213
        1.0       0.98      0.79      0.88       952

avg / total       1.00      1.00      1.00     58165

==================================
Loading dataframe for user Mathew Ingram (id 824157)
dataframe loaded.
Size (#tweets): 169495
Dimension (#neighbours): 339
Training DecisionTreeClassifier
Detailed classification report:

Scores on training set.

             precision    recall  f1-score   support

        0.0       1.00      1.00      1.00    116750
        1.0       1.00      0.91      0.95      1896

avg / total       1.00      1.00      1.00    118646

Scores on test set.

             precision    recall  f1-score   support

        0.0       1.00      1.00      1.00     49914
        1.0       0.99      0.89      0.94       935

avg / total       1.00      1.00      1.00     50849

Switching to API Credentials #5
==================================
Loading dataframe for user Horacio Roggero (id 1311735576)
dataframe loaded.
Size (#tweets): 200183
Dimension (#neighbours): 565
Training DecisionTreeClassifier
Detailed classification report:

Scores on training set.

             precision    recall  f1-score   support

        0.0       1.00      1.00      1.00    138242
        1.0       1.00      0.85      0.92      1886

avg / total       1.00      1.00      1.00    140128

Scores on test set.

             precision    recall  f1-score   support

        0.0       1.00      1.00      1.00     59225
        1.0       0.98      0.82      0.89       830

avg / total       1.00      1.00      1.00     60055

==================================
Loading dataframe for user Alejandro (id 80462161)
dataframe loaded.
Size (#tweets): 211637
Dimension (#neighbours): 553
Training DecisionTreeClassifier
Detailed classification report:

Scores on training set.

             precision    recall  f1-score   support

        0.0       1.00      1.00      1.00    146068
        1.0       1.00      0.85      0.92      2077

avg / total       1.00      1.00      1.00    148145

Scores on test set.

             precision    recall  f1-score   support

        0.0       1.00      1.00      1.00     62596
        1.0       0.96      0.82      0.88       896

avg / total       1.00      1.00      1.00     63492

Switching to API Credentials #4
==================================
Loading dataframe for user ✌TeresitaSilva✌ (id 110325813)
dataframe loaded.
Size (#tweets): 159792
Dimension (#neighbours): 444
Training DecisionTreeClassifier
Detailed classification report:

Scores on training set.

             precision    recall  f1-score   support

        0.0       1.00      1.00      1.00    110281
        1.0       1.00      0.90      0.95      1573

avg / total       1.00      1.00      1.00    111854

Scores on test set.

             precision    recall  f1-score   support

        0.0       1.00      1.00      1.00     47307
        1.0       0.96      0.89      0.92       631

avg / total       1.00      1.00      1.00     47938

==================================
Loading dataframe for user #CorrupcionPRO (id 254316467)
dataframe loaded.
Size (#tweets): 259490
Dimension (#neighbours): 691
Training DecisionTreeClassifier
Detailed classification report:

Scores on training set.

             precision    recall  f1-score   support

        0.0       1.00      1.00      1.00    180479
        1.0       1.00      0.79      0.88      1164

avg / total       1.00      1.00      1.00    181643

Scores on test set.

             precision    recall  f1-score   support

        0.0       1.00      1.00      1.00     77357
        1.0       0.88      0.68      0.77       490

avg / total       1.00      1.00      1.00     77847

Switching to API Credentials #3
==================================
Loading dataframe for user Marc Andreessen (id 5943622)
dataframe loaded.
Size (#tweets): 187997
Dimension (#neighbours): 373
Training DecisionTreeClassifier
Detailed classification report:

Scores on training set.

             precision    recall  f1-score   support

        0.0       1.00      1.00      1.00    129941
        1.0       1.00      0.91      0.95      1656

avg / total       1.00      1.00      1.00    131597

Scores on test set.

             precision    recall  f1-score   support

        0.0       1.00      1.00      1.00     55719
        1.0       1.00      0.88      0.94       681

avg / total       1.00      1.00      1.00     56400

==================================
Loading dataframe for user Pedro J. Ramírez (id 263780425)
dataframe loaded.
Size (#tweets): 173666
Dimension (#neighbours): 326
Training DecisionTreeClassifier
Detailed classification report:

Scores on training set.

             precision    recall  f1-score   support

        0.0       1.00      1.00      1.00    120225
        1.0       1.00      0.96      0.98      1341

avg / total       1.00      1.00      1.00    121566

Scores on test set.

             precision    recall  f1-score   support

        0.0       1.00      1.00      1.00     51521
        1.0       1.00      0.96      0.98       579

avg / total       1.00      1.00      1.00     52100

Switching to API Credentials #5
==================================
Loading dataframe for user Maria Valenzuela (id 778653451)
dataframe loaded.
Size (#tweets): 275761
Dimension (#neighbours): 735
Training DecisionTreeClassifier
Detailed classification report:

Scores on training set.

             precision    recall  f1-score   support

        0.0       1.00      1.00      1.00    191555
        1.0       1.00      0.99      0.99      1477

avg / total       1.00      1.00      1.00    193032

Scores on test set.

             precision    recall  f1-score   support

        0.0       1.00      1.00      1.00     82129
        1.0       1.00      0.99      0.99       600

avg / total       1.00      1.00      1.00     82729

==================================
Loading dataframe for user Alejandra Paz (id 146431317)
dataframe loaded.
Size (#tweets): 109353
Dimension (#neighbours): 383
Training DecisionTreeClassifier
Detailed classification report:

Scores on training set.

             precision    recall  f1-score   support

        0.0       1.00      1.00      1.00     75475
        1.0       1.00      0.74      0.85      1072

avg / total       1.00      1.00      1.00     76547

Scores on test set.

             precision    recall  f1-score   support

        0.0       1.00      1.00      1.00     32329
        1.0       0.95      0.67      0.79       477

avg / total       0.99      0.99      0.99     32806

Switching to API Credentials #8
==================================
Loading dataframe for user Pablo Lopez Fiorito (id 90453671)
dataframe loaded.
Size (#tweets): 166429
Dimension (#neighbours): 571
Training DecisionTreeClassifier
Detailed classification report:

Scores on training set.

             precision    recall  f1-score   support

        0.0       1.00      1.00      1.00    115519
        1.0       1.00      0.96      0.98       981

avg / total       1.00      1.00      1.00    116500

Scores on test set.

             precision    recall  f1-score   support

        0.0       1.00      1.00      1.00     49501
        1.0       0.98      0.95      0.97       428

avg / total       1.00      1.00      1.00     49929

==================================
Loading dataframe for user CESAR (id 60239907)
dataframe loaded.
Size (#tweets): 161787
Dimension (#neighbours): 467
Training DecisionTreeClassifier
Detailed classification report:

Scores on training set.

             precision    recall  f1-score   support

        0.0       1.00      1.00      1.00    111870
        1.0       1.00      0.82      0.90      1380

avg / total       1.00      1.00      1.00    113250

Scores on test set.

             precision    recall  f1-score   support

        0.0       1.00      1.00      1.00     47943
        1.0       0.95      0.75      0.84       594

avg / total       1.00      1.00      1.00     48537

Switching to API Credentials #5
==================================
Loading dataframe for user #NoFueMagia #CFK (id 226011872)
dataframe loaded.
Size (#tweets): 208232
Dimension (#neighbours): 535
Training DecisionTreeClassifier
Detailed classification report:

Scores on training set.

             precision    recall  f1-score   support

        0.0       1.00      1.00      1.00    144577
        1.0       1.00      0.82      0.90      1185

avg / total       1.00      1.00      1.00    145762

Scores on test set.

             precision    recall  f1-score   support

        0.0       1.00      1.00      1.00     61981
        1.0       0.91      0.74      0.82       489

avg / total       1.00      1.00      1.00     62470

==================================
Loading dataframe for user IVI POCASPULGAS (id 214777467)
dataframe loaded.
Size (#tweets): 171211
Dimension (#neighbours): 453
Training DecisionTreeClassifier
Detailed classification report:

Scores on training set.

             precision    recall  f1-score   support

        0.0       1.00      1.00      1.00    118398
        1.0       1.00      0.93      0.96      1449

avg / total       1.00      1.00      1.00    119847

Scores on test set.

             precision    recall  f1-score   support

        0.0       1.00      1.00      1.00     50733
        1.0       0.97      0.90      0.94       631

avg / total       1.00      1.00      1.00     51364

Switching to API Credentials #7
==================================
Loading dataframe for user #Raúl Daniel Medina (id 147078123)
dataframe loaded.
Size (#tweets): 195085
Dimension (#neighbours): 560
Training DecisionTreeClassifier
Detailed classification report:

Scores on training set.

             precision    recall  f1-score   support

        0.0       1.00      1.00      1.00    134961
        1.0       1.00      0.91      0.95      1598

avg / total       1.00      1.00      1.00    136559

Scores on test set.

             precision    recall  f1-score   support

        0.0       1.00      1.00      1.00     57874
        1.0       0.96      0.83      0.89       652

avg / total       1.00      1.00      1.00     58526

==================================
Loading dataframe for user #товарищ samsa (id 171990897)
dataframe loaded.
Size (#tweets): 209268
Dimension (#neighbours): 516
Training DecisionTreeClassifier
Detailed classification report:

Scores on training set.

             precision    recall  f1-score   support

        0.0       1.00      1.00      1.00    144686
        1.0       1.00      0.77      0.87      1801

avg / total       1.00      1.00      1.00    146487

Scores on test set.

             precision    recall  f1-score   support

        0.0       1.00      1.00      1.00     61999
        1.0       0.97      0.77      0.86       782

avg / total       1.00      1.00      1.00     62781

Switching to API Credentials #6
==================================
Loading dataframe for user rodolfofast (id 178731620)
dataframe loaded.
Size (#tweets): 160769
Dimension (#neighbours): 564
Training DecisionTreeClassifier
Detailed classification report:

Scores on training set.

             precision    recall  f1-score   support

        0.0       1.00      1.00      1.00    110724
        1.0       1.00      0.98      0.99      1814

avg / total       1.00      1.00      1.00    112538

Scores on test set.

             precision    recall  f1-score   support

        0.0       1.00      1.00      1.00     47442
        1.0       0.99      0.97      0.98       789

avg / total       1.00      1.00      1.00     48231

==================================
Loading dataframe for user   Claudio Williman   (id 188525384)
dataframe loaded.
Size (#tweets): 136726
Dimension (#neighbours): 364
Training DecisionTreeClassifier
Detailed classification report:

Scores on training set.

             precision    recall  f1-score   support

        0.0       1.00      1.00      1.00     94537
        1.0       1.00      0.89      0.94      1171

avg / total       1.00      1.00      1.00     95708

Scores on test set.

             precision    recall  f1-score   support

        0.0       1.00      1.00      1.00     40515
        1.0       0.96      0.85      0.90       503

avg / total       1.00      1.00      1.00     41018

Switching to API Credentials #0
==================================
Loading dataframe for user ҚariиoOlgoDesakatado (id 219788847)
dataframe loaded.
Size (#tweets): 148757
Dimension (#neighbours): 387
Training DecisionTreeClassifier
Detailed classification report:

Scores on training set.

             precision    recall  f1-score   support

        0.0       1.00      1.00      1.00    102306
        1.0       1.00      0.91      0.95      1823

avg / total       1.00      1.00      1.00    104129

Scores on test set.

             precision    recall  f1-score   support

        0.0       1.00      1.00      1.00     43899
        1.0       0.96      0.89      0.93       729

avg / total       1.00      1.00      1.00     44628

==================================
Loading dataframe for user EmmaDLRS✌ (id 562601076)
dataframe loaded.
Size (#tweets): 197009
Dimension (#neighbours): 488
Training DecisionTreeClassifier
Detailed classification report:

Scores on training set.

             precision    recall  f1-score   support

        0.0       1.00      1.00      1.00    136960
        1.0       1.00      0.78      0.88       946

avg / total       1.00      1.00      1.00    137906

Scores on test set.

             precision    recall  f1-score   support

        0.0       1.00      1.00      1.00     58693
        1.0       0.86      0.66      0.75       410

avg / total       1.00      1.00      1.00     59103

Switching to API Credentials #2
==================================
Loading dataframe for user Tano  (id 171110904)
dataframe loaded.
Size (#tweets): 117355
Dimension (#neighbours): 386
Training DecisionTreeClassifier
Detailed classification report:

Scores on training set.

             precision    recall  f1-score   support

        0.0       1.00      1.00      1.00     80341
        1.0       1.00      0.88      0.94      1807

avg / total       1.00      1.00      1.00     82148

Scores on test set.

             precision    recall  f1-score   support

        0.0       1.00      1.00      1.00     34433
        1.0       0.98      0.86      0.92       774

avg / total       1.00      1.00      1.00     35207

==================================
Loading dataframe for user Brofe Laden  (id 214986628)
dataframe loaded.
Size (#tweets): 188690
Dimension (#neighbours): 565
Training DecisionTreeClassifier
Detailed classification report:

Scores on training set.

             precision    recall  f1-score   support

        0.0       1.00      1.00      1.00    130289
        1.0       1.00      0.96      0.98      1794

avg / total       1.00      1.00      1.00    132083

Scores on test set.

             precision    recall  f1-score   support

        0.0       1.00      1.00      1.00     55785
        1.0       0.98      0.92      0.95       822

avg / total       1.00      1.00      1.00     56607

Switching to API Credentials #2
==================================
Loading dataframe for user Mauro Osorio (id 263872477)
dataframe loaded.
Size (#tweets): 36815
Dimension (#neighbours): 236
Training DecisionTreeClassifier
Detailed classification report:

Scores on training set.

             precision    recall  f1-score   support

        0.0       1.00      1.00      1.00     23977
        1.0       1.00      0.97      0.98      1793

avg / total       1.00      1.00      1.00     25770

Scores on test set.

             precision    recall  f1-score   support

        0.0       1.00      1.00      1.00     10266
        1.0       0.99      0.97      0.98       779

avg / total       1.00      1.00      1.00     11045

==================================
Loading dataframe for user LoboSolitario (id 36997365)
dataframe loaded.
Size (#tweets): 222935
Dimension (#neighbours): 564
Training DecisionTreeClassifier
Detailed classification report:

Scores on training set.

             precision    recall  f1-score   support

        0.0       1.00      1.00      1.00    154806
        1.0       1.00      0.95      0.98      1248

avg / total       1.00      1.00      1.00    156054

Scores on test set.

             precision    recall  f1-score   support

        0.0       1.00      1.00      1.00     66334
        1.0       0.99      0.97      0.98       547

avg / total       1.00      1.00      1.00     66881

Switching to API Credentials #5
==================================
Loading dataframe for user Silvio ® (id 321389148)
dataframe loaded.
Size (#tweets): 201855
Dimension (#neighbours): 522
Training DecisionTreeClassifier
Detailed classification report:

Scores on training set.

             precision    recall  f1-score   support

        0.0       1.00      1.00      1.00    139481
        1.0       1.00      0.92      0.96      1817

avg / total       1.00      1.00      1.00    141298

Scores on test set.

             precision    recall  f1-score   support

        0.0       1.00      1.00      1.00     59752
        1.0       0.97      0.89      0.93       805

avg / total       1.00      1.00      1.00     60557

==================================
Loading dataframe for user Tuitero K (id 283762641)
dataframe loaded.
Size (#tweets): 261851
Dimension (#neighbours): 677
Training DecisionTreeClassifier
Detailed classification report:

Scores on training set.

             precision    recall  f1-score   support

        0.0       1.00      1.00      1.00    182080
        1.0       1.00      0.79      0.88      1215

avg / total       1.00      1.00      1.00    183295

Scores on test set.

             precision    recall  f1-score   support

        0.0       1.00      1.00      1.00     78031
        1.0       0.93      0.73      0.82       525

avg / total       1.00      1.00      1.00     78556

Switching to API Credentials #1
==================================
Loading dataframe for user Valeria Fgl (id 155304314)
dataframe loaded.
Size (#tweets): 93488
Dimension (#neighbours): 367
Training DecisionTreeClassifier
Detailed classification report:

Scores on training set.

             precision    recall  f1-score   support

        0.0       1.00      1.00      1.00     64391
        1.0       1.00      0.94      0.97      1050

avg / total       1.00      1.00      1.00     65441

Scores on test set.

             precision    recall  f1-score   support

        0.0       1.00      1.00      1.00     27552
        1.0       1.00      0.91      0.95       495

avg / total       1.00      1.00      1.00     28047

==================================
Loading dataframe for user Angeles Fernández R☆ (id 201413739)
dataframe loaded.
Size (#tweets): 300385
Dimension (#neighbours): 576
Training DecisionTreeClassifier
Detailed classification report:

Scores on training set.

             precision    recall  f1-score   support

        0.0       1.00      1.00      1.00    209151
        1.0       1.00      0.95      0.97      1118

avg / total       1.00      1.00      1.00    210269

Scores on test set.

             precision    recall  f1-score   support

        0.0       1.00      1.00      1.00     89615
        1.0       0.99      0.93      0.96       501

avg / total       1.00      1.00      1.00     90116

Switching to API Credentials #5
==================================
Loading dataframe for user Santiago Bonifatti (id 334364707)
dataframe loaded.
Size (#tweets): 205005
Dimension (#neighbours): 668
Training DecisionTreeClassifier
Detailed classification report:

Scores on training set.

             precision    recall  f1-score   support

        0.0       1.00      1.00      1.00    142775
        1.0       1.00      0.76      0.86       728

avg / total       1.00      1.00      1.00    143503

Scores on test set.

             precision    recall  f1-score   support

        0.0       1.00      1.00      1.00     61240
        1.0       0.95      0.81      0.87       262

avg / total       1.00      1.00      1.00     61502

==================================
Loading dataframe for user #LaKicillof✌ (id 117183228)
dataframe loaded.
Size (#tweets): 231677
Dimension (#neighbours): 619
Training DecisionTreeClassifier
Detailed classification report:

Scores on training set.

             precision    recall  f1-score   support

        0.0       1.00      1.00      1.00    161544
        1.0       1.00      0.76      0.87       629

avg / total       1.00      1.00      1.00    162173

Scores on test set.

             precision    recall  f1-score   support

        0.0       1.00      1.00      1.00     69236
        1.0       0.94      0.70      0.80       268

avg / total       1.00      1.00      1.00     69504

Switching to API Credentials #8
==================================
Loading dataframe for user Sil Mann (id 312686640)
dataframe loaded.
Size (#tweets): 163602
Dimension (#neighbours): 665
Training DecisionTreeClassifier
Detailed classification report:

Scores on training set.

             precision    recall  f1-score   support

        0.0       1.00      1.00      1.00    112622
        1.0       1.00      0.95      0.98      1899

avg / total       1.00      1.00      1.00    114521

Scores on test set.

             precision    recall  f1-score   support

        0.0       1.00      1.00      1.00     48307
        1.0       0.96      0.95      0.96       774

avg / total       1.00      1.00      1.00     49081

==================================
Loading dataframe for user El Perro Opina (id 186584578)
dataframe loaded.
Size (#tweets): 194233
Dimension (#neighbours): 532
Training DecisionTreeClassifier
Detailed classification report:

Scores on training set.

             precision    recall  f1-score   support

        0.0       1.00      1.00      1.00    134486
        1.0       1.00      0.96      0.98      1477

avg / total       1.00      1.00      1.00    135963

Scores on test set.

             precision    recall  f1-score   support

        0.0       1.00      1.00      1.00     57616
        1.0       0.99      0.96      0.97       654

avg / total       1.00      1.00      1.00     58270

Switching to API Credentials #1
==================================
Loading dataframe for user Jorge Rizzo GdD (id 208575740)
dataframe loaded.
Size (#tweets): 119238
Dimension (#neighbours): 311
Training DecisionTreeClassifier
Detailed classification report:

Scores on training set.

             precision    recall  f1-score   support

        0.0       1.00      1.00      1.00     82703
        1.0       1.00      0.94      0.97       763

avg / total       1.00      1.00      1.00     83466

Scores on test set.

             precision    recall  f1-score   support

        0.0       1.00      1.00      1.00     35416
        1.0       1.00      0.96      0.98       356

avg / total       1.00      1.00      1.00     35772

==================================
Loading dataframe for user Manuco (id 34503618)
Switching to API Credentials #7
==================================
Loading dataframe for user Carmen #LIBERTAD (id 158116807)
dataframe loaded.
Size (#tweets): 283457
Dimension (#neighbours): 717
Training DecisionTreeClassifier
Detailed classification report:

Scores on training set.

             precision    recall  f1-score   support

        0.0       1.00      1.00      1.00    197302
        1.0       1.00      0.95      0.98      1117

avg / total       1.00      1.00      1.00    198419

Scores on test set.

             precision    recall  f1-score   support

        0.0       1.00      1.00      1.00     84554
        1.0       0.99      0.95      0.97       484

avg / total       1.00      1.00      1.00     85038

==================================
Loading dataframe for user Rosana Tortosa (id 152613501)
dataframe loaded.
Size (#tweets): 115780
Dimension (#neighbours): 358
Training DecisionTreeClassifier
Detailed classification report:

Scores on training set.

             precision    recall  f1-score   support

        0.0       0.99      1.00      1.00     80154
        1.0       1.00      0.54      0.70       892

avg / total       0.99      0.99      0.99     81046

Scores on test set.

             precision    recall  f1-score   support

        0.0       0.99      1.00      1.00     34319
        1.0       0.91      0.48      0.63       415

avg / total       0.99      0.99      0.99     34734

Switching to API Credentials #6
==================================
Loading dataframe for user Anita (id 213047203)
dataframe loaded.
Size (#tweets): 368031
Dimension (#neighbours): 915
Training DecisionTreeClassifier
Detailed classification report:

Scores on training set.

             precision    recall  f1-score   support

        0.0       1.00      1.00      1.00    255587
        1.0       1.00      0.96      0.98      2034

avg / total       1.00      1.00      1.00    257621

Scores on test set.

             precision    recall  f1-score   support

        0.0       1.00      1.00      1.00    109547
        1.0       0.98      0.95      0.96       863

avg / total       1.00      1.00      1.00    110410

==================================
Loading dataframe for user Fabrizio  (id 237994358)
dataframe loaded.
Size (#tweets): 319140
Dimension (#neighbours): 942
Training DecisionTreeClassifier
Detailed classification report:

Scores on training set.

             precision    recall  f1-score   support

        0.0       1.00      1.00      1.00    221472
        1.0       1.00      0.96      0.98      1926

avg / total       1.00      1.00      1.00    223398

Scores on test set.

             precision    recall  f1-score   support

        0.0       1.00      1.00      1.00     94872
        1.0       0.98      0.94      0.96       870

avg / total       1.00      1.00      1.00     95742

Switching to API Credentials #6
==================================
Loading dataframe for user Mauricio Maronna (id 147800890)
dataframe loaded.
Size (#tweets): 236326
Dimension (#neighbours): 674
Training DecisionTreeClassifier
Detailed classification report:

Scores on training set.

             precision    recall  f1-score   support

        0.0       1.00      1.00      1.00    163536
        1.0       1.00      0.96      0.98      1892

avg / total       1.00      1.00      1.00    165428

Scores on test set.

             precision    recall  f1-score   support

        0.0       1.00      1.00      1.00     70129
        1.0       1.00      0.96      0.98       769

avg / total       1.00      1.00      1.00     70898

==================================
Loading dataframe for user Principio Esperanza (id 150783792)
dataframe loaded.
Size (#tweets): 295530
Dimension (#neighbours): 637
Training DecisionTreeClassifier
Detailed classification report:

Scores on training set.

             precision    recall  f1-score   support

        0.0       1.00      1.00      1.00    205960
        1.0       1.00      0.96      0.98       911

avg / total       1.00      1.00      1.00    206871

Scores on test set.

             precision    recall  f1-score   support

        0.0       1.00      1.00      1.00     88232
        1.0       1.00      0.96      0.98       427

avg / total       1.00      1.00      1.00     88659

