###################################
Transforming and combining training sets
==================================
Loading training set for user Gustavo Gomez (id 203030351)
Size (#tweets): 122264
Dimension (#neighbours): 572
==================================
Loading training set for user LAWRENCE JPD ARABIA  (id 228252737)
Size (#tweets): 167789
Dimension (#neighbours): 625
==================================
Loading training set for user @elprofesionalll (id 142800528)
Size (#tweets): 159139
Dimension (#neighbours): 634
==================================
Loading training set for user RadioLaRioja.com.ar (id 18623370)
Size (#tweets): 74109
Dimension (#neighbours): 410
==================================
Loading training set for user Leandro Deyuanini (id 37226353)
Size (#tweets): 85109
Dimension (#neighbours): 401
==================================
Loading training set for user Javier A Lewkowicz (id 101047126)
Size (#tweets): 103546
Dimension (#neighbours): 521
==================================
Loading training set for user Décimo Doctor (id 126527644)
Size (#tweets): 226079
Dimension (#neighbours): 814
==================================
Loading training set for user Unión Cívica Radical (id 114582574)
Size (#tweets): 130092
Dimension (#neighbours): 618
==================================
Loading training set for user sexpoerotica (id 144310601)
Size (#tweets): 57444
Dimension (#neighbours): 462
==================================
Loading training set for user Juan Muñoz (id 20611326)
Size (#tweets): 148915
Dimension (#neighbours): 703
==================================
Loading training set for user Evelyn (id 1566310694)
Size (#tweets): 213966
Dimension (#neighbours): 744
==================================
Loading training set for user Mundo D  (id 59857143)
Size (#tweets): 156016
Dimension (#neighbours): 843
==================================
Loading training set for user Mario Montoya (id 76684633)
Size (#tweets): 129420
Dimension (#neighbours): 474
==================================
Loading training set for user Mariano (id 85123028)
Size (#tweets): 167259
Dimension (#neighbours): 561
==================================
Loading training set for user pablorgarcia (id 54987976)
Size (#tweets): 134799
Dimension (#neighbours): 559
==================================
Combined training set created.
Size (#tweets): 2075946
Dimension (#neighbour buckets): 100
###################################
Training RandomForestClassifier on combined training set
Scores on training set.

             precision    recall  f1-score   support

        0.0       1.00      1.00      1.00   2061373
        1.0       1.00      0.88      0.94     14573

avg / total       1.00      1.00      1.00   2075946

###################################
Evaluating on individual test sets
==================================
Loading dataset for user Gustavo Gomez (id 203030351)
Transformed test set created.
Size (#tweets): 100
Dimension (#neighbour buckets): 100
Scores on test set.

             precision    recall  f1-score   support

        0.0       1.00      1.00      1.00     51950
        1.0       1.00      0.92      0.96       449

avg / total       1.00      1.00      1.00     52399

==================================
Loading dataset for user LAWRENCE JPD ARABIA  (id 228252737)
Transformed test set created.
Size (#tweets): 100
Dimension (#neighbour buckets): 100
Scores on test set.

             precision    recall  f1-score   support

        0.0       1.00      1.00      1.00     71068
        1.0       0.99      0.82      0.90       842

avg / total       1.00      1.00      1.00     71910

==================================
Loading dataset for user @elprofesionalll (id 142800528)
Transformed test set created.
Size (#tweets): 100
Dimension (#neighbour buckets): 100
Scores on test set.

             precision    recall  f1-score   support

        0.0       1.00      1.00      1.00     67414
        1.0       0.99      0.85      0.91       789

avg / total       1.00      1.00      1.00     68203

==================================
Loading dataset for user RadioLaRioja.com.ar (id 18623370)
Transformed test set created.
Size (#tweets): 100
Dimension (#neighbour buckets): 100
Scores on test set.

             precision    recall  f1-score   support

        0.0       1.00      1.00      1.00     31051
        1.0       1.00      0.91      0.95       711

avg / total       1.00      1.00      1.00     31762

==================================
Loading dataset for user Leandro Deyuanini (id 37226353)
Transformed test set created.
Size (#tweets): 100
Dimension (#neighbour buckets): 100
Scores on test set.

             precision    recall  f1-score   support

        0.0       0.99      1.00      1.00     35876
        1.0       1.00      0.58      0.73       600

avg / total       0.99      0.99      0.99     36476

==================================
Loading dataset for user Javier A Lewkowicz (id 101047126)
Transformed test set created.
Size (#tweets): 100
Dimension (#neighbour buckets): 100
Scores on test set.

             precision    recall  f1-score   support

        0.0       1.00      1.00      1.00     44102
        1.0       0.99      0.95      0.97       276

avg / total       1.00      1.00      1.00     44378

==================================
Loading dataset for user Décimo Doctor (id 126527644)
Transformed test set created.
Size (#tweets): 100
Dimension (#neighbour buckets): 100
Scores on test set.

             precision    recall  f1-score   support

        0.0       1.00      1.00      1.00     96524
        1.0       0.99      0.98      0.99       368

avg / total       1.00      1.00      1.00     96892

==================================
Loading dataset for user Unión Cívica Radical (id 114582574)
Transformed test set created.
Size (#tweets): 100
Dimension (#neighbour buckets): 100
Scores on test set.

             precision    recall  f1-score   support

        0.0       1.00      1.00      1.00     55505
        1.0       1.00      0.80      0.89       250

avg / total       1.00      1.00      1.00     55755

==================================
Loading dataset for user sexpoerotica (id 144310601)
Transformed test set created.
Size (#tweets): 100
Dimension (#neighbour buckets): 100
Scores on test set.

             precision    recall  f1-score   support

        0.0       1.00      1.00      1.00     24286
        1.0       1.00      0.99      1.00       333

avg / total       1.00      1.00      1.00     24619

==================================
Loading dataset for user Juan Muñoz (id 20611326)
Transformed test set created.
Size (#tweets): 100
Dimension (#neighbour buckets): 100
Scores on test set.

             precision    recall  f1-score   support

        0.0       1.00      1.00      1.00     63571
        1.0       1.00      0.96      0.98       251

avg / total       1.00      1.00      1.00     63822

==================================
Loading dataset for user Evelyn (id 1566310694)
Transformed test set created.
Size (#tweets): 100
Dimension (#neighbour buckets): 100
Scores on test set.

             precision    recall  f1-score   support

        0.0       1.00      1.00      1.00     91495
        1.0       1.00      1.00      1.00       205

avg / total       1.00      1.00      1.00     91700

==================================
Loading dataset for user Mundo D  (id 59857143)
Transformed test set created.
Size (#tweets): 100
Dimension (#neighbour buckets): 100
Scores on test set.

             precision    recall  f1-score   support

        0.0       1.00      1.00      1.00     66391
        1.0       1.00      0.96      0.98       473

avg / total       1.00      1.00      1.00     66864

==================================
Loading dataset for user Mario Montoya (id 76684633)
Transformed test set created.
Size (#tweets): 100
Dimension (#neighbour buckets): 100
Scores on test set.

             precision    recall  f1-score   support

        0.0       1.00      1.00      1.00     55387
        1.0       1.00      0.84      0.91        79

avg / total       1.00      1.00      1.00     55466

==================================
Loading dataset for user Mariano (id 85123028)
Transformed test set created.
Size (#tweets): 100
Dimension (#neighbour buckets): 100
Scores on test set.

             precision    recall  f1-score   support

        0.0       1.00      1.00      1.00     71213
        1.0       1.00      0.95      0.97       470

avg / total       1.00      1.00      1.00     71683

==================================
Loading dataset for user pablorgarcia (id 54987976)
Transformed test set created.
Size (#tweets): 100
Dimension (#neighbour buckets): 100
Scores on test set.

             precision    recall  f1-score   support

        0.0       1.00      1.00      1.00     57702
        1.0       1.00      0.76      0.86        70

avg / total       1.00      1.00      1.00     57772
