Switching to API Credentials #5
=============================
Evaluating for nbuckets=5
Loading dataset...
OK
Training model...
OK
Evaluating on test set...
Scores on test set.

             precision    recall  f1-score   support

        0.0       1.00      1.00      1.00   1996606
        1.0       1.00      0.86      0.92     16667

avg / total       1.00      1.00      1.00   2013273

=============================
Evaluating for nbuckets=15
Loading dataset...
OK
Training model...
OK
Evaluating on test set...
Scores on test set.

             precision    recall  f1-score   support

        0.0       1.00      1.00      1.00   1996606
        1.0       1.00      0.86      0.92     16667

avg / total       1.00      1.00      1.00   2013273

=============================
Evaluating for nbuckets=25
Loading dataset...
OK
Training model...
OK
Evaluating on test set...
Scores on test set.

             precision    recall  f1-score   support

        0.0       1.00      1.00      1.00   1996606
        1.0       1.00      0.86      0.92     16667

avg / total       1.00      1.00      1.00   2013273

=============================
Evaluating for nbuckets=35
Loading dataset...
OK
Training model...
OK
Evaluating on test set...
Scores on test set.

             precision    recall  f1-score   support

        0.0       1.00      1.00      1.00   1996606
        1.0       1.00      0.86      0.93     16667

avg / total       1.00      1.00      1.00   2013273

=============================
Evaluating for nbuckets=45
Loading dataset...
