Switching to API Credentials #2
==============================
Processing 186998381 ( f1 5.83 %)
# Tuning hyper-parameters for f1

Best parameters set found on training set:

{'kernel': 'poly', 'C': 0.01, 'gamma': 0.1, 'class_weight': None}
Detailed classification report:

Scores on training set.
             precision    recall  f1-score   support

        0.0       1.00      1.00      1.00      3358
        1.0       1.00      1.00      1.00       142

avg / total       1.00      1.00      1.00      3500


Scores on test set.

             precision    recall  f1-score   support

        0.0       1.00      0.98      0.99       485
        1.0       0.56      0.93      0.70        15

avg / total       0.98      0.98      0.98       500


Results on old (pure social) model
Detailed classification report:

Scores on training set.

             precision    recall  f1-score   support

        0.0       1.00      0.00      0.00      3358
        1.0       0.04      1.00      0.08       142

avg / total       0.96      0.04      0.01      3500

Scores on test set.

             precision    recall  f1-score   support

        0.0       0.00      0.00      0.00       485
        1.0       0.03      1.00      0.06        15

avg / total       0.00      0.03      0.00       500

==============================
Processing 263741712 ( f1 54.55 %)
# Tuning hyper-parameters for f1

Best parameters set found on training set:

{'kernel': 'poly', 'C': 0.01, 'gamma': 0.1, 'class_weight': 'balanced'}
Detailed classification report:

Scores on training set.
             precision    recall  f1-score   support

        0.0       1.00      1.00      1.00      3415
        1.0       1.00      1.00      1.00        85

avg / total       1.00      1.00      1.00      3500


Scores on test set.

             precision    recall  f1-score   support

        0.0       0.99      0.97      0.98       492
        1.0       0.24      0.50      0.32         8

avg / total       0.98      0.97      0.97       500


Results on old (pure social) model
Detailed classification report:

Scores on training set.

             precision    recall  f1-score   support

        0.0       1.00      1.00      1.00      3415
        1.0       1.00      0.88      0.94        85

avg / total       1.00      1.00      1.00      3500

Scores on test set.

             precision    recall  f1-score   support

        0.0       0.99      1.00      0.99       492
        1.0       1.00      0.38      0.55         8

avg / total       0.99      0.99      0.99       500

==============================
Processing 213462875 ( f1 58.33 %)
# Tuning hyper-parameters for f1

Best parameters set found on training set:

{'kernel': 'poly', 'C': 0.01, 'gamma': 0.1, 'class_weight': 'balanced'}
Detailed classification report:

Scores on training set.
             precision    recall  f1-score   support

        0.0       1.00      1.00      1.00      3406
        1.0       1.00      1.00      1.00        94

avg / total       1.00      1.00      1.00      3500


Scores on test set.

             precision    recall  f1-score   support

        0.0       0.99      0.97      0.98       483
        1.0       0.41      0.65      0.50        17

avg / total       0.97      0.96      0.96       500


Results on old (pure social) model
Detailed classification report:

Scores on training set.

             precision    recall  f1-score   support

        0.0       0.99      1.00      1.00      3406
        1.0       1.00      0.64      0.78        94

avg / total       0.99      0.99      0.99      3500

Scores on test set.

             precision    recall  f1-score   support

        0.0       0.98      1.00      0.99       483
        1.0       1.00      0.41      0.58        17

avg / total       0.98      0.98      0.98       500

==============================
Processing 295873172 ( f1 58.82 %)
# Tuning hyper-parameters for f1

Best parameters set found on training set:

{'kernel': 'poly', 'C': 0.01, 'gamma': 0.1, 'class_weight': 'balanced'}
Detailed classification report:

Scores on training set.
             precision    recall  f1-score   support

        0.0       1.00      1.00      1.00      3410
        1.0       1.00      1.00      1.00        90

avg / total       1.00      1.00      1.00      3500


Scores on test set.

             precision    recall  f1-score   support

        0.0       0.98      0.98      0.98       488
        1.0       0.27      0.33      0.30        12

avg / total       0.97      0.96      0.96       500


Results on old (pure social) model
Detailed classification report:

Scores on training set.

             precision    recall  f1-score   support

        0.0       0.99      1.00      1.00      3410
        1.0       1.00      0.64      0.78        90

avg / total       0.99      0.99      0.99      3500

Scores on test set.

             precision    recall  f1-score   support

        0.0       0.99      1.00      0.99       488
        1.0       1.00      0.42      0.59        12

avg / total       0.99      0.99      0.98       500

==============================
Processing 173348160 ( f1 61.82 %)
# Tuning hyper-parameters for f1



OVERFITTING !!!!!