Switching to API Credentials #2
==============================
Processing 186998381 ( f1 5.83 %)
# Tuning hyper-parameters for f1

Best parameters set found on training set:

{'kernel': 'rbf', 'C': 1, 'gamma': 0.1, 'class_weight': 'balanced'}
Detailed classification report:

Scores on training set.
             precision    recall  f1-score   support

        0.0       1.00      1.00      1.00      3358
        1.0       1.00      1.00      1.00       142

avg / total       1.00      1.00      1.00      3500


Scores on test set.

             precision    recall  f1-score   support

        0.0       0.99      1.00      0.99       485
        1.0       1.00      0.60      0.75        15

avg / total       0.99      0.99      0.99       500


Results on old (pure social) model
Detailed classification report:

Scores on training set.

             precision    recall  f1-score   support

        0.0       1.00      0.00      0.00      3358
        1.0       0.04      1.00      0.08       142

avg / total       0.96      0.04      0.01      3500

Scores on test set.

             precision    recall  f1-score   support

        0.0       0.00      0.00      0.00       485
        1.0       0.03      1.00      0.06        15

avg / total       0.00      0.03      0.00       500

==============================
Processing 263741712 ( f1 54.55 %)
# Tuning hyper-parameters for f1







======================
Processing 143685841 ( f1 66.67 %)

# Tuning hyper-parameters for f1

Best parameters set found on training set:

{'kernel': 'poly', 'C': 1, 'gamma': 0.1, 'class_weight': 'balanced'}
Detailed classification report:

Scores on training set.
             precision    recall  f1-score   support

        0.0       1.00      1.00      1.00      3161
        1.0       1.00      1.00      1.00       339

avg / total       1.00      1.00      1.00      3500


Scores on test set.

             precision    recall  f1-score   support

        0.0       0.93      0.95      0.94       438
        1.0       0.60      0.53      0.56        62

avg / total       0.89      0.90      0.90       500
