Switching to API Credentials #4
==============================
Processing 186998381 ( f1 5.83 %)
# Tuning hyper-parameters for f1

Best parameters set found on training set:

{'kernel': 'rbf', 'C': 1, 'gamma': 0.1, 'class_weight': 'balanced'}
Detailed classification report:

Scores on training set.
             precision    recall  f1-score   support

        0.0       1.00      1.00      1.00      3358
        1.0       1.00      1.00      1.00       142

avg / total       1.00      1.00      1.00      3500


Scores on validation set.

             precision    recall  f1-score   support

        0.0       1.00      1.00      1.00       485
        1.0       1.00      0.93      0.97        15

avg / total       1.00      1.00      1.00       500


Scores on test set.

             precision    recall  f1-score   support

        0.0       0.99      0.98      0.99       967
        1.0       0.58      0.76      0.66        33

avg / total       0.98      0.97      0.98      1000

==============================
Processing 263741712 ( f1 54.55 %)
# Tuning hyper-parameters for f1

Best parameters set found on training set:

{'kernel': 'rbf', 'C': 0.1, 'gamma': 0.1, 'class_weight': 'balanced'}
Detailed classification report:

Scores on training set.
             precision    recall  f1-score   support

        0.0       1.00      1.00      1.00      3415
        1.0       0.99      1.00      0.99        85

avg / total       1.00      1.00      1.00      3500


Scores on test set.

             precision    recall  f1-score   support

        0.0       0.99      1.00      1.00       492
        1.0       1.00      0.50      0.67         8

avg / total       0.99      0.99      0.99       500


Scores on test set.

             precision    recall  f1-score   support

        0.0       0.99      0.99      0.99       978
        1.0       0.68      0.59      0.63        22

avg / total       0.98      0.98      0.98      1000

==============================
Processing 213462875 ( f1 58.33 %)
# Tuning hyper-parameters for f1

Best parameters set found on training set:

{'kernel': 'rbf', 'C': 0.1, 'gamma': 0.1, 'class_weight': 'balanced'}
Detailed classification report:

Scores on training set.
             precision    recall  f1-score   support

        0.0       1.00      1.00      1.00      3406
        1.0       0.99      1.00      0.99        94

avg / total       1.00      1.00      1.00      3500


Scores on test set.

             precision    recall  f1-score   support

        0.0       0.98      1.00      0.99       483
        1.0       1.00      0.35      0.52        17

avg / total       0.98      0.98      0.97       500


Scores on test set.

             precision    recall  f1-score   support

        0.0       0.99      1.00      0.99       973
        1.0       0.94      0.56      0.70        27

avg / total       0.99      0.99      0.99      1000

==============================
Processing 295873172 ( f1 58.82 %)
# Tuning hyper-parameters for f1

Best parameters set found on training set:

{'kernel': 'rbf', 'C': 0.1, 'gamma': 0.1, 'class_weight': 'balanced'}
Detailed classification report:

Scores on training set.
             precision    recall  f1-score   support

        0.0       1.00      1.00      1.00      3410
        1.0       1.00      1.00      1.00        90

avg / total       1.00      1.00      1.00      3500


Scores on test set.

             precision    recall  f1-score   support

        0.0       0.98      1.00      0.99       488
        1.0       1.00      0.25      0.40        12

avg / total       0.98      0.98      0.98       500


Scores on test set.

             precision    recall  f1-score   support

        0.0       0.99      1.00      0.99       970
        1.0       0.85      0.57      0.68        30

avg / total       0.98      0.98      0.98      1000

==============================
Processing 173348160 ( f1 61.82 %)
# Tuning hyper-parameters for f1

Best parameters set found on training set:

{'kernel': 'rbf', 'C': 1, 'gamma': 0.1, 'class_weight': 'balanced'}
Detailed classification report:

Scores on training set.
             precision    recall  f1-score   support

        0.0       1.00      1.00      1.00      3246
        1.0       0.98      1.00      0.99       254

avg / total       1.00      1.00      1.00      3500


Scores on test set.

             precision    recall  f1-score   support

        0.0       0.95      1.00      0.97       462
        1.0       0.93      0.37      0.53        38

avg / total       0.95      0.95      0.94       500


Scores on test set.

             precision    recall  f1-score   support

        0.0       0.98      0.99      0.98       950
        1.0       0.79      0.52      0.63        50

avg / total       0.97      0.97      0.97      1000

==============================
Processing 67699758 ( f1 62.50 %)
# Tuning hyper-parameters for f1

Best parameters set found on training set:

{'kernel': 'rbf', 'C': 1, 'gamma': 0.1, 'class_weight': 'balanced'}
Detailed classification report:

Scores on training set.
             precision    recall  f1-score   support

        0.0       1.00      1.00      1.00      3395
        1.0       0.99      1.00      1.00       105

avg / total       1.00      1.00      1.00      3500


Scores on test set.

             precision    recall  f1-score   support

        0.0       0.99      1.00      0.99       489
        1.0       1.00      0.36      0.53        11

avg / total       0.99      0.99      0.98       500


Scores on test set.

             precision    recall  f1-score   support

        0.0       0.98      1.00      0.99       968
        1.0       0.81      0.53      0.64        32

avg / total       0.98      0.98      0.98      1000

==============================
Processing 200302248 ( f1 62.50 %)
# Tuning hyper-parameters for f1

Best parameters set found on training set:

{'kernel': 'rbf', 'C': 1, 'gamma': 0.1, 'class_weight': None}
Detailed classification report:

Scores on training set.
             precision    recall  f1-score   support

        0.0       0.99      1.00      1.00      3273
        1.0       1.00      0.90      0.95       227

avg / total       0.99      0.99      0.99      3500


Scores on test set.

             precision    recall  f1-score   support

        0.0       0.97      1.00      0.99       478
        1.0       1.00      0.36      0.53        22

avg / total       0.97      0.97      0.97       500


Scores on test set.

             precision    recall  f1-score   support

        0.0       0.97      1.00      0.98       935
        1.0       0.92      0.51      0.65        65

avg / total       0.96      0.96      0.96      1000

==============================
Processing 356464236 ( f1 66.67 %)
# Tuning hyper-parameters for f1

Best parameters set found on training set:

{'kernel': 'rbf', 'C': 0.1, 'gamma': 0.1, 'class_weight': 'balanced'}
Detailed classification report:

Scores on training set.
             precision    recall  f1-score   support

        0.0       1.00      1.00      1.00      3377
        1.0       0.91      1.00      0.95       123

avg / total       1.00      1.00      1.00      3500


Scores on test set.

             precision    recall  f1-score   support

        0.0       0.98      1.00      0.99       482
        1.0       0.78      0.39      0.52        18

avg / total       0.97      0.97      0.97       500


Scores on test set.

             precision    recall  f1-score   support

        0.0       0.97      0.98      0.98       952
        1.0       0.57      0.42      0.48        48

avg / total       0.95      0.96      0.95      1000

==============================
Processing 283762641 ( f1 66.67 %)
# Tuning hyper-parameters for f1

Best parameters set found on training set:

{'kernel': 'rbf', 'C': 1, 'gamma': 0.1, 'class_weight': 'balanced'}
Detailed classification report:

Scores on training set.
             precision    recall  f1-score   support

        0.0       1.00      1.00      1.00      2934
        1.0       0.99      1.00      1.00       566

avg / total       1.00      1.00      1.00      3500


Scores on test set.

             precision    recall  f1-score   support

        0.0       0.92      0.99      0.95       428
        1.0       0.89      0.46      0.61        72

avg / total       0.91      0.91      0.90       500


Scores on test set.

             precision    recall  f1-score   support

        0.0       0.92      0.96      0.94       853
        1.0       0.69      0.49      0.57       147

avg / total       0.88      0.89      0.89      1000

==============================
Processing 1383498264 ( f1 66.67 %)
# Tuning hyper-parameters for f1

Best parameters set found on training set:

{'kernel': 'rbf', 'C': 0.1, 'gamma': 0.1, 'class_weight': 'balanced'}
Detailed classification report:

Scores on training set.
             precision    recall  f1-score   support

        0.0       1.00      1.00      1.00      3419
        1.0       0.99      1.00      0.99        81

avg / total       1.00      1.00      1.00      3500


Scores on test set.

             precision    recall  f1-score   support

        0.0       0.99      1.00      0.99       492
        1.0       1.00      0.12      0.22         8

avg / total       0.99      0.99      0.98       500


Scores on test set.

             precision    recall  f1-score   support

        0.0       0.98      0.99      0.98       968
        1.0       0.41      0.28      0.33        32

avg / total       0.96      0.96      0.96      1000

==============================
Processing 143685841 ( f1 66.67 %)
# Tuning hyper-parameters for f1

Best parameters set found on training set:

{'kernel': 'rbf', 'C': 1, 'gamma': 0.1, 'class_weight': 'balanced'}
Detailed classification report:

Scores on training set.
             precision    recall  f1-score   support

        0.0       1.00      1.00      1.00      3161
        1.0       1.00      1.00      1.00       339

avg / total       1.00      1.00      1.00      3500


Scores on test set.

             precision    recall  f1-score   support

        0.0       0.93      1.00      0.96       438
        1.0       1.00      0.48      0.65        62

avg / total       0.94      0.94      0.93       500


Scores on test set.

             precision    recall  f1-score   support

        0.0       0.95      0.99      0.97       896
        1.0       0.87      0.59      0.70       104

avg / total       0.95      0.95      0.94      1000

==============================
Processing 157523545 ( f1 66.67 %)
# Tuning hyper-parameters for f1

Best parameters set found on training set:

{'kernel': 'rbf', 'C': 1, 'gamma': 0.1, 'class_weight': 'balanced'}
Detailed classification report:

Scores on training set.
             precision    recall  f1-score   support

        0.0       1.00      1.00      1.00      3148
        1.0       0.99      1.00      0.99       352

avg / total       1.00      1.00      1.00      3500


Scores on test set.

             precision    recall  f1-score   support

        0.0       0.95      0.99      0.97       454
        1.0       0.88      0.48      0.62        46

avg / total       0.94      0.95      0.94       500


Scores on test set.

             precision    recall  f1-score   support

        0.0       0.94      0.99      0.97       911
        1.0       0.77      0.40      0.53        89

avg / total       0.93      0.94      0.93      1000

==============================
Processing 151540361 ( f1 68.29 %)
# Tuning hyper-parameters for f1

Best parameters set found on training set:

{'kernel': 'rbf', 'C': 1, 'gamma': 0.1, 'class_weight': 'balanced'}
Detailed classification report:

Scores on training set.
             precision    recall  f1-score   support

        0.0       1.00      1.00      1.00      3359
        1.0       1.00      1.00      1.00       141

avg / total       1.00      1.00      1.00      3500


Scores on test set.

             precision    recall  f1-score   support

        0.0       0.97      1.00      0.98       473
        1.0       1.00      0.44      0.62        27

avg / total       0.97      0.97      0.96       500


Scores on test set.

             precision    recall  f1-score   support

        0.0       0.99      0.99      0.99       963
        1.0       0.70      0.62      0.66        37

avg / total       0.97      0.98      0.98      1000

==============================
Processing 166394396 ( f1 69.57 %)
# Tuning hyper-parameters for f1

Best parameters set found on training set:

{'kernel': 'rbf', 'C': 0.1, 'gamma': 0.1, 'class_weight': 'balanced'}
Detailed classification report:

Scores on training set.
             precision    recall  f1-score   support

        0.0       1.00      1.00      1.00      3404
        1.0       0.99      1.00      0.99        96

avg / total       1.00      1.00      1.00      3500


Scores on test set.

             precision    recall  f1-score   support

        0.0       0.99      1.00      0.99       485
        1.0       0.89      0.53      0.67        15

avg / total       0.98      0.98      0.98       500


Scores on test set.

             precision    recall  f1-score   support

        0.0       0.98      0.99      0.99       971
        1.0       0.74      0.48      0.58        29

avg / total       0.98      0.98      0.98      1000

==============================
Processing 186595337 ( f1 69.84 %)
# Tuning hyper-parameters for f1

Switching to API Credentials #0
==============================
Processing 186998381 ( f1 5.83 %)
Scores on test set.

             precision    recall  f1-score   support

        0.0       0.99      0.98      0.99       967
        1.0       0.58      0.76      0.66        33

avg / total       0.98      0.97      0.98      1000

==============================
Processing 263741712 ( f1 54.55 %)
Scores on test set.

             precision    recall  f1-score   support

        0.0       0.99      0.99      0.99       978
        1.0       0.68      0.59      0.63        22

avg / total       0.98      0.98      0.98      1000

==============================
Processing 213462875 ( f1 58.33 %)
Scores on test set.

             precision    recall  f1-score   support

        0.0       0.99      1.00      0.99       973
        1.0       0.94      0.56      0.70        27

avg / total       0.99      0.99      0.99      1000

==============================
Processing 295873172 ( f1 58.82 %)
Scores on test set.

             precision    recall  f1-score   support

        0.0       0.99      1.00      0.99       970
        1.0       0.85      0.57      0.68        30

avg / total       0.98      0.98      0.98      1000

==============================
Processing 173348160 ( f1 61.82 %)
Scores on test set.

             precision    recall  f1-score   support

        0.0       0.98      0.99      0.98       950
        1.0       0.79      0.52      0.63        50

avg / total       0.97      0.97      0.97      1000

==============================
Processing 67699758 ( f1 62.50 %)
Scores on test set.

             precision    recall  f1-score   support

        0.0       0.98      1.00      0.99       968
        1.0       0.81      0.53      0.64        32

avg / total       0.98      0.98      0.98      1000

==============================
Processing 200302248 ( f1 62.50 %)
Scores on test set.

             precision    recall  f1-score   support

        0.0       0.97      1.00      0.98       935
        1.0       0.92      0.51      0.65        65

avg / total       0.96      0.96      0.96      1000

==============================
Processing 356464236 ( f1 66.67 %)
Scores on test set.

             precision    recall  f1-score   support

        0.0       0.97      0.98      0.98       952
        1.0       0.57      0.42      0.48        48

avg / total       0.95      0.96      0.95      1000

==============================
Processing 283762641 ( f1 66.67 %)
Scores on test set.

             precision    recall  f1-score   support

        0.0       0.92      0.96      0.94       853
        1.0       0.69      0.49      0.57       147

avg / total       0.88      0.89      0.89      1000

==============================
Processing 1383498264 ( f1 66.67 %)
Scores on test set.

             precision    recall  f1-score   support

        0.0       0.98      0.99      0.98       968
        1.0       0.41      0.28      0.33        32

avg / total       0.96      0.96      0.96      1000

==============================
Processing 143685841 ( f1 66.67 %)
Scores on test set.

             precision    recall  f1-score   support

        0.0       0.95      0.99      0.97       896
        1.0       0.87      0.59      0.70       104

avg / total       0.95      0.95      0.94      1000

==============================
Processing 157523545 ( f1 66.67 %)
Scores on test set.

             precision    recall  f1-score   support

        0.0       0.94      0.99      0.97       911
        1.0       0.77      0.40      0.53        89

avg / total       0.93      0.94      0.93      1000

==============================
Processing 151540361 ( f1 68.29 %)
Scores on test set.

             precision    recall  f1-score   support

        0.0       0.99      0.99      0.99       963
        1.0       0.70      0.62      0.66        37

avg / total       0.97      0.98      0.98      1000

==============================
Processing 166394396 ( f1 69.57 %)
Scores on test set.

             precision    recall  f1-score   support

        0.0       0.98      0.99      0.99       971
        1.0       0.74      0.48      0.58        29

avg / total       0.98      0.98      0.98      1000

==============================
Processing 186595337 ( f1 69.84 %)
# Tuning hyper-parameters for f1

Best parameters set found on training set:

{'kernel': 'rbf', 'C': 1, 'gamma': 0.1, 'class_weight': 'balanced'}
Detailed classification report:

Scores on training set.
             precision    recall  f1-score   support

        0.0       1.00      1.00      1.00      3266
        1.0       1.00      1.00      1.00       234

avg / total       1.00      1.00      1.00      3500


Scores on test set.

             precision    recall  f1-score   support

        0.0       0.95      1.00      0.97       459
        1.0       0.90      0.44      0.59        41

avg / total       0.95      0.95      0.94       500


Scores on test set.

             precision    recall  f1-score   support

        0.0       0.96      0.99      0.97       931
        1.0       0.78      0.42      0.55        69

avg / total       0.95      0.95      0.95      1000

==============================
Processing 196478764 ( f1 70.00 %)
# Tuning hyper-parameters for f1

Best parameters set found on training set:

{'kernel': 'rbf', 'C': 0.1, 'gamma': 0.1, 'class_weight': 'balanced'}
Detailed classification report:

Scores on training set.
             precision    recall  f1-score   support

        0.0       1.00      1.00      1.00      3427
        1.0       1.00      1.00      1.00        73

avg / total       1.00      1.00      1.00      3500


Scores on test set.

             precision    recall  f1-score   support

        0.0       0.99      1.00      0.99       487
        1.0       1.00      0.46      0.63        13

avg / total       0.99      0.99      0.98       500


Scores on test set.

             precision    recall  f1-score   support

        0.0       0.99      1.00      0.99       979
        1.0       0.69      0.43      0.53        21

avg / total       0.98      0.98      0.98      1000

==============================
Processing 152769475 ( f1 70.00 %)
# Tuning hyper-parameters for f1

Best parameters set found on training set:

{'kernel': 'rbf', 'C': 1, 'gamma': 0.1, 'class_weight': 'balanced'}
Detailed classification report:

Scores on training set.
             precision    recall  f1-score   support

        0.0       1.00      1.00      1.00      3319
        1.0       1.00      1.00      1.00       181

avg / total       1.00      1.00      1.00      3500


Scores on test set.

             precision    recall  f1-score   support

        0.0       0.97      1.00      0.99       474
        1.0       1.00      0.50      0.67        26

avg / total       0.97      0.97      0.97       500


Scores on test set.

             precision    recall  f1-score   support

        0.0       0.96      0.99      0.98       949
        1.0       0.73      0.31      0.44        51

avg / total       0.95      0.96      0.95      1000

==============================
Processing 125363239 ( f1 70.59 %)
# Tuning hyper-parameters for f1

Best parameters set found on training set:

{'kernel': 'rbf', 'C': 0.1, 'gamma': 0.1, 'class_weight': 'balanced'}
Detailed classification report:

Scores on training set.
             precision    recall  f1-score   support

        0.0       1.00      1.00      1.00      3370
        1.0       0.96      1.00      0.98       130

avg / total       1.00      1.00      1.00      3500


Scores on test set.

             precision    recall  f1-score   support

        0.0       0.98      1.00      0.99       481
        1.0       0.80      0.42      0.55        19

avg / total       0.97      0.97      0.97       500


Scores on test set.

             precision    recall  f1-score   support

        0.0       0.98      0.98      0.98       974
        1.0       0.36      0.38      0.37        26

avg / total       0.97      0.97      0.97      1000

==============================
Processing 173550390 ( f1 70.83 %)
# Tuning hyper-parameters for f1

Best parameters set found on training set:

{'kernel': 'rbf', 'C': 1, 'gamma': 0.1, 'class_weight': 'balanced'}
Detailed classification report:

Scores on training set.
             precision    recall  f1-score   support

        0.0       1.00      1.00      1.00      3226
        1.0       0.99      1.00      1.00       274

avg / total       1.00      1.00      1.00      3500


Scores on test set.

             precision    recall  f1-score   support

        0.0       0.97      1.00      0.98       471
        1.0       0.94      0.52      0.67        29

avg / total       0.97      0.97      0.97       500


Scores on test set.

             precision    recall  f1-score   support

        0.0       0.97      0.98      0.97       945
        1.0       0.57      0.51      0.54        55

avg / total       0.95      0.95      0.95      1000

==============================
Processing 107176039 ( f1 70.83 %)
# Tuning hyper-parameters for f1

Best parameters set found on training set:

{'kernel': 'rbf', 'C': 1, 'gamma': 0.1, 'class_weight': 'balanced'}
Detailed classification report:

Scores on training set.
             precision    recall  f1-score   support

        0.0       1.00      1.00      1.00      3335
        1.0       0.99      1.00      0.99       165

avg / total       1.00      1.00      1.00      3500


Scores on test set.

             precision    recall  f1-score   support

        0.0       0.97      1.00      0.98       469
        1.0       0.89      0.52      0.65        31

avg / total       0.96      0.97      0.96       500


Scores on test set.

             precision    recall  f1-score   support

        0.0       0.96      0.99      0.98       937
        1.0       0.72      0.41      0.53        63

avg / total       0.95      0.95      0.95      1000

==============================
Processing 256674213 ( f1 71.43 %)
# Tuning hyper-parameters for f1

Best parameters set found on training set:

{'kernel': 'rbf', 'C': 1, 'gamma': 0.1, 'class_weight': 'balanced'}
Detailed classification report:

Scores on training set.
             precision    recall  f1-score   support

        0.0       1.00      1.00      1.00      3392
        1.0       1.00      1.00      1.00       108

avg / total       1.00      1.00      1.00      3500


Scores on test set.

             precision    recall  f1-score   support

        0.0       0.99      1.00      0.99       491
        1.0       0.80      0.44      0.57         9

avg / total       0.99      0.99      0.99       500


Scores on test set.

             precision    recall  f1-score   support

        0.0       0.99      0.99      0.99       973
        1.0       0.53      0.59      0.56        27

avg / total       0.98      0.97      0.98      1000

==============================
Processing 91919237 ( f1 71.79 %)
# Tuning hyper-parameters for f1

Best parameters set found on training set:

{'kernel': 'rbf', 'C': 1, 'gamma': 0.1, 'class_weight': 'balanced'}
Detailed classification report:

Scores on training set.
             precision    recall  f1-score   support

        0.0       1.00      1.00      1.00      3390
        1.0       0.87      1.00      0.93       110

avg / total       1.00      1.00      1.00      3500


Scores on test set.

             precision    recall  f1-score   support

        0.0       0.97      0.99      0.98       475
        1.0       0.80      0.48      0.60        25

avg / total       0.96      0.97      0.96       500


Scores on test set.

             precision    recall  f1-score   support

        0.0       0.98      0.99      0.98       961
        1.0       0.54      0.38      0.45        39

avg / total       0.96      0.96      0.96      1000

==============================
Processing 127163121 ( f1 73.33 %)
# Tuning hyper-parameters for f1

Best parameters set found on training set:

{'kernel': 'rbf', 'C': 1, 'gamma': 0.1, 'class_weight': 'balanced'}
Detailed classification report:

Scores on training set.
             precision    recall  f1-score   support

        0.0       1.00      1.00      1.00      3385
        1.0       1.00      1.00      1.00       115

avg / total       1.00      1.00      1.00      3500


Scores on test set.

             precision    recall  f1-score   support

        0.0       0.98      1.00      0.99       481
        1.0       1.00      0.53      0.69        19

avg / total       0.98      0.98      0.98       500


Scores on test set.

             precision    recall  f1-score   support

        0.0       0.99      0.98      0.98       971
        1.0       0.47      0.55      0.51        29

avg / total       0.97      0.97      0.97      1000

==============================
Processing 199982337 ( f1 73.97 %)
# Tuning hyper-parameters for f1

Best parameters set found on training set:

{'kernel': 'rbf', 'C': 1, 'gamma': 0.1, 'class_weight': 'balanced'}
Detailed classification report:

Scores on training set.
             precision    recall  f1-score   support

        0.0       1.00      1.00      1.00      3172
        1.0       0.99      1.00      1.00       328

avg / total       1.00      1.00      1.00      3500


Scores on test set.

             precision    recall  f1-score   support

        0.0       0.96      1.00      0.98       457
        1.0       0.96      0.51      0.67        43

avg / total       0.96      0.96      0.95       500


Scores on test set.

             precision    recall  f1-score   support

        0.0       0.96      0.98      0.97       920
        1.0       0.72      0.47      0.57        80

avg / total       0.94      0.94      0.94      1000

==============================
Processing 151058509 ( f1 74.07 %)
# Tuning hyper-parameters for f1

Best parameters set found on training set:

{'kernel': 'rbf', 'C': 0.1, 'gamma': 0.1, 'class_weight': 'balanced'}
Detailed classification report:

Scores on training set.
             precision    recall  f1-score   support

        0.0       1.00      1.00      1.00      3401
        1.0       1.00      1.00      1.00        99

avg / total       1.00      1.00      1.00      3500


Scores on test set.

             precision    recall  f1-score   support

        0.0       0.98      1.00      0.99       483
        1.0       1.00      0.41      0.58        17

avg / total       0.98      0.98      0.98       500


Scores on test set.

             precision    recall  f1-score   support

        0.0       0.99      1.00      1.00       981
        1.0       0.86      0.63      0.73        19

avg / total       0.99      0.99      0.99      1000

==============================
Processing 152821325 ( f1 74.42 %)
# Tuning hyper-parameters for f1

Best parameters set found on training set:

{'kernel': 'rbf', 'C': 1, 'gamma': 0.1, 'class_weight': 'balanced'}
Detailed classification report:

Scores on training set.
             precision    recall  f1-score   support

        0.0       1.00      1.00      1.00      3307
        1.0       0.99      1.00      1.00       193

avg / total       1.00      1.00      1.00      3500


Scores on test set.

             precision    recall  f1-score   support

        0.0       0.98      1.00      0.99       473
        1.0       1.00      0.56      0.71        27

avg / total       0.98      0.98      0.97       500


Scores on test set.

             precision    recall  f1-score   support

        0.0       0.98      0.98      0.98       948
        1.0       0.66      0.67      0.67        52

avg / total       0.97      0.96      0.97      1000

==============================
Processing 128386349 ( f1 75.00 %)
# Tuning hyper-parameters for f1

Best parameters set found on training set:

{'kernel': 'rbf', 'C': 1, 'gamma': 0.1, 'class_weight': 'balanced'}
Detailed classification report:

Scores on training set.
             precision    recall  f1-score   support

        0.0       1.00      1.00      1.00      3420
        1.0       1.00      1.00      1.00        80

avg / total       1.00      1.00      1.00      3500


Scores on test set.

             precision    recall  f1-score   support

        0.0       0.99      1.00      0.99       490
        1.0       1.00      0.40      0.57        10

avg / total       0.99      0.99      0.99       500


Scores on test set.

             precision    recall  f1-score   support

        0.0       0.98      0.99      0.98       970
        1.0       0.50      0.30      0.37        30

avg / total       0.96      0.97      0.97      1000

==============================
Processing 18145859 ( f1 80.00 %)
# Tuning hyper-parameters for f1

Best parameters set found on training set:

{'kernel': 'rbf', 'C': 1, 'gamma': 0.1, 'class_weight': 'balanced'}
Detailed classification report:

Scores on training set.
             precision    recall  f1-score   support

        0.0       1.00      1.00      1.00      3379
        1.0       1.00      1.00      1.00       121

avg / total       1.00      1.00      1.00      3500


Scores on test set.

             precision    recall  f1-score   support

        0.0       0.98      1.00      0.99       480
        1.0       1.00      0.55      0.71        20

avg / total       0.98      0.98      0.98       500


Scores on test set.

             precision    recall  f1-score   support

        0.0       0.98      0.98      0.98       956
        1.0       0.57      0.55      0.56        44

avg / total       0.96      0.96      0.96      1000

==============================
Processing 1311735576 ( f1 81.56 %)
# Tuning hyper-parameters for f1

Best parameters set found on training set:

{'kernel': 'rbf', 'C': 1, 'gamma': 0.1, 'class_weight': 'balanced'}
Detailed classification report:

Scores on training set.
             precision    recall  f1-score   support

        0.0       1.00      1.00      1.00      2420
        1.0       0.99      1.00      1.00      1080

avg / total       1.00      1.00      1.00      3500


Scores on test set.

             precision    recall  f1-score   support

        0.0       0.89      0.99      0.94       328
        1.0       0.98      0.76      0.86       172

avg / total       0.92      0.91      0.91       500


Scores on test set.

             precision    recall  f1-score   support

        0.0       0.89      0.97      0.93       704
        1.0       0.90      0.72      0.80       296

avg / total       0.89      0.89      0.89      1000

==============================
Processing 17620434 ( f1 88.24 %)
# Tuning hyper-parameters for f1

Best parameters set found on training set:

{'kernel': 'rbf', 'C': 0.1, 'gamma': 0.1, 'class_weight': 'balanced'}
Detailed classification report:

Scores on training set.
             precision    recall  f1-score   support

        0.0       1.00      1.00      1.00      3370
        1.0       1.00      1.00      1.00       130

avg / total       1.00      1.00      1.00      3500


Scores on test set.

             precision    recall  f1-score   support

        0.0       0.98      1.00      0.99       481
        1.0       1.00      0.47      0.64        19

avg / total       0.98      0.98      0.98       500


Scores on test set.

             precision    recall  f1-score   support

        0.0       0.98      1.00      0.99       961
        1.0       0.85      0.56      0.68        39

avg / total       0.98      0.98      0.98      1000

==============================
Processing 229480408 ( f1 88.89 %)
# Tuning hyper-parameters for f1

Best parameters set found on training set:

{'kernel': 'rbf', 'C': 1, 'gamma': 0.1, 'class_weight': 'balanced'}
Detailed classification report:

Scores on training set.
             precision    recall  f1-score   support

        0.0       1.00      1.00      1.00      3350
        1.0       1.00      1.00      1.00       150

avg / total       1.00      1.00      1.00      3500


Scores on test set.

             precision    recall  f1-score   support

        0.0       0.98      1.00      0.99       475
        1.0       1.00      0.68      0.81        25

avg / total       0.98      0.98      0.98       500


Scores on test set.

             precision    recall  f1-score   support

        0.0       0.98      0.99      0.98       945
        1.0       0.73      0.67      0.70        55

avg / total       0.97      0.97      0.97      1000

==============================
Processing 214986628 ( f1 90.24 %)
# Tuning hyper-parameters for f1

Best parameters set found on training set:

{'kernel': 'rbf', 'C': 1, 'gamma': 0.1, 'class_weight': 'balanced'}
Detailed classification report:

Scores on training set.
             precision    recall  f1-score   support

        0.0       1.00      1.00      1.00      2887
        1.0       1.00      1.00      1.00       613

avg / total       1.00      1.00      1.00      3500


Scores on test set.

             precision    recall  f1-score   support

        0.0       0.96      1.00      0.98       410
        1.0       0.99      0.80      0.88        90

avg / total       0.96      0.96      0.96       500


Scores on test set.

             precision    recall  f1-score   support

        0.0       0.97      0.99      0.98       810
        1.0       0.93      0.88      0.91       190

avg / total       0.97      0.97      0.97      1000

==============================
Processing 59857143 ( f1 90.91 %)
# Tuning hyper-parameters for f1

Best parameters set found on training set:

{'kernel': 'rbf', 'C': 1, 'gamma': 0.1, 'class_weight': None}
Detailed classification report:

Scores on training set.
             precision    recall  f1-score   support

        0.0       1.00      1.00      1.00      3402
        1.0       1.00      0.95      0.97        98

avg / total       1.00      1.00      1.00      3500


Scores on test set.

             precision    recall  f1-score   support

        0.0       1.00      1.00      1.00       488
        1.0       1.00      0.83      0.91        12

avg / total       1.00      1.00      1.00       500


Scores on test set.

             precision    recall  f1-score   support

        0.0       1.00      0.99      1.00       982
        1.0       0.71      0.94      0.81        18

avg / total       0.99      0.99      0.99      1000

==============================
Processing 118547936 ( f1 92.16 %)
# Tuning hyper-parameters for f1

Best parameters set found on training set:

{'kernel': 'rbf', 'C': 1, 'gamma': 0.1, 'class_weight': 'balanced'}
Detailed classification report:

Scores on training set.
             precision    recall  f1-score   support

        0.0       1.00      1.00      1.00      3190
        1.0       0.99      1.00      1.00       310

avg / total       1.00      1.00      1.00      3500


Scores on test set.

             precision    recall  f1-score   support

        0.0       0.97      1.00      0.98       445
        1.0       1.00      0.73      0.84        55

avg / total       0.97      0.97      0.97       500


Scores on test set.

             precision    recall  f1-score   support

        0.0       0.99      0.98      0.98       921
        1.0       0.78      0.84      0.80        79

avg / total       0.97      0.97      0.97      1000

==============================
Processing 158116807 ( f1 93.17 %)
# Tuning hyper-parameters for f1

Best parameters set found on training set:

{'kernel': 'rbf', 'C': 1, 'gamma': 0.1, 'class_weight': 'balanced'}
Detailed classification report:

Scores on training set.
             precision    recall  f1-score   support

        0.0       1.00      1.00      1.00      2969
        1.0       1.00      1.00      1.00       531

avg / total       1.00      1.00      1.00      3500


Scores on test set.

             precision    recall  f1-score   support

        0.0       0.97      1.00      0.98       414
        1.0       0.97      0.85      0.91        86

avg / total       0.97      0.97      0.97       500


Scores on test set.

             precision    recall  f1-score   support

        0.0       0.98      0.98      0.98       844
        1.0       0.91      0.87      0.89       156

avg / total       0.97      0.97      0.97      1000

==============================
Processing 263872477 ( f1 96.84 %)
# Tuning hyper-parameters for f1

Best parameters set found on training set:

{'kernel': 'rbf', 'C': 1, 'gamma': 0.1, 'class_weight': 'balanced'}
Detailed classification report:

Scores on training set.
             precision    recall  f1-score   support

        0.0       1.00      1.00      1.00      2886
        1.0       1.00      1.00      1.00       614

avg / total       1.00      1.00      1.00      3500


Scores on test set.

             precision    recall  f1-score   support

        0.0       0.97      0.99      0.98       402
        1.0       0.97      0.88      0.92        98

avg / total       0.97      0.97      0.97       500


Scores on test set.

             precision    recall  f1-score   support

        0.0       0.97      0.99      0.98       842
        1.0       0.96      0.86      0.91       158

avg / total       0.97      0.97      0.97      1000

==============================
Processing 208575740 ( f1 97.47 %)
# Tuning hyper-parameters for f1

Best parameters set found on training set:

{'kernel': 'rbf', 'C': 1, 'gamma': 0.1, 'class_weight': 'balanced'}
Detailed classification report:

Scores on training set.
             precision    recall  f1-score   support

        0.0       1.00      1.00      1.00      2949
        1.0       1.00      1.00      1.00       551

avg / total       1.00      1.00      1.00      3500


Scores on test set.

             precision    recall  f1-score   support

        0.0       1.00      1.00      1.00       419
        1.0       1.00      0.98      0.99        81

avg / total       1.00      1.00      1.00       500


Scores on test set.

             precision    recall  f1-score   support

        0.0       0.98      0.99      0.99       845
        1.0       0.95      0.92      0.93       155

avg / total       0.98      0.98      0.98      1000

