Switching to API Credentials #6
==============================
Processing 186998381 ( f1 5.83 %)
# Tuning hyper-parameters for f1

Best parameters set found on training set:

{'kernel': 'rbf', 'C': 1, 'gamma': 0.1, 'class_weight': 'balanced'}
Detailed classification report:

Scores on training set.
             precision    recall  f1-score   support

        0.0       1.00      0.99      0.99      3358
        1.0       0.77      0.99      0.87       142

avg / total       0.99      0.99      0.99      3500


Scores on test set.

             precision    recall  f1-score   support

        0.0       1.00      1.00      1.00       485
        1.0       0.87      0.87      0.87        15

avg / total       0.99      0.99      0.99       500


Scores on test set.

             precision    recall  f1-score   support

        0.0       1.00      0.99      1.00       967
        1.0       0.83      0.91      0.87        33

avg / total       0.99      0.99      0.99      1000

==============================
Processing 263741712 ( f1 54.55 %)
# Tuning hyper-parameters for f1

Best parameters set found on training set:

{'kernel': 'rbf', 'C': 1, 'gamma': 0.1, 'class_weight': 'balanced'}
Detailed classification report:

Scores on training set.
             precision    recall  f1-score   support

        0.0       1.00      0.96      0.98      3415
        1.0       0.37      0.99      0.54        85

avg / total       0.98      0.96      0.97      3500


Scores on test set.

             precision    recall  f1-score   support

        0.0       0.99      0.97      0.98       492
        1.0       0.22      0.50      0.31         8

avg / total       0.98      0.96      0.97       500


Scores on test set.

             precision    recall  f1-score   support

        0.0       0.99      0.95      0.97       978
        1.0       0.22      0.68      0.33        22

avg / total       0.98      0.94      0.95      1000

==============================
Processing 213462875 ( f1 58.33 %)
# Tuning hyper-parameters for f1

Best parameters set found on training set:

{'kernel': 'rbf', 'C': 1, 'gamma': 0.1, 'class_weight': 'balanced'}
Detailed classification report:

Scores on training set.
             precision    recall  f1-score   support

        0.0       1.00      0.98      0.99      3406
        1.0       0.62      0.99      0.76        94

avg / total       0.99      0.98      0.99      3500


Scores on test set.

             precision    recall  f1-score   support

        0.0       0.99      0.98      0.98       483
        1.0       0.52      0.76      0.62        17

avg / total       0.98      0.97      0.97       500


Scores on test set.

             precision    recall  f1-score   support

        0.0       0.99      0.98      0.99       973
        1.0       0.58      0.81      0.68        27

avg / total       0.98      0.98      0.98      1000

==============================
Processing 295873172 ( f1 58.82 %)
# Tuning hyper-parameters for f1

Best parameters set found on training set:

{'kernel': 'rbf', 'C': 1, 'gamma': 0.1, 'class_weight': 'balanced'}
Detailed classification report:

Scores on training set.
             precision    recall  f1-score   support

        0.0       1.00      0.91      0.95      3410
        1.0       0.23      1.00      0.38        90

avg / total       0.98      0.92      0.94      3500


Scores on test set.

             precision    recall  f1-score   support

        0.0       0.99      0.92      0.95       488
        1.0       0.15      0.58      0.23        12

avg / total       0.97      0.91      0.93       500


Scores on test set.

             precision    recall  f1-score   support

        0.0       0.99      0.91      0.95       970
        1.0       0.19      0.67      0.29        30

avg / total       0.96      0.90      0.93      1000

==============================
Processing 173348160 ( f1 61.82 %)
# Tuning hyper-parameters for f1

Best parameters set found on training set:

{'kernel': 'rbf', 'C': 1, 'gamma': 0.1, 'class_weight': 'balanced'}
Detailed classification report:

Scores on training set.
             precision    recall  f1-score   support

        0.0       0.99      0.81      0.89      3246
        1.0       0.28      0.94      0.43       254

avg / total       0.94      0.82      0.86      3500


Scores on test set.

             precision    recall  f1-score   support

        0.0       0.97      0.78      0.86       462
        1.0       0.20      0.66      0.30        38

avg / total       0.91      0.77      0.82       500


Scores on test set.

             precision    recall  f1-score   support

        0.0       0.99      0.79      0.88       950
        1.0       0.17      0.80      0.27        50

avg / total       0.95      0.79      0.85      1000

==============================
Processing 67699758 ( f1 62.50 %)
# Tuning hyper-parameters for f1

Best parameters set found on training set:

{'kernel': 'rbf', 'C': 1, 'gamma': 0.1, 'class_weight': 'balanced'}
Detailed classification report:

Scores on training set.
             precision    recall  f1-score   support

        0.0       1.00      0.91      0.95      3395
        1.0       0.26      0.96      0.41       105

avg / total       0.98      0.92      0.94      3500


Scores on test set.

             precision    recall  f1-score   support

        0.0       0.99      0.91      0.95       489
        1.0       0.14      0.64      0.23        11

avg / total       0.97      0.91      0.94       500


Scores on test set.

             precision    recall  f1-score   support

        0.0       0.99      0.93      0.96       968
        1.0       0.28      0.81      0.42        32

avg / total       0.97      0.93      0.94      1000

==============================
Processing 200302248 ( f1 62.50 %)
# Tuning hyper-parameters for f1

Best parameters set found on training set:

{'kernel': 'rbf', 'C': 1, 'gamma': 0.1, 'class_weight': 'balanced'}
Detailed classification report:

Scores on training set.
             precision    recall  f1-score   support

        0.0       1.00      0.85      0.92      3273
        1.0       0.30      0.95      0.46       227

avg / total       0.95      0.85      0.89      3500


Scores on test set.

             precision    recall  f1-score   support

        0.0       0.99      0.84      0.91       478
        1.0       0.20      0.86      0.32        22

avg / total       0.96      0.84      0.88       500


Scores on test set.

             precision    recall  f1-score   support

        0.0       0.98      0.85      0.91       935
        1.0       0.26      0.77      0.39        65

avg / total       0.93      0.84      0.88      1000

==============================
Processing 356464236 ( f1 66.67 %)
# Tuning hyper-parameters for f1

Best parameters set found on training set:

{'kernel': 'rbf', 'C': 1, 'gamma': 0.1, 'class_weight': 'balanced'}
Detailed classification report:

Scores on training set.
             precision    recall  f1-score   support

        0.0       1.00      0.92      0.96      3377
        1.0       0.31      0.99      0.48       123

avg / total       0.98      0.92      0.94      3500


Scores on test set.

             precision    recall  f1-score   support

        0.0       0.99      0.89      0.94       482
        1.0       0.19      0.72      0.31        18

avg / total       0.96      0.88      0.91       500


Scores on test set.

             precision    recall  f1-score   support

        0.0       0.99      0.91      0.95       952
        1.0       0.32      0.81      0.46        48

avg / total       0.96      0.91      0.93      1000

==============================
Processing 283762641 ( f1 66.67 %)
# Tuning hyper-parameters for f1

Best parameters set found on training set:

{'kernel': 'rbf', 'C': 1, 'gamma': 0.1, 'class_weight': 'balanced'}
Detailed classification report:

Scores on training set.
             precision    recall  f1-score   support

        0.0       0.97      0.82      0.89      2934
        1.0       0.48      0.88      0.62       566

avg / total       0.89      0.83      0.85      3500


Scores on test set.

             precision    recall  f1-score   support

        0.0       0.95      0.81      0.87       428
        1.0       0.40      0.76      0.52        72

avg / total       0.87      0.80      0.82       500


Scores on test set.

             precision    recall  f1-score   support

        0.0       0.97      0.77      0.86       853
        1.0       0.39      0.84      0.53       147

avg / total       0.88      0.78      0.81      1000

==============================
Processing 1383498264 ( f1 66.67 %)
# Tuning hyper-parameters for f1

Best parameters set found on training set:

{'kernel': 'rbf', 'C': 0.1, 'gamma': 0.1, 'class_weight': 'balanced'}
Detailed classification report:

Scores on training set.
             precision    recall  f1-score   support

        0.0       0.99      1.00      0.99      3419
        1.0       0.91      0.60      0.73        81

avg / total       0.99      0.99      0.99      3500


Scores on test set.

             precision    recall  f1-score   support

        0.0       0.99      1.00      1.00       492
        1.0       1.00      0.50      0.67         8

avg / total       0.99      0.99      0.99       500


Scores on test set.

             precision    recall  f1-score   support

        0.0       0.99      1.00      0.99       968
        1.0       1.00      0.59      0.75        32

avg / total       0.99      0.99      0.99      1000

==============================
Processing 143685841 ( f1 66.67 %)
# Tuning hyper-parameters for f1

Best parameters set found on training set:

{'kernel': 'rbf', 'C': 1, 'gamma': 0.1, 'class_weight': 'balanced'}
Detailed classification report:

Scores on training set.
             precision    recall  f1-score   support

        0.0       0.99      0.86      0.92      3161
        1.0       0.41      0.94      0.57       339

avg / total       0.94      0.86      0.89      3500


Scores on test set.

             precision    recall  f1-score   support

        0.0       0.95      0.86      0.90       438
        1.0       0.41      0.69      0.51        62

avg / total       0.88      0.84      0.85       500


Scores on test set.

             precision    recall  f1-score   support

        0.0       0.97      0.85      0.91       896
        1.0       0.39      0.81      0.52       104

avg / total       0.91      0.85      0.87      1000

==============================
Processing 157523545 ( f1 66.67 %)
# Tuning hyper-parameters for f1

Best parameters set found on training set:

{'kernel': 'rbf', 'C': 0.1, 'gamma': 0.1, 'class_weight': 'balanced'}
Detailed classification report:

Scores on training set.
             precision    recall  f1-score   support

        0.0       0.95      0.80      0.87      3148
        1.0       0.26      0.65      0.37       352

avg / total       0.88      0.78      0.82      3500


Scores on test set.

             precision    recall  f1-score   support

        0.0       0.95      0.80      0.87       454
        1.0       0.23      0.59      0.33        46

avg / total       0.88      0.78      0.82       500


Scores on test set.

             precision    recall  f1-score   support

        0.0       0.95      0.79      0.86       911
        1.0       0.20      0.56      0.30        89

avg / total       0.88      0.77      0.81      1000

==============================
Processing 151540361 ( f1 68.29 %)
# Tuning hyper-parameters for f1

Best parameters set found on training set:

{'kernel': 'rbf', 'C': 1, 'gamma': 0.1, 'class_weight': 'balanced'}
Detailed classification report:

Scores on training set.
             precision    recall  f1-score   support

        0.0       1.00      0.91      0.95      3359
        1.0       0.31      0.97      0.46       141

avg / total       0.97      0.91      0.93      3500


Scores on test set.

             precision    recall  f1-score   support

        0.0       0.99      0.89      0.94       473
        1.0       0.30      0.81      0.44        27

avg / total       0.95      0.89      0.91       500


Scores on test set.

             precision    recall  f1-score   support

        0.0       0.99      0.88      0.94       963
        1.0       0.22      0.86      0.36        37

avg / total       0.97      0.88      0.91      1000

==============================
Processing 166394396 ( f1 69.57 %)
# Tuning hyper-parameters for f1

Best parameters set found on training set:

{'kernel': 'rbf', 'C': 1, 'gamma': 0.1, 'class_weight': 'balanced'}
Detailed classification report:

Scores on training set.
             precision    recall  f1-score   support

        0.0       1.00      0.90      0.94      3404
        1.0       0.21      0.97      0.34        96

avg / total       0.98      0.90      0.93      3500


Scores on test set.

             precision    recall  f1-score   support

        0.0       0.99      0.88      0.93       485
        1.0       0.15      0.67      0.24        15

avg / total       0.96      0.88      0.91       500


Scores on test set.

             precision    recall  f1-score   support

        0.0       0.99      0.89      0.94       971
        1.0       0.17      0.76      0.27        29

avg / total       0.97      0.88      0.92      1000

==============================
Processing 186595337 ( f1 69.84 %)
# Tuning hyper-parameters for f1

Best parameters set found on training set:

{'kernel': 'rbf', 'C': 1, 'gamma': 0.1, 'class_weight': 'balanced'}
Detailed classification report:

Scores on training set.
             precision    recall  f1-score   support

        0.0       1.00      0.79      0.88      3266
        1.0       0.24      0.95      0.39       234

avg / total       0.95      0.80      0.85      3500


Scores on test set.

             precision    recall  f1-score   support

        0.0       0.97      0.75      0.85       459
        1.0       0.21      0.76      0.33        41

avg / total       0.91      0.75      0.81       500


Scores on test set.

             precision    recall  f1-score   support

        0.0       0.98      0.75      0.85       931
        1.0       0.19      0.75      0.30        69

avg / total       0.92      0.75      0.81      1000

==============================
Processing 196478764 ( f1 70.00 %)
# Tuning hyper-parameters for f1

Best parameters set found on training set:

{'kernel': 'rbf', 'C': 1, 'gamma': 0.1, 'class_weight': 'balanced'}
Detailed classification report:

Scores on training set.
             precision    recall  f1-score   support

        0.0       1.00      0.90      0.95      3427
        1.0       0.18      1.00      0.30        73

avg / total       0.98      0.90      0.93      3500


Scores on test set.

             precision    recall  f1-score   support

        0.0       0.99      0.92      0.95       487
        1.0       0.15      0.54      0.23        13

avg / total       0.96      0.91      0.93       500


Scores on test set.

             precision    recall  f1-score   support

        0.0       0.99      0.90      0.94       979
        1.0       0.12      0.62      0.19        21

avg / total       0.97      0.89      0.93      1000

==============================
Processing 152769475 ( f1 70.00 %)
# Tuning hyper-parameters for f1

Best parameters set found on training set:

{'kernel': 'rbf', 'C': 1, 'gamma': 0.1, 'class_weight': 'balanced'}
Detailed classification report:

Scores on training set.
             precision    recall  f1-score   support

        0.0       0.99      0.82      0.90      3319
        1.0       0.21      0.90      0.34       181

avg / total       0.95      0.82      0.87      3500


Scores on test set.

             precision    recall  f1-score   support

        0.0       0.96      0.75      0.84       474
        1.0       0.10      0.50      0.16        26

avg / total       0.92      0.74      0.81       500


Scores on test set.

             precision    recall  f1-score   support

        0.0       0.97      0.77      0.86       949
        1.0       0.11      0.51      0.18        51

avg / total       0.92      0.76      0.82      1000

==============================
Processing 125363239 ( f1 70.59 %)
# Tuning hyper-parameters for f1

Best parameters set found on training set:

{'kernel': 'rbf', 'C': 1, 'gamma': 0.1, 'class_weight': 'balanced'}
Detailed classification report:

Scores on training set.
             precision    recall  f1-score   support

        0.0       1.00      0.97      0.98      3370
        1.0       0.54      0.98      0.70       130

avg / total       0.98      0.97      0.97      3500


Scores on test set.

             precision    recall  f1-score   support

        0.0       0.99      0.97      0.98       481
        1.0       0.50      0.74      0.60        19

avg / total       0.97      0.96      0.97       500


Scores on test set.

             precision    recall  f1-score   support

        0.0       0.99      0.96      0.98       974
        1.0       0.36      0.81      0.50        26

avg / total       0.98      0.96      0.97      1000

==============================
Processing 173550390 ( f1 70.83 %)
# Tuning hyper-parameters for f1

Best parameters set found on training set:

{'kernel': 'rbf', 'C': 1, 'gamma': 0.1, 'class_weight': 'balanced'}
Detailed classification report:

Scores on training set.
             precision    recall  f1-score   support

        0.0       0.99      0.95      0.97      3226
        1.0       0.59      0.92      0.72       274

avg / total       0.96      0.94      0.95      3500


Scores on test set.

             precision    recall  f1-score   support

        0.0       0.98      0.94      0.96       471
        1.0       0.45      0.72      0.55        29

avg / total       0.95      0.93      0.94       500


Scores on test set.

             precision    recall  f1-score   support

        0.0       0.99      0.95      0.97       945
        1.0       0.46      0.76      0.58        55

avg / total       0.96      0.94      0.95      1000

==============================
Processing 107176039 ( f1 70.83 %)
# Tuning hyper-parameters for f1

Best parameters set found on training set:

{'kernel': 'rbf', 'C': 1, 'gamma': 0.1, 'class_weight': 'balanced'}
Detailed classification report:

Scores on training set.
             precision    recall  f1-score   support

        0.0       1.00      0.85      0.92      3335
        1.0       0.24      0.96      0.39       165

avg / total       0.96      0.86      0.89      3500


Scores on test set.

             precision    recall  f1-score   support

        0.0       0.98      0.80      0.88       469
        1.0       0.20      0.74      0.31        31

avg / total       0.93      0.80      0.85       500


Scores on test set.

             precision    recall  f1-score   support

        0.0       0.98      0.82      0.89       937
        1.0       0.21      0.73      0.33        63

avg / total       0.93      0.81      0.86      1000

==============================
Processing 256674213 ( f1 71.43 %)
# Tuning hyper-parameters for f1

Best parameters set found on training set:

{'kernel': 'rbf', 'C': 1, 'gamma': 0.1, 'class_weight': 'balanced'}
Detailed classification report:

Scores on training set.
             precision    recall  f1-score   support

        0.0       1.00      0.96      0.98      3392
        1.0       0.46      0.98      0.63       108

avg / total       0.98      0.96      0.97      3500


Scores on test set.

             precision    recall  f1-score   support

        0.0       0.99      0.96      0.98       491
        1.0       0.23      0.67      0.34         9

avg / total       0.98      0.95      0.96       500


Scores on test set.

             precision    recall  f1-score   support

        0.0       1.00      0.97      0.98       973
        1.0       0.41      0.85      0.55        27

avg / total       0.98      0.96      0.97      1000

==============================
Processing 91919237 ( f1 71.79 %)
# Tuning hyper-parameters for f1

Best parameters set found on training set:

{'kernel': 'rbf', 'C': 1, 'gamma': 0.1, 'class_weight': 'balanced'}
Detailed classification report:

Scores on training set.
             precision    recall  f1-score   support

        0.0       1.00      0.93      0.96      3390
        1.0       0.31      0.97      0.47       110

avg / total       0.98      0.93      0.95      3500


Scores on test set.

             precision    recall  f1-score   support

        0.0       1.00      0.94      0.97       475
        1.0       0.43      0.92      0.59        25

avg / total       0.97      0.94      0.95       500


Scores on test set.

             precision    recall  f1-score   support

        0.0       1.00      0.92      0.96       961
        1.0       0.33      0.95      0.49        39

avg / total       0.97      0.92      0.94      1000

==============================
Processing 127163121 ( f1 73.33 %)
# Tuning hyper-parameters for f1

Best parameters set found on training set:

{'kernel': 'rbf', 'C': 1, 'gamma': 0.1, 'class_weight': 'balanced'}
Detailed classification report:

Scores on training set.
             precision    recall  f1-score   support

        0.0       1.00      0.95      0.97      3385
        1.0       0.40      0.98      0.57       115

avg / total       0.98      0.95      0.96      3500


Scores on test set.

             precision    recall  f1-score   support

        0.0       0.98      0.95      0.97       481
        1.0       0.33      0.63      0.44        19

avg / total       0.96      0.94      0.95       500


Scores on test set.

             precision    recall  f1-score   support

        0.0       0.99      0.95      0.97       971
        1.0       0.31      0.76      0.44        29

avg / total       0.97      0.94      0.95      1000

==============================
Processing 199982337 ( f1 73.97 %)
# Tuning hyper-parameters for f1

Best parameters set found on training set:

{'kernel': 'rbf', 'C': 1, 'gamma': 0.1, 'class_weight': 'balanced'}
Detailed classification report:

Scores on training set.
             precision    recall  f1-score   support

        0.0       0.99      0.91      0.95      3172
        1.0       0.52      0.94      0.67       328

avg / total       0.95      0.91      0.92      3500


Scores on test set.

             precision    recall  f1-score   support

        0.0       0.98      0.89      0.93       457
        1.0       0.39      0.77      0.52        43

avg / total       0.93      0.88      0.89       500


Scores on test set.

             precision    recall  f1-score   support

        0.0       0.98      0.89      0.94       920
        1.0       0.40      0.82      0.54        80

avg / total       0.94      0.89      0.90      1000

==============================
Processing 151058509 ( f1 74.07 %)
# Tuning hyper-parameters for f1

Best parameters set found on training set:

{'kernel': 'rbf', 'C': 1, 'gamma': 0.1, 'class_weight': 'balanced'}
Detailed classification report:

Scores on training set.
             precision    recall  f1-score   support

        0.0       1.00      0.90      0.94      3401
        1.0       0.22      0.98      0.35        99

avg / total       0.98      0.90      0.93      3500


Scores on test set.

             precision    recall  f1-score   support

        0.0       0.99      0.90      0.95       483
        1.0       0.23      0.82      0.36        17

avg / total       0.97      0.90      0.93       500


Scores on test set.

             precision    recall  f1-score   support

        0.0       1.00      0.88      0.94       981
        1.0       0.13      0.89      0.22        19

avg / total       0.98      0.88      0.92      1000

==============================
Processing 152821325 ( f1 74.42 %)
# Tuning hyper-parameters for f1

Best parameters set found on training set:

{'kernel': 'rbf', 'C': 1, 'gamma': 0.1, 'class_weight': 'balanced'}
Detailed classification report:

Scores on training set.
             precision    recall  f1-score   support

        0.0       1.00      0.93      0.96      3307
        1.0       0.43      0.94      0.59       193

avg / total       0.97      0.93      0.94      3500


Scores on test set.

             precision    recall  f1-score   support

        0.0       0.98      0.90      0.94       473
        1.0       0.30      0.74      0.43        27

avg / total       0.95      0.89      0.91       500


Scores on test set.

             precision    recall  f1-score   support

        0.0       0.99      0.91      0.95       948
        1.0       0.34      0.83      0.48        52

avg / total       0.96      0.91      0.92      1000

==============================
Processing 128386349 ( f1 75.00 %)
# Tuning hyper-parameters for f1

Best parameters set found on training set:

{'kernel': 'rbf', 'C': 1, 'gamma': 0.1, 'class_weight': 'balanced'}
Detailed classification report:

Scores on training set.
             precision    recall  f1-score   support

        0.0       1.00      0.92      0.96      3420
        1.0       0.22      0.97      0.36        80

avg / total       0.98      0.92      0.94      3500


Scores on test set.

             precision    recall  f1-score   support

        0.0       0.99      0.89      0.94       490
        1.0       0.12      0.70      0.20        10

avg / total       0.98      0.89      0.92       500


Scores on test set.

             precision    recall  f1-score   support

        0.0       0.98      0.93      0.95       970
        1.0       0.18      0.53      0.27        30

avg / total       0.96      0.91      0.93      1000

==============================
Processing 18145859 ( f1 80.00 %)
# Tuning hyper-parameters for f1

Best parameters set found on training set:

{'kernel': 'rbf', 'C': 1, 'gamma': 0.1, 'class_weight': 'balanced'}
Detailed classification report:

Scores on training set.
             precision    recall  f1-score   support

        0.0       1.00      0.92      0.96      3379
        1.0       0.30      0.98      0.46       121

avg / total       0.97      0.92      0.94      3500


Scores on test set.

             precision    recall  f1-score   support

        0.0       0.99      0.91      0.95       480
        1.0       0.28      0.85      0.42        20

avg / total       0.96      0.91      0.93       500


Scores on test set.

             precision    recall  f1-score   support

        0.0       0.99      0.93      0.96       956
        1.0       0.33      0.77      0.46        44

avg / total       0.96      0.92      0.93      1000

==============================
Processing 1311735576 ( f1 81.56 %)
# Tuning hyper-parameters for f1

Best parameters set found on training set:

{'kernel': 'rbf', 'C': 1, 'gamma': 0.1, 'class_weight': 'balanced'}
Detailed classification report:

Scores on training set.
             precision    recall  f1-score   support

        0.0       0.94      0.92      0.93      2420
        1.0       0.83      0.86      0.85      1080

avg / total       0.90      0.90      0.90      3500


Scores on test set.

             precision    recall  f1-score   support

        0.0       0.90      0.87      0.88       328
        1.0       0.76      0.82      0.79       172

avg / total       0.85      0.85      0.85       500


Scores on test set.

             precision    recall  f1-score   support

        0.0       0.92      0.88      0.90       704
        1.0       0.75      0.83      0.79       296

avg / total       0.87      0.87      0.87      1000

==============================
Processing 17620434 ( f1 88.24 %)
# Tuning hyper-parameters for f1

Best parameters set found on training set:

{'kernel': 'rbf', 'C': 1, 'gamma': 0.1, 'class_weight': 'balanced'}
Detailed classification report:

Scores on training set.
             precision    recall  f1-score   support

        0.0       1.00      0.89      0.94      3370
        1.0       0.24      0.96      0.39       130

avg / total       0.97      0.89      0.92      3500


Scores on test set.

             precision    recall  f1-score   support

        0.0       0.99      0.88      0.93       481
        1.0       0.21      0.79      0.33        19

avg / total       0.96      0.88      0.91       500


Scores on test set.

             precision    recall  f1-score   support

        0.0       0.99      0.88      0.93       961
        1.0       0.22      0.85      0.35        39

avg / total       0.96      0.88      0.91      1000

==============================
Processing 229480408 ( f1 88.89 %)
# Tuning hyper-parameters for f1

Best parameters set found on training set:

{'kernel': 'rbf', 'C': 1, 'gamma': 0.1, 'class_weight': 'balanced'}
Detailed classification report:

Scores on training set.
             precision    recall  f1-score   support

        0.0       1.00      0.93      0.96      3350
        1.0       0.39      0.94      0.55       150

avg / total       0.97      0.93      0.95      3500


Scores on test set.

             precision    recall  f1-score   support

        0.0       0.99      0.92      0.96       475
        1.0       0.36      0.80      0.49        25

avg / total       0.96      0.92      0.93       500


Scores on test set.

             precision    recall  f1-score   support

        0.0       0.99      0.92      0.95       945
        1.0       0.36      0.78      0.49        55

avg / total       0.95      0.91      0.93      1000

==============================
Processing 214986628 ( f1 90.24 %)
# Tuning hyper-parameters for f1

Best parameters set found on training set:

{'kernel': 'rbf', 'C': 1, 'gamma': 0.1, 'class_weight': None}
Detailed classification report:

Scores on training set.
             precision    recall  f1-score   support

        0.0       0.96      1.00      0.98      2887
        1.0       1.00      0.81      0.90       613

avg / total       0.97      0.97      0.97      3500


Scores on test set.

             precision    recall  f1-score   support

        0.0       0.95      1.00      0.98       410
        1.0       1.00      0.78      0.88        90

avg / total       0.96      0.96      0.96       500


Scores on test set.

             precision    recall  f1-score   support

        0.0       0.96      1.00      0.98       810
        1.0       1.00      0.84      0.91       190

avg / total       0.97      0.97      0.97      1000

==============================
Processing 59857143 ( f1 90.91 %)
# Tuning hyper-parameters for f1

Best parameters set found on training set:

{'kernel': 'rbf', 'C': 1, 'gamma': 0.1, 'class_weight': 'balanced'}
Detailed classification report:

Scores on training set.
             precision    recall  f1-score   support

        0.0       1.00      0.99      1.00      3402
        1.0       0.76      1.00      0.86        98

avg / total       0.99      0.99      0.99      3500


Scores on test set.

             precision    recall  f1-score   support

        0.0       1.00      0.99      0.99       488
        1.0       0.59      0.83      0.69        12

avg / total       0.99      0.98      0.98       500


Scores on test set.

             precision    recall  f1-score   support

        0.0       1.00      0.99      1.00       982
        1.0       0.74      0.94      0.83        18

avg / total       0.99      0.99      0.99      1000

==============================
Processing 118547936 ( f1 92.16 %)
# Tuning hyper-parameters for f1

Best parameters set found on training set:

{'kernel': 'rbf', 'C': 1, 'gamma': 0.1, 'class_weight': 'balanced'}
Detailed classification report:

Scores on training set.
             precision    recall  f1-score   support

        0.0       0.99      0.99      0.99      3190
        1.0       0.87      0.93      0.90       310

avg / total       0.98      0.98      0.98      3500


Scores on test set.

             precision    recall  f1-score   support

        0.0       0.98      0.99      0.99       445
        1.0       0.90      0.85      0.88        55

avg / total       0.97      0.97      0.97       500


Scores on test set.

             precision    recall  f1-score   support

        0.0       1.00      0.98      0.99       921
        1.0       0.82      0.95      0.88        79

avg / total       0.98      0.98      0.98      1000

==============================
Processing 158116807 ( f1 93.17 %)
# Tuning hyper-parameters for f1

Best parameters set found on training set:

{'kernel': 'rbf', 'C': 1, 'gamma': 0.1, 'class_weight': None}
Detailed classification report:

Scores on training set.
             precision    recall  f1-score   support

        0.0       0.97      1.00      0.98      2969
        1.0       1.00      0.83      0.91       531

avg / total       0.97      0.97      0.97      3500


Scores on test set.

             precision    recall  f1-score   support

        0.0       0.97      1.00      0.98       414
        1.0       1.00      0.84      0.91        86

avg / total       0.97      0.97      0.97       500


Scores on test set.

             precision    recall  f1-score   support

        0.0       0.98      1.00      0.99       844
        1.0       1.00      0.88      0.94       156

avg / total       0.98      0.98      0.98      1000

==============================
Processing 263872477 ( f1 96.84 %)
# Tuning hyper-parameters for f1

Best parameters set found on training set:

{'kernel': 'rbf', 'C': 1, 'gamma': 0.1, 'class_weight': None}
Detailed classification report:

Scores on training set.
             precision    recall  f1-score   support

        0.0       0.98      1.00      0.99      2886
        1.0       1.00      0.91      0.95       614

avg / total       0.99      0.98      0.98      3500


Scores on test set.

             precision    recall  f1-score   support

        0.0       0.98      1.00      0.99       402
        1.0       1.00      0.93      0.96        98

avg / total       0.99      0.99      0.99       500


Scores on test set.

             precision    recall  f1-score   support

        0.0       0.98      1.00      0.99       842
        1.0       1.00      0.91      0.95       158

avg / total       0.99      0.99      0.99      1000

==============================
Processing 208575740 ( f1 97.47 %)
# Tuning hyper-parameters for f1

Best parameters set found on training set:

{'kernel': 'rbf', 'C': 1, 'gamma': 0.1, 'class_weight': None}
Detailed classification report:

Scores on training set.
             precision    recall  f1-score   support

        0.0       0.99      1.00      0.99      2949
        1.0       1.00      0.94      0.97       551

avg / total       0.99      0.99      0.99      3500


Scores on test set.

             precision    recall  f1-score   support

        0.0       0.99      1.00      1.00       419
        1.0       1.00      0.95      0.97        81

avg / total       0.99      0.99      0.99       500


Scores on test set.

             precision    recall  f1-score   support

        0.0       0.98      1.00      0.99       845
        1.0       1.00      0.89      0.94       155

avg / total       0.98      0.98      0.98      1000

