Switching to API Credentials #4
==============================
Processing 186998381 ( f1 5.83 %)
# Tuning hyper-parameters for f1

Best parameters set found on training set:

{'kernel': 'rbf', 'C': 1, 'gamma': 0.1, 'class_weight': None}
Detailed classification report:

Scores on training set.
             precision    recall  f1-score   support

        0.0       1.00      1.00      1.00      3358
        1.0       1.00      0.97      0.99       142

avg / total       1.00      1.00      1.00      3500


Scores on test set.

             precision    recall  f1-score   support

        0.0       1.00      1.00      1.00       485
        1.0       1.00      0.87      0.93        15

avg / total       1.00      1.00      1.00       500


Scores on test set.

             precision    recall  f1-score   support

        0.0       1.00      0.98      0.99       967
        1.0       0.57      0.94      0.71        33

avg / total       0.98      0.97      0.98      1000

==============================
Processing 263741712 ( f1 54.55 %)
# Tuning hyper-parameters for f1

Best parameters set found on training set:

{'kernel': 'rbf', 'C': 1, 'gamma': 0.1, 'class_weight': None}
Detailed classification report:

Scores on training set.
             precision    recall  f1-score   support

        0.0       1.00      1.00      1.00      3415
        1.0       1.00      0.93      0.96        85

avg / total       1.00      1.00      1.00      3500


Scores on test set.

             precision    recall  f1-score   support

        0.0       0.99      1.00      0.99       492
        1.0       1.00      0.38      0.55         8

avg / total       0.99      0.99      0.99       500


Scores on test set.

             precision    recall  f1-score   support

        0.0       0.99      0.99      0.99       978
        1.0       0.52      0.68      0.59        22

avg / total       0.98      0.98      0.98      1000

==============================
Processing 213462875 ( f1 58.33 %)
# Tuning hyper-parameters for f1

Best parameters set found on training set:

{'kernel': 'rbf', 'C': 1, 'gamma': 0.1, 'class_weight': None}
Detailed classification report:

Scores on training set.
             precision    recall  f1-score   support

        0.0       1.00      1.00      1.00      3406
        1.0       1.00      0.95      0.97        94

avg / total       1.00      1.00      1.00      3500


Scores on test set.

             precision    recall  f1-score   support

        0.0       0.98      1.00      0.99       483
        1.0       1.00      0.47      0.64        17

avg / total       0.98      0.98      0.98       500


Scores on test set.

             precision    recall  f1-score   support

        0.0       0.99      0.99      0.99       973
        1.0       0.76      0.59      0.67        27

avg / total       0.98      0.98      0.98      1000

==============================
Processing 295873172 ( f1 58.82 %)
# Tuning hyper-parameters for f1

Best parameters set found on training set:

{'kernel': 'rbf', 'C': 1, 'gamma': 0.1, 'class_weight': None}
Detailed classification report:

Scores on training set.
             precision    recall  f1-score   support

        0.0       1.00      1.00      1.00      3410
        1.0       1.00      0.83      0.91        90

avg / total       1.00      1.00      1.00      3500


Scores on test set.

             precision    recall  f1-score   support

        0.0       0.99      1.00      0.99       488
        1.0       1.00      0.42      0.59        12

avg / total       0.99      0.99      0.98       500


Scores on test set.

             precision    recall  f1-score   support

        0.0       0.99      0.99      0.99       970
        1.0       0.79      0.63      0.70        30

avg / total       0.98      0.98      0.98      1000

==============================
Processing 173348160 ( f1 61.82 %)
# Tuning hyper-parameters for f1

Best parameters set found on training set:

{'kernel': 'rbf', 'C': 1, 'gamma': 0.1, 'class_weight': None}
Detailed classification report:

Scores on training set.
             precision    recall  f1-score   support

        0.0       0.98      1.00      0.99      3246
        1.0       1.00      0.79      0.88       254

avg / total       0.99      0.98      0.98      3500


Scores on test set.

             precision    recall  f1-score   support

        0.0       0.96      1.00      0.98       462
        1.0       1.00      0.45      0.62        38

avg / total       0.96      0.96      0.95       500


Scores on test set.

             precision    recall  f1-score   support

        0.0       0.98      0.99      0.98       950
        1.0       0.73      0.60      0.66        50

avg / total       0.97      0.97      0.97      1000

==============================
Processing 67699758 ( f1 62.50 %)
# Tuning hyper-parameters for f1

Best parameters set found on training set:

{'kernel': 'rbf', 'C': 1, 'gamma': 0.1, 'class_weight': None}
Detailed classification report:

Scores on training set.
             precision    recall  f1-score   support

        0.0       1.00      1.00      1.00      3395
        1.0       1.00      0.85      0.92       105

avg / total       1.00      1.00      1.00      3500


Scores on test set.

             precision    recall  f1-score   support

        0.0       0.99      1.00      0.99       489
        1.0       1.00      0.45      0.62        11

avg / total       0.99      0.99      0.99       500


Scores on test set.

             precision    recall  f1-score   support

        0.0       0.99      0.99      0.99       968
        1.0       0.79      0.72      0.75        32

avg / total       0.98      0.98      0.98      1000

==============================
Processing 200302248 ( f1 62.50 %)
# Tuning hyper-parameters for f1

Best parameters set found on training set:

{'kernel': 'rbf', 'C': 1, 'gamma': 0.1, 'class_weight': None}
Detailed classification report:

Scores on training set.
             precision    recall  f1-score   support

        0.0       0.99      1.00      0.99      3273
        1.0       1.00      0.84      0.91       227

avg / total       0.99      0.99      0.99      3500


Scores on test set.

             precision    recall  f1-score   support

        0.0       0.98      1.00      0.99       478
        1.0       1.00      0.45      0.62        22

avg / total       0.98      0.98      0.97       500


Scores on test set.

             precision    recall  f1-score   support

        0.0       0.97      1.00      0.98       935
        1.0       0.90      0.57      0.70        65

avg / total       0.97      0.97      0.96      1000

==============================
Processing 356464236 ( f1 66.67 %)
# Tuning hyper-parameters for f1

Best parameters set found on training set:

{'kernel': 'rbf', 'C': 1, 'gamma': 0.1, 'class_weight': None}
Detailed classification report:

Scores on training set.
             precision    recall  f1-score   support

        0.0       0.99      1.00      0.99      3377
        1.0       1.00      0.72      0.84       123

avg / total       0.99      0.99      0.99      3500


Scores on test set.

             precision    recall  f1-score   support

        0.0       0.98      1.00      0.99       482
        1.0       1.00      0.44      0.62        18

avg / total       0.98      0.98      0.98       500


Scores on test set.

             precision    recall  f1-score   support

        0.0       0.98      0.98      0.98       952
        1.0       0.63      0.54      0.58        48

avg / total       0.96      0.96      0.96      1000

==============================
Processing 283762641 ( f1 66.67 %)
# Tuning hyper-parameters for f1

Best parameters set found on training set:

{'kernel': 'rbf', 'C': 0.1, 'gamma': 0.1, 'class_weight': 'balanced'}
Detailed classification report:

Scores on training set.
             precision    recall  f1-score   support

        0.0       0.93      0.99      0.96      2934
        1.0       0.95      0.59      0.73       566

avg / total       0.93      0.93      0.92      3500


Scores on test set.

             precision    recall  f1-score   support

        0.0       0.92      0.99      0.96       428
        1.0       0.92      0.50      0.65        72

avg / total       0.92      0.92      0.91       500


Scores on test set.

             precision    recall  f1-score   support

        0.0       0.92      0.96      0.94       853
        1.0       0.68      0.52      0.59       147

avg / total       0.89      0.89      0.89      1000

==============================
Processing 1383498264 ( f1 66.67 %)
# Tuning hyper-parameters for f1

Best parameters set found on training set:

{'kernel': 'rbf', 'C': 1, 'gamma': 0.1, 'class_weight': None}
Detailed classification report:

Scores on training set.
             precision    recall  f1-score   support

        0.0       1.00      1.00      1.00      3419
        1.0       0.99      0.93      0.96        81

avg / total       1.00      1.00      1.00      3500


Scores on test set.

             precision    recall  f1-score   support

        0.0       0.99      1.00      0.99       492
        1.0       1.00      0.38      0.55         8

avg / total       0.99      0.99      0.99       500


Scores on test set.

             precision    recall  f1-score   support

        0.0       0.99      0.97      0.98       968
        1.0       0.47      0.69      0.56        32

avg / total       0.97      0.96      0.97      1000

==============================
Processing 143685841 ( f1 66.67 %)
# Tuning hyper-parameters for f1

Best parameters set found on training set:

{'kernel': 'rbf', 'C': 1, 'gamma': 0.1, 'class_weight': None}
Detailed classification report:

Scores on training set.
             precision    recall  f1-score   support

        0.0       0.98      1.00      0.99      3161
        1.0       1.00      0.86      0.92       339

avg / total       0.99      0.99      0.99      3500


Scores on test set.

             precision    recall  f1-score   support

        0.0       0.93      1.00      0.97       438
        1.0       1.00      0.50      0.67        62

avg / total       0.94      0.94      0.93       500


Scores on test set.

             precision    recall  f1-score   support

        0.0       0.96      0.99      0.97       896
        1.0       0.86      0.63      0.73       104

avg / total       0.95      0.95      0.95      1000

==============================
Processing 157523545 ( f1 66.67 %)
# Tuning hyper-parameters for f1

Best parameters set found on training set:

{'kernel': 'rbf', 'C': 1, 'gamma': 0.1, 'class_weight': None}
Detailed classification report:

Scores on training set.
             precision    recall  f1-score   support

        0.0       0.98      1.00      0.99      3148
        1.0       1.00      0.81      0.90       352

avg / total       0.98      0.98      0.98      3500


Scores on test set.

             precision    recall  f1-score   support

        0.0       0.95      1.00      0.98       454
        1.0       1.00      0.50      0.67        46

avg / total       0.96      0.95      0.95       500


Scores on test set.

             precision    recall  f1-score   support

        0.0       0.95      0.98      0.97       911
        1.0       0.76      0.49      0.60        89

avg / total       0.93      0.94      0.94      1000

==============================
Processing 151540361 ( f1 68.29 %)
# Tuning hyper-parameters for f1

Best parameters set found on training set:

{'kernel': 'rbf', 'C': 1, 'gamma': 0.1, 'class_weight': None}
Detailed classification report:

Scores on training set.
             precision    recall  f1-score   support

        0.0       0.99      1.00      1.00      3359
        1.0       1.00      0.84      0.91       141

avg / total       0.99      0.99      0.99      3500


Scores on test set.

             precision    recall  f1-score   support

        0.0       0.97      1.00      0.99       473
        1.0       1.00      0.52      0.68        27

avg / total       0.97      0.97      0.97       500


Scores on test set.

             precision    recall  f1-score   support

        0.0       0.99      0.98      0.99       963
        1.0       0.64      0.76      0.69        37

avg / total       0.98      0.97      0.98      1000

==============================
Processing 166394396 ( f1 69.57 %)
# Tuning hyper-parameters for f1

Best parameters set found on training set:

{'kernel': 'rbf', 'C': 1, 'gamma': 0.1, 'class_weight': None}
Detailed classification report:

Scores on training set.
             precision    recall  f1-score   support

        0.0       0.99      1.00      1.00      3404
        1.0       1.00      0.75      0.86        96

avg / total       0.99      0.99      0.99      3500


Scores on test set.

             precision    recall  f1-score   support

        0.0       0.98      1.00      0.99       485
        1.0       1.00      0.47      0.64        15

avg / total       0.98      0.98      0.98       500


Scores on test set.

             precision    recall  f1-score   support

        0.0       0.99      0.99      0.99       971
        1.0       0.52      0.52      0.52        29

avg / total       0.97      0.97      0.97      1000

==============================
Processing 186595337 ( f1 69.84 %)
# Tuning hyper-parameters for f1

Best parameters set found on training set:

{'kernel': 'rbf', 'C': 1, 'gamma': 0.1, 'class_weight': None}
Detailed classification report:

Scores on training set.
             precision    recall  f1-score   support

        0.0       0.98      1.00      0.99      3266
        1.0       1.00      0.76      0.86       234

avg / total       0.98      0.98      0.98      3500


Scores on test set.

             precision    recall  f1-score   support

        0.0       0.96      1.00      0.98       459
        1.0       1.00      0.54      0.70        41

avg / total       0.96      0.96      0.96       500


Scores on test set.

             precision    recall  f1-score   support

        0.0       0.97      0.99      0.98       931
        1.0       0.76      0.55      0.64        69

avg / total       0.95      0.96      0.95      1000

==============================
Processing 196478764 ( f1 70.00 %)
# Tuning hyper-parameters for f1

Best parameters set found on training set:

{'kernel': 'rbf', 'C': 1, 'gamma': 0.1, 'class_weight': None}
Detailed classification report:

Scores on training set.
             precision    recall  f1-score   support

        0.0       0.99      1.00      1.00      3427
        1.0       1.00      0.70      0.82        73

avg / total       0.99      0.99      0.99      3500


Scores on test set.

             precision    recall  f1-score   support

        0.0       0.99      1.00      0.99       487
        1.0       1.00      0.54      0.70        13

avg / total       0.99      0.99      0.99       500


Scores on test set.

             precision    recall  f1-score   support

        0.0       0.99      0.99      0.99       979
        1.0       0.43      0.48      0.45        21

avg / total       0.98      0.98      0.98      1000

==============================
Processing 152769475 ( f1 70.00 %)
# Tuning hyper-parameters for f1

Best parameters set found on training set:

{'kernel': 'rbf', 'C': 1, 'gamma': 0.1, 'class_weight': None}
Detailed classification report:

Scores on training set.
             precision    recall  f1-score   support

        0.0       0.99      1.00      0.99      3319
        1.0       1.00      0.78      0.88       181

avg / total       0.99      0.99      0.99      3500


Scores on test set.

             precision    recall  f1-score   support

        0.0       0.97      1.00      0.99       474
        1.0       1.00      0.50      0.67        26

avg / total       0.97      0.97      0.97       500


Scores on test set.

             precision    recall  f1-score   support

        0.0       0.97      0.98      0.98       949
        1.0       0.61      0.45      0.52        51

avg / total       0.95      0.96      0.95      1000

==============================
Processing 125363239 ( f1 70.59 %)
# Tuning hyper-parameters for f1

Best parameters set found on training set:

{'kernel': 'rbf', 'C': 0.1, 'gamma': 0.1, 'class_weight': 'balanced'}
Detailed classification report:

Scores on training set.
             precision    recall  f1-score   support

        0.0       1.00      0.99      1.00      3370
        1.0       0.87      0.99      0.93       130

avg / total       0.99      0.99      0.99      3500


Scores on test set.

             precision    recall  f1-score   support

        0.0       0.98      0.99      0.99       481
        1.0       0.71      0.53      0.61        19

avg / total       0.97      0.97      0.97       500


Scores on test set.

             precision    recall  f1-score   support

        0.0       0.99      0.96      0.98       974
        1.0       0.32      0.65      0.43        26

avg / total       0.97      0.95      0.96      1000

==============================
Processing 173550390 ( f1 70.83 %)
# Tuning hyper-parameters for f1

Best parameters set found on training set:

{'kernel': 'rbf', 'C': 1, 'gamma': 0.1, 'class_weight': None}
Detailed classification report:

Scores on training set.
             precision    recall  f1-score   support

        0.0       0.99      1.00      0.99      3226
        1.0       0.99      0.83      0.90       274

avg / total       0.99      0.99      0.99      3500


Scores on test set.

             precision    recall  f1-score   support

        0.0       0.98      1.00      0.99       471
        1.0       0.94      0.59      0.72        29

avg / total       0.97      0.97      0.97       500


Scores on test set.

             precision    recall  f1-score   support

        0.0       0.97      0.97      0.97       945
        1.0       0.49      0.51      0.50        55

avg / total       0.94      0.94      0.94      1000

==============================
Processing 107176039 ( f1 70.83 %)
# Tuning hyper-parameters for f1

Best parameters set found on training set:

{'kernel': 'rbf', 'C': 1, 'gamma': 0.1, 'class_weight': None}
Detailed classification report:

Scores on training set.
             precision    recall  f1-score   support

        0.0       0.99      1.00      0.99      3335
        1.0       1.00      0.72      0.84       165

avg / total       0.99      0.99      0.99      3500


Scores on test set.

             precision    recall  f1-score   support

        0.0       0.97      1.00      0.99       469
        1.0       1.00      0.55      0.71        31

avg / total       0.97      0.97      0.97       500


Scores on test set.

             precision    recall  f1-score   support

        0.0       0.97      0.98      0.98       937
        1.0       0.67      0.56      0.61        63

avg / total       0.95      0.95      0.95      1000

==============================
Processing 256674213 ( f1 71.43 %)
# Tuning hyper-parameters for f1

Best parameters set found on training set:

{'kernel': 'rbf', 'C': 1, 'gamma': 0.1, 'class_weight': None}
Detailed classification report:

Scores on training set.
             precision    recall  f1-score   support

        0.0       0.99      1.00      1.00      3392
        1.0       1.00      0.81      0.90       108

avg / total       0.99      0.99      0.99      3500


Scores on test set.

             precision    recall  f1-score   support

        0.0       0.99      1.00      1.00       491
        1.0       1.00      0.56      0.71         9

avg / total       0.99      0.99      0.99       500


Scores on test set.

             precision    recall  f1-score   support

        0.0       0.99      0.98      0.99       973
        1.0       0.54      0.74      0.62        27

avg / total       0.98      0.98      0.98      1000

==============================
Processing 91919237 ( f1 71.79 %)
# Tuning hyper-parameters for f1

Best parameters set found on training set:

{'kernel': 'rbf', 'C': 1, 'gamma': 0.1, 'class_weight': None}
Detailed classification report:

Scores on training set.
             precision    recall  f1-score   support

        0.0       0.99      1.00      0.99      3390
        1.0       1.00      0.61      0.76       110

avg / total       0.99      0.99      0.99      3500


Scores on test set.

             precision    recall  f1-score   support

        0.0       0.98      1.00      0.99       475
        1.0       1.00      0.52      0.68        25

avg / total       0.98      0.98      0.97       500


Scores on test set.

             precision    recall  f1-score   support

        0.0       0.97      1.00      0.99       961
        1.0       0.78      0.36      0.49        39

avg / total       0.97      0.97      0.97      1000

==============================
Processing 127163121 ( f1 73.33 %)
# Tuning hyper-parameters for f1

Best parameters set found on training set:

{'kernel': 'rbf', 'C': 1, 'gamma': 0.1, 'class_weight': None}
Detailed classification report:

Scores on training set.
             precision    recall  f1-score   support

        0.0       1.00      1.00      1.00      3385
        1.0       1.00      0.88      0.94       115

avg / total       1.00      1.00      1.00      3500


Scores on test set.

             precision    recall  f1-score   support

        0.0       0.98      1.00      0.99       481
        1.0       1.00      0.58      0.73        19

avg / total       0.98      0.98      0.98       500


Scores on test set.

             precision    recall  f1-score   support

        0.0       0.99      0.97      0.98       971
        1.0       0.46      0.76      0.57        29

avg / total       0.98      0.97      0.97      1000

==============================
Processing 199982337 ( f1 73.97 %)
# Tuning hyper-parameters for f1

Best parameters set found on training set:

{'kernel': 'rbf', 'C': 1, 'gamma': 0.1, 'class_weight': None}
Detailed classification report:

Scores on training set.
             precision    recall  f1-score   support

        0.0       0.99      1.00      1.00      3172
        1.0       1.00      0.95      0.97       328

avg / total       0.99      0.99      0.99      3500


Scores on test set.

             precision    recall  f1-score   support

        0.0       0.96      1.00      0.98       457
        1.0       0.93      0.60      0.73        43

avg / total       0.96      0.96      0.96       500


Scores on test set.

             precision    recall  f1-score   support

        0.0       0.96      0.99      0.97       920
        1.0       0.78      0.57      0.66        80

avg / total       0.95      0.95      0.95      1000

==============================
Processing 151058509 ( f1 74.07 %)
# Tuning hyper-parameters for f1

Best parameters set found on training set:

{'kernel': 'rbf', 'C': 1, 'gamma': 0.1, 'class_weight': None}
Detailed classification report:

Scores on training set.
             precision    recall  f1-score   support

        0.0       0.99      1.00      1.00      3401
        1.0       1.00      0.82      0.90        99

avg / total       0.99      0.99      0.99      3500


Scores on test set.

             precision    recall  f1-score   support

        0.0       0.98      1.00      0.99       483
        1.0       1.00      0.53      0.69        17

avg / total       0.98      0.98      0.98       500


Scores on test set.

             precision    recall  f1-score   support

        0.0       0.99      0.99      0.99       981
        1.0       0.70      0.74      0.72        19

avg / total       0.99      0.99      0.99      1000

==============================
Processing 152821325 ( f1 74.42 %)
# Tuning hyper-parameters for f1

Best parameters set found on training set:

{'kernel': 'rbf', 'C': 1, 'gamma': 0.1, 'class_weight': None}
Detailed classification report:

Scores on training set.
             precision    recall  f1-score   support

        0.0       0.99      1.00      1.00      3307
        1.0       1.00      0.85      0.92       193

avg / total       0.99      0.99      0.99      3500


Scores on test set.

             precision    recall  f1-score   support

        0.0       0.98      1.00      0.99       473
        1.0       1.00      0.59      0.74        27

avg / total       0.98      0.98      0.98       500


Scores on test set.

             precision    recall  f1-score   support

        0.0       0.99      0.98      0.98       948
        1.0       0.64      0.75      0.69        52

avg / total       0.97      0.96      0.97      1000

==============================
Processing 128386349 ( f1 75.00 %)
# Tuning hyper-parameters for f1

Best parameters set found on training set:

{'kernel': 'rbf', 'C': 1, 'gamma': 0.1, 'class_weight': None}
Detailed classification report:

Scores on training set.
             precision    recall  f1-score   support

        0.0       1.00      1.00      1.00      3420
        1.0       1.00      0.82      0.90        80

avg / total       1.00      1.00      1.00      3500


Scores on test set.

             precision    recall  f1-score   support

        0.0       0.99      1.00      1.00       490
        1.0       1.00      0.60      0.75        10

avg / total       0.99      0.99      0.99       500


Scores on test set.

             precision    recall  f1-score   support

        0.0       0.99      0.98      0.99       970
        1.0       0.52      0.53      0.52        30

avg / total       0.97      0.97      0.97      1000

==============================
Processing 18145859 ( f1 80.00 %)
# Tuning hyper-parameters for f1

Best parameters set found on training set:

{'kernel': 'rbf', 'C': 1, 'gamma': 0.1, 'class_weight': None}
Detailed classification report:

Scores on training set.
             precision    recall  f1-score   support

        0.0       0.99      1.00      1.00      3379
        1.0       1.00      0.83      0.91       121

avg / total       0.99      0.99      0.99      3500


Scores on test set.

             precision    recall  f1-score   support

        0.0       0.99      1.00      1.00       480
        1.0       1.00      0.80      0.89        20

avg / total       0.99      0.99      0.99       500


Scores on test set.

             precision    recall  f1-score   support

        0.0       0.98      0.97      0.98       956
        1.0       0.51      0.66      0.57        44

avg / total       0.96      0.96      0.96      1000

==============================
Processing 1311735576 ( f1 81.56 %)
# Tuning hyper-parameters for f1

Best parameters set found on training set:

{'kernel': 'rbf', 'C': 1, 'gamma': 0.1, 'class_weight': 'balanced'}
Detailed classification report:

Scores on training set.
             precision    recall  f1-score   support

        0.0       0.99      0.97      0.98      2420
        1.0       0.94      0.97      0.96      1080

avg / total       0.97      0.97      0.97      3500


Scores on test set.

             precision    recall  f1-score   support

        0.0       0.89      0.93      0.91       328
        1.0       0.85      0.78      0.82       172

avg / total       0.88      0.88      0.88       500


Scores on test set.

             precision    recall  f1-score   support

        0.0       0.91      0.92      0.91       704
        1.0       0.80      0.78      0.79       296

avg / total       0.88      0.88      0.88      1000

==============================
Processing 17620434 ( f1 88.24 %)
# Tuning hyper-parameters for f1

Best parameters set found on training set:

{'kernel': 'rbf', 'C': 0.1, 'gamma': 0.1, 'class_weight': 'balanced'}
Detailed classification report:

Scores on training set.
             precision    recall  f1-score   support

        0.0       1.00      1.00      1.00      3370
        1.0       0.98      0.95      0.96       130

avg / total       1.00      1.00      1.00      3500


Scores on test set.

             precision    recall  f1-score   support

        0.0       0.99      1.00      1.00       481
        1.0       1.00      0.79      0.88        19

avg / total       0.99      0.99      0.99       500


Scores on test set.

             precision    recall  f1-score   support

        0.0       0.99      0.99      0.99       961
        1.0       0.79      0.79      0.79        39

avg / total       0.98      0.98      0.98      1000

==============================
Processing 229480408 ( f1 88.89 %)
# Tuning hyper-parameters for f1

Best parameters set found on training set:

{'kernel': 'rbf', 'C': 1, 'gamma': 0.1, 'class_weight': None}
Detailed classification report:

Scores on training set.
             precision    recall  f1-score   support

        0.0       1.00      1.00      1.00      3350
        1.0       1.00      0.92      0.96       150

avg / total       1.00      1.00      1.00      3500


Scores on test set.

             precision    recall  f1-score   support

        0.0       0.99      1.00      0.99       475
        1.0       1.00      0.80      0.89        25

avg / total       0.99      0.99      0.99       500


Scores on test set.

             precision    recall  f1-score   support

        0.0       0.99      0.98      0.98       945
        1.0       0.68      0.75      0.71        55

avg / total       0.97      0.97      0.97      1000

==============================
Processing 214986628 ( f1 90.24 %)
# Tuning hyper-parameters for f1

Best parameters set found on training set:

{'kernel': 'rbf', 'C': 1, 'gamma': 0.1, 'class_weight': None}
Detailed classification report:

Scores on training set.
             precision    recall  f1-score   support

        0.0       0.98      1.00      0.99      2887
        1.0       1.00      0.92      0.96       613

avg / total       0.99      0.99      0.98      3500


Scores on test set.

             precision    recall  f1-score   support

        0.0       0.96      1.00      0.98       410
        1.0       1.00      0.82      0.90        90

avg / total       0.97      0.97      0.97       500


Scores on test set.

             precision    recall  f1-score   support

        0.0       0.98      0.98      0.98       810
        1.0       0.92      0.89      0.91       190

avg / total       0.97      0.97      0.97      1000

==============================
Processing 59857143 ( f1 90.91 %)
# Tuning hyper-parameters for f1

Best parameters set found on training set:

{'kernel': 'rbf', 'C': 1, 'gamma': 0.1, 'class_weight': None}
Detailed classification report:

Scores on training set.
             precision    recall  f1-score   support

        0.0       1.00      1.00      1.00      3402
        1.0       1.00      0.95      0.97        98

avg / total       1.00      1.00      1.00      3500


Scores on test set.

             precision    recall  f1-score   support

        0.0       1.00      1.00      1.00       488
        1.0       1.00      0.83      0.91        12

avg / total       1.00      1.00      1.00       500


Scores on test set.

             precision    recall  f1-score   support

        0.0       1.00      0.98      0.99       982
        1.0       0.44      0.94      0.60        18

avg / total       0.99      0.98      0.98      1000

==============================
Processing 118547936 ( f1 92.16 %)
# Tuning hyper-parameters for f1

Best parameters set found on training set:

{'kernel': 'rbf', 'C': 1, 'gamma': 0.1, 'class_weight': None}
Detailed classification report:

Scores on training set.
             precision    recall  f1-score   support

        0.0       0.99      1.00      1.00      3190
        1.0       1.00      0.93      0.96       310

avg / total       0.99      0.99      0.99      3500


Scores on test set.

             precision    recall  f1-score   support

        0.0       0.98      1.00      0.99       445
        1.0       1.00      0.84      0.91        55

avg / total       0.98      0.98      0.98       500


Scores on test set.

             precision    recall  f1-score   support

        0.0       0.99      0.98      0.99       921
        1.0       0.80      0.94      0.86        79

avg / total       0.98      0.98      0.98      1000

==============================
Processing 158116807 ( f1 93.17 %)
# Tuning hyper-parameters for f1

Best parameters set found on training set:

{'kernel': 'rbf', 'C': 1, 'gamma': 0.1, 'class_weight': None}
Detailed classification report:

Scores on training set.
             precision    recall  f1-score   support

        0.0       0.99      1.00      0.99      2969
        1.0       1.00      0.94      0.97       531

avg / total       0.99      0.99      0.99      3500


Scores on test set.

             precision    recall  f1-score   support

        0.0       0.97      1.00      0.99       414
        1.0       0.99      0.87      0.93        86

avg / total       0.98      0.98      0.98       500


Scores on test set.

             precision    recall  f1-score   support

        0.0       0.98      0.98      0.98       844
        1.0       0.88      0.92      0.90       156

avg / total       0.97      0.97      0.97      1000

==============================
Processing 263872477 ( f1 96.84 %)
# Tuning hyper-parameters for f1

Best parameters set found on training set:

{'kernel': 'rbf', 'C': 1, 'gamma': 0.1, 'class_weight': None}
Detailed classification report:

Scores on training set.
             precision    recall  f1-score   support

        0.0       0.99      1.00      0.99      2886
        1.0       1.00      0.94      0.97       614

avg / total       0.99      0.99      0.99      3500


Scores on test set.

             precision    recall  f1-score   support

        0.0       0.98      1.00      0.99       402
        1.0       1.00      0.93      0.96        98

avg / total       0.99      0.99      0.99       500


Scores on test set.

             precision    recall  f1-score   support

        0.0       0.99      0.99      0.99       842
        1.0       0.96      0.93      0.95       158

avg / total       0.98      0.98      0.98      1000

==============================
Processing 208575740 ( f1 97.47 %)
# Tuning hyper-parameters for f1

Best parameters set found on training set:

{'kernel': 'rbf', 'C': 1, 'gamma': 0.1, 'class_weight': None}
Detailed classification report:

Scores on training set.
             precision    recall  f1-score   support

        0.0       0.99      1.00      1.00      2949
        1.0       0.99      0.97      0.98       551

avg / total       0.99      0.99      0.99      3500


Scores on test set.

             precision    recall  f1-score   support

        0.0       1.00      1.00      1.00       419
        1.0       0.98      0.98      0.98        81

avg / total       0.99      0.99      0.99       500


Scores on test set.

             precision    recall  f1-score   support

        0.0       0.99      0.99      0.99       845
        1.0       0.94      0.95      0.95       155

avg / total       0.98      0.98      0.98      1000

