Switching to API Credentials #7
======================
186998381: {'kernel': 'rbf', 'C': 1, 'gamma': 0.1, 'class_weight': None}
Detailed classification report:

Scores on training set.
             precision    recall  f1-score   support

        0.0       1.00      1.00      1.00      3358
        1.0       1.00      0.96      0.98       142

avg / total       1.00      1.00      1.00      3500


Scores on test set.

             precision    recall  f1-score   support

        0.0       1.00      1.00      1.00       485
        1.0       1.00      0.93      0.97        15

avg / total       1.00      1.00      1.00       500


Results on old (pure social) model
Detailed classification report:

Scores on training set.

             precision    recall  f1-score   support

        0.0       1.00      0.00      0.00      3358
        1.0       0.04      1.00      0.08       142

avg / total       0.96      0.04      0.01      3500

Scores on test set.

             precision    recall  f1-score   support

        0.0       0.00      0.00      0.00       485
        1.0       0.03      1.00      0.06        15

avg / total       0.00      0.03      0.00       500

======================
263741712: {'kernel': 'rbf', 'C': 1, 'gamma': 0.1, 'class_weight': None}
Detailed classification report:

Scores on training set.
             precision    recall  f1-score   support

        0.0       1.00      1.00      1.00      3415
        1.0       1.00      0.93      0.96        85

avg / total       1.00      1.00      1.00      3500


Scores on test set.

             precision    recall  f1-score   support

        0.0       0.99      1.00      0.99       492
        1.0       1.00      0.38      0.55         8

avg / total       0.99      0.99      0.99       500


Results on old (pure social) model
Detailed classification report:

Scores on training set.

             precision    recall  f1-score   support

        0.0       1.00      1.00      1.00      3415
        1.0       1.00      0.88      0.94        85

avg / total       1.00      1.00      1.00      3500

Scores on test set.

             precision    recall  f1-score   support

        0.0       0.99      1.00      0.99       492
        1.0       1.00      0.38      0.55         8

avg / total       0.99      0.99      0.99       500

======================
213462875: {'kernel': 'rbf', 'C': 0.01, 'gamma': 0.1, 'class_weight': 'balanced'}
Detailed classification report:

Scores on training set.
             precision    recall  f1-score   support

        0.0       0.99      1.00      0.99      3406
        1.0       1.00      0.59      0.74        94

avg / total       0.99      0.99      0.99      3500


Scores on test set.

             precision    recall  f1-score   support

        0.0       0.98      1.00      0.99       483
        1.0       1.00      0.41      0.58        17

avg / total       0.98      0.98      0.98       500


Results on old (pure social) model
Detailed classification report:

Scores on training set.

             precision    recall  f1-score   support

        0.0       0.99      1.00      1.00      3406
        1.0       1.00      0.64      0.78        94

avg / total       0.99      0.99      0.99      3500

Scores on test set.

             precision    recall  f1-score   support

        0.0       0.98      1.00      0.99       483
        1.0       1.00      0.41      0.58        17

avg / total       0.98      0.98      0.98       500

======================
295873172: {'kernel': 'rbf', 'C': 1, 'gamma': 0.1, 'class_weight': None}
Detailed classification report:

Scores on training set.
             precision    recall  f1-score   support

        0.0       1.00      1.00      1.00      3410
        1.0       1.00      0.83      0.91        90

avg / total       1.00      1.00      1.00      3500


Scores on test set.

             precision    recall  f1-score   support

        0.0       0.99      1.00      0.99       488
        1.0       1.00      0.42      0.59        12

avg / total       0.99      0.99      0.98       500


Results on old (pure social) model
Detailed classification report:

Scores on training set.

             precision    recall  f1-score   support

        0.0       0.99      1.00      1.00      3410
        1.0       1.00      0.64      0.78        90

avg / total       0.99      0.99      0.99      3500

Scores on test set.

             precision    recall  f1-score   support

        0.0       0.99      1.00      0.99       488
        1.0       1.00      0.42      0.59        12

avg / total       0.99      0.99      0.98       500

======================
173348160: {'kernel': 'rbf', 'C': 1, 'gamma': 0.1, 'class_weight': None}
Detailed classification report:

Scores on training set.
             precision    recall  f1-score   support

        0.0       0.98      1.00      0.99      3246
        1.0       1.00      0.80      0.89       254

avg / total       0.99      0.99      0.98      3500


Scores on test set.

             precision    recall  f1-score   support

        0.0       0.96      1.00      0.98       462
        1.0       1.00      0.45      0.62        38

avg / total       0.96      0.96      0.95       500


Results on old (pure social) model
Detailed classification report:

Scores on training set.

             precision    recall  f1-score   support

        0.0       0.98      1.00      0.99      3246
        1.0       1.00      0.78      0.88       254

avg / total       0.98      0.98      0.98      3500

Scores on test set.

             precision    recall  f1-score   support

        0.0       0.96      1.00      0.98       462
        1.0       1.00      0.45      0.62        38

avg / total       0.96      0.96      0.95       500

======================
67699758: {'kernel': 'rbf', 'C': 1, 'gamma': 0.1, 'class_weight': None}
Detailed classification report:

Scores on training set.
             precision    recall  f1-score   support

        0.0       1.00      1.00      1.00      3395
        1.0       1.00      0.86      0.92       105

avg / total       1.00      1.00      1.00      3500


Scores on test set.

             precision    recall  f1-score   support

        0.0       0.99      1.00      0.99       489
        1.0       1.00      0.45      0.62        11

avg / total       0.99      0.99      0.99       500


Results on old (pure social) model
Detailed classification report:

Scores on training set.

             precision    recall  f1-score   support

        0.0       0.99      1.00      1.00      3395
        1.0       1.00      0.76      0.86       105

avg / total       0.99      0.99      0.99      3500

Scores on test set.

             precision    recall  f1-score   support

        0.0       0.99      1.00      0.99       489
        1.0       1.00      0.45      0.62        11

avg / total       0.99      0.99      0.99       500

======================
200302248: {'kernel': 'rbf', 'C': 1, 'gamma': 0.1, 'class_weight': None}
Detailed classification report:

Scores on training set.
             precision    recall  f1-score   support

        0.0       0.99      1.00      0.99      3273
        1.0       0.99      0.84      0.91       227

avg / total       0.99      0.99      0.99      3500


Scores on test set.

             precision    recall  f1-score   support

        0.0       0.98      1.00      0.99       478
        1.0       1.00      0.50      0.67        22

avg / total       0.98      0.98      0.97       500


Results on old (pure social) model
Detailed classification report:

Scores on training set.

             precision    recall  f1-score   support

        0.0       0.98      1.00      0.99      3273
        1.0       1.00      0.64      0.78       227

avg / total       0.98      0.98      0.97      3500

Scores on test set.

             precision    recall  f1-score   support

        0.0       0.98      1.00      0.99       478
        1.0       1.00      0.45      0.62        22

avg / total       0.98      0.98      0.97       500

======================
356464236: {'kernel': 'rbf', 'C': 0.01, 'gamma': 0.1, 'class_weight': 'balanced'}
Detailed classification report:

Scores on training set.
             precision    recall  f1-score   support

        0.0       0.98      1.00      0.99      3377
        1.0       1.00      0.54      0.71       123

avg / total       0.98      0.98      0.98      3500


Scores on test set.

             precision    recall  f1-score   support

        0.0       0.98      1.00      0.99       482
        1.0       1.00      0.50      0.67        18

avg / total       0.98      0.98      0.98       500


Results on old (pure social) model
Detailed classification report:

Scores on training set.

             precision    recall  f1-score   support

        0.0       0.99      1.00      0.99      3377
        1.0       0.99      0.72      0.83       123

avg / total       0.99      0.99      0.99      3500

Scores on test set.

             precision    recall  f1-score   support

        0.0       0.98      1.00      0.99       482
        1.0       1.00      0.50      0.67        18

avg / total       0.98      0.98      0.98       500

======================
283762641: {'kernel': 'rbf', 'C': 1, 'gamma': 0.1, 'class_weight': None}
Detailed classification report:

Scores on training set.
             precision    recall  f1-score   support

        0.0       0.96      1.00      0.98      2934
        1.0       1.00      0.77      0.87       566

avg / total       0.96      0.96      0.96      3500


Scores on test set.

             precision    recall  f1-score   support

        0.0       0.92      1.00      0.96       428
        1.0       1.00      0.50      0.67        72

avg / total       0.93      0.93      0.92       500


Results on old (pure social) model
Detailed classification report:

Scores on training set.

             precision    recall  f1-score   support

        0.0       0.92      1.00      0.96      2934
        1.0       1.00      0.53      0.70       566

avg / total       0.93      0.92      0.91      3500

Scores on test set.

             precision    recall  f1-score   support

        0.0       0.92      1.00      0.96       428
        1.0       1.00      0.50      0.67        72

avg / total       0.93      0.93      0.92       500

======================
1383498264: {'kernel': 'rbf', 'C': 1, 'gamma': 0.1, 'class_weight': None}
Detailed classification report:

Scores on training set.
             precision    recall  f1-score   support

        0.0       1.00      1.00      1.00      3419
        1.0       0.96      0.94      0.95        81

avg / total       1.00      1.00      1.00      3500


Scores on test set.

             precision    recall  f1-score   support

        0.0       0.99      1.00      1.00       492
        1.0       1.00      0.50      0.67         8

avg / total       0.99      0.99      0.99       500


Results on old (pure social) model
Detailed classification report:

Scores on training set.

             precision    recall  f1-score   support

        0.0       1.00      1.00      1.00      3419
        1.0       0.93      0.79      0.85        81

avg / total       0.99      0.99      0.99      3500

Scores on test set.

             precision    recall  f1-score   support

        0.0       0.99      1.00      1.00       492
        1.0       1.00      0.50      0.67         8

avg / total       0.99      0.99      0.99       500

======================
143685841: {'kernel': 'rbf', 'C': 0.1, 'gamma': 0.1, 'class_weight': 'balanced'}
Detailed classification report:

Scores on training set.
             precision    recall  f1-score   support

        0.0       0.96      1.00      0.98      3161
        1.0       1.00      0.62      0.77       339

avg / total       0.96      0.96      0.96      3500


Scores on test set.

             precision    recall  f1-score   support

        0.0       0.93      1.00      0.96       438
        1.0       1.00      0.48      0.65        62

avg / total       0.94      0.94      0.93       500


Results on old (pure social) model
Detailed classification report:

Scores on training set.

             precision    recall  f1-score   support

        0.0       0.96      1.00      0.98      3161
        1.0       1.00      0.66      0.80       339

avg / total       0.97      0.97      0.96      3500

Scores on test set.

             precision    recall  f1-score   support

        0.0       0.93      1.00      0.97       438
        1.0       1.00      0.50      0.67        62

avg / total       0.94      0.94      0.93       500

======================
157523545: {'kernel': 'rbf', 'C': 1, 'gamma': 0.1, 'class_weight': None}
Detailed classification report:

Scores on training set.
             precision    recall  f1-score   support

        0.0       0.98      1.00      0.99      3148
        1.0       1.00      0.79      0.88       352

avg / total       0.98      0.98      0.98      3500


Scores on test set.

             precision    recall  f1-score   support

        0.0       0.95      1.00      0.98       454
        1.0       1.00      0.50      0.67        46

avg / total       0.96      0.95      0.95       500


Results on old (pure social) model
Detailed classification report:

Scores on training set.

             precision    recall  f1-score   support

        0.0       0.95      1.00      0.97      3148
        1.0       0.97      0.51      0.67       352

avg / total       0.95      0.95      0.94      3500

Scores on test set.

             precision    recall  f1-score   support

        0.0       0.95      1.00      0.98       454
        1.0       1.00      0.50      0.67        46

avg / total       0.96      0.95      0.95       500

======================
151540361: {'kernel': 'rbf', 'C': 1, 'gamma': 0.1, 'class_weight': None}
Detailed classification report:

Scores on training set.
             precision    recall  f1-score   support

        0.0       0.99      1.00      1.00      3359
        1.0       1.00      0.81      0.89       141

avg / total       0.99      0.99      0.99      3500


Scores on test set.

             precision    recall  f1-score   support

        0.0       0.97      1.00      0.99       473
        1.0       1.00      0.52      0.68        27

avg / total       0.97      0.97      0.97       500


Results on old (pure social) model
Detailed classification report:

Scores on training set.

             precision    recall  f1-score   support

        0.0       0.99      1.00      0.99      3359
        1.0       1.00      0.67      0.81       141

avg / total       0.99      0.99      0.99      3500

Scores on test set.

             precision    recall  f1-score   support

        0.0       0.97      1.00      0.99       473
        1.0       1.00      0.52      0.68        27

avg / total       0.97      0.97      0.97       500

======================
166394396: {'kernel': 'rbf', 'C': 1, 'gamma': 0.1, 'class_weight': None}
Detailed classification report:

Scores on training set.
             precision    recall  f1-score   support

        0.0       0.99      1.00      1.00      3404
        1.0       1.00      0.74      0.85        96

avg / total       0.99      0.99      0.99      3500


Scores on test set.

             precision    recall  f1-score   support

        0.0       0.99      1.00      0.99       485
        1.0       1.00      0.60      0.75        15

avg / total       0.99      0.99      0.99       500


Results on old (pure social) model
Detailed classification report:

Scores on training set.

             precision    recall  f1-score   support

        0.0       0.99      1.00      0.99      3404
        1.0       1.00      0.56      0.72        96

avg / total       0.99      0.99      0.99      3500

Scores on test set.

             precision    recall  f1-score   support

        0.0       0.99      1.00      0.99       485
        1.0       1.00      0.53      0.70        15

avg / total       0.99      0.99      0.98       500

======================
186595337: {'kernel': 'rbf', 'C': 1, 'gamma': 0.1, 'class_weight': None}
Detailed classification report:

Scores on training set.
             precision    recall  f1-score   support

        0.0       0.98      1.00      0.99      3266
        1.0       1.00      0.76      0.86       234

avg / total       0.98      0.98      0.98      3500


Scores on test set.

             precision    recall  f1-score   support

        0.0       0.96      1.00      0.98       459
        1.0       1.00      0.54      0.70        41

avg / total       0.96      0.96      0.96       500


Results on old (pure social) model
Detailed classification report:

Scores on training set.

             precision    recall  f1-score   support

        0.0       0.97      1.00      0.98      3266
        1.0       1.00      0.54      0.70       234

avg / total       0.97      0.97      0.97      3500

Scores on test set.

             precision    recall  f1-score   support

        0.0       0.96      1.00      0.98       459
        1.0       1.00      0.54      0.70        41

avg / total       0.96      0.96      0.96       500

======================
196478764: {'kernel': 'rbf', 'C': 1, 'gamma': 0.1, 'class_weight': None}
Detailed classification report:

Scores on training set.
             precision    recall  f1-score   support

        0.0       0.99      1.00      1.00      3427
        1.0       1.00      0.70      0.82        73

avg / total       0.99      0.99      0.99      3500


Scores on test set.

             precision    recall  f1-score   support

        0.0       0.99      1.00      0.99       487
        1.0       1.00      0.54      0.70        13

avg / total       0.99      0.99      0.99       500


Results on old (pure social) model
Detailed classification report:

Scores on training set.

             precision    recall  f1-score   support

        0.0       0.99      1.00      0.99      3427
        1.0       1.00      0.51      0.67        73

avg / total       0.99      0.99      0.99      3500

Scores on test set.

             precision    recall  f1-score   support

        0.0       0.99      1.00      0.99       487
        1.0       1.00      0.54      0.70        13

avg / total       0.99      0.99      0.99       500

======================
152769475: {'kernel': 'rbf', 'C': 1, 'gamma': 0.1, 'class_weight': None}
Detailed classification report:

Scores on training set.
             precision    recall  f1-score   support

        0.0       0.99      1.00      0.99      3319
        1.0       1.00      0.77      0.87       181

avg / total       0.99      0.99      0.99      3500


Scores on test set.

             precision    recall  f1-score   support

        0.0       0.98      1.00      0.99       474
        1.0       1.00      0.54      0.70        26

avg / total       0.98      0.98      0.97       500


Results on old (pure social) model
Detailed classification report:

Scores on training set.

             precision    recall  f1-score   support

        0.0       0.99      1.00      0.99      3319
        1.0       0.99      0.76      0.86       181

avg / total       0.99      0.99      0.99      3500

Scores on test set.

             precision    recall  f1-score   support

        0.0       0.98      1.00      0.99       474
        1.0       1.00      0.54      0.70        26

avg / total       0.98      0.98      0.97       500

======================
125363239: {'kernel': 'rbf', 'C': 0.1, 'gamma': 0.1, 'class_weight': 'balanced'}
Detailed classification report:

Scores on training set.
             precision    recall  f1-score   support

        0.0       1.00      0.99      1.00      3370
        1.0       0.82      0.98      0.89       130

avg / total       0.99      0.99      0.99      3500


Scores on test set.

             precision    recall  f1-score   support

        0.0       0.99      0.99      0.99       481
        1.0       0.75      0.63      0.69        19

avg / total       0.98      0.98      0.98       500


Results on old (pure social) model
Detailed classification report:

Scores on training set.

             precision    recall  f1-score   support

        0.0       0.99      1.00      0.99      3370
        1.0       0.91      0.79      0.85       130

avg / total       0.99      0.99      0.99      3500

Scores on test set.

             precision    recall  f1-score   support

        0.0       0.99      0.99      0.99       481
        1.0       0.80      0.63      0.71        19

avg / total       0.98      0.98      0.98       500

======================
173550390: {'kernel': 'rbf', 'C': 1, 'gamma': 0.1, 'class_weight': None}
Detailed classification report:

Scores on training set.
             precision    recall  f1-score   support

        0.0       0.98      1.00      0.99      3226
        1.0       0.97      0.80      0.88       274

avg / total       0.98      0.98      0.98      3500


Scores on test set.

             precision    recall  f1-score   support

        0.0       0.97      1.00      0.98       471
        1.0       0.88      0.52      0.65        29

avg / total       0.97      0.97      0.96       500


Results on old (pure social) model
Detailed classification report:

Scores on training set.

             precision    recall  f1-score   support

        0.0       0.98      0.99      0.99      3226
        1.0       0.92      0.72      0.80       274

avg / total       0.97      0.97      0.97      3500

Scores on test set.

             precision    recall  f1-score   support

        0.0       0.98      1.00      0.99       471
        1.0       0.89      0.59      0.71        29

avg / total       0.97      0.97      0.97       500

======================
107176039: {'kernel': 'rbf', 'C': 1, 'gamma': 0.1, 'class_weight': None}
Detailed classification report:

Scores on training set.
             precision    recall  f1-score   support

        0.0       0.99      1.00      0.99      3335
        1.0       1.00      0.72      0.83       165

avg / total       0.99      0.99      0.99      3500


Scores on test set.

             precision    recall  f1-score   support

        0.0       0.97      1.00      0.99       469
        1.0       1.00      0.55      0.71        31

avg / total       0.97      0.97      0.97       500


Results on old (pure social) model
Detailed classification report:

Scores on training set.

             precision    recall  f1-score   support

        0.0       0.97      1.00      0.99      3335
        1.0       1.00      0.46      0.63       165

avg / total       0.98      0.97      0.97      3500

Scores on test set.

             precision    recall  f1-score   support

        0.0       0.97      1.00      0.99       469
        1.0       1.00      0.55      0.71        31

avg / total       0.97      0.97      0.97       500

======================
256674213: {'kernel': 'rbf', 'C': 1, 'gamma': 0.1, 'class_weight': None}
Detailed classification report:

Scores on training set.
             precision    recall  f1-score   support

        0.0       0.99      1.00      1.00      3392
        1.0       1.00      0.83      0.91       108

avg / total       0.99      0.99      0.99      3500


Scores on test set.

             precision    recall  f1-score   support

        0.0       0.99      1.00      1.00       491
        1.0       1.00      0.56      0.71         9

avg / total       0.99      0.99      0.99       500


Results on old (pure social) model
Detailed classification report:

Scores on training set.

             precision    recall  f1-score   support

        0.0       0.99      1.00      1.00      3392
        1.0       1.00      0.70      0.83       108

avg / total       0.99      0.99      0.99      3500

Scores on test set.

             precision    recall  f1-score   support

        0.0       0.99      1.00      1.00       491
        1.0       1.00      0.56      0.71         9

avg / total       0.99      0.99      0.99       500

======================
91919237: {'kernel': 'rbf', 'C': 1, 'gamma': 0.1, 'class_weight': None}
Detailed classification report:

Scores on training set.
             precision    recall  f1-score   support

        0.0       0.99      1.00      0.99      3390
        1.0       1.00      0.58      0.74       110

avg / total       0.99      0.99      0.99      3500


Scores on test set.

             precision    recall  f1-score   support

        0.0       0.98      1.00      0.99       475
        1.0       1.00      0.56      0.72        25

avg / total       0.98      0.98      0.98       500


Results on old (pure social) model
Detailed classification report:

Scores on training set.

             precision    recall  f1-score   support

        0.0       0.99      1.00      0.99      3390
        1.0       1.00      0.57      0.73       110

avg / total       0.99      0.99      0.98      3500

Scores on test set.

             precision    recall  f1-score   support

        0.0       0.98      1.00      0.99       475
        1.0       1.00      0.56      0.72        25

avg / total       0.98      0.98      0.98       500

======================
127163121: {'kernel': 'rbf', 'C': 1, 'gamma': 0.1, 'class_weight': None}
Detailed classification report:

Scores on training set.
             precision    recall  f1-score   support

        0.0       1.00      1.00      1.00      3385
        1.0       1.00      0.87      0.93       115

avg / total       1.00      1.00      1.00      3500


Scores on test set.

             precision    recall  f1-score   support

        0.0       0.98      1.00      0.99       481
        1.0       1.00      0.58      0.73        19

avg / total       0.98      0.98      0.98       500


Results on old (pure social) model
Detailed classification report:

Scores on training set.

             precision    recall  f1-score   support

        0.0       0.99      1.00      1.00      3385
        1.0       1.00      0.79      0.88       115

avg / total       0.99      0.99      0.99      3500

Scores on test set.

             precision    recall  f1-score   support

        0.0       0.98      1.00      0.99       481
        1.0       1.00      0.58      0.73        19

avg / total       0.98      0.98      0.98       500

======================
199982337: {'kernel': 'rbf', 'C': 1, 'gamma': 0.1, 'class_weight': None}
Detailed classification report:

Scores on training set.
             precision    recall  f1-score   support

        0.0       0.99      1.00      1.00      3172
        1.0       1.00      0.95      0.97       328

avg / total       0.99      0.99      0.99      3500


Scores on test set.

             precision    recall  f1-score   support

        0.0       0.96      1.00      0.98       457
        1.0       0.93      0.60      0.73        43

avg / total       0.96      0.96      0.96       500


Results on old (pure social) model
Detailed classification report:

Scores on training set.

             precision    recall  f1-score   support

        0.0       0.98      1.00      0.99      3172
        1.0       1.00      0.79      0.88       328

avg / total       0.98      0.98      0.98      3500

Scores on test set.

             precision    recall  f1-score   support

        0.0       0.97      0.99      0.98       457
        1.0       0.90      0.63      0.74        43

avg / total       0.96      0.96      0.96       500

======================
151058509: {'kernel': 'rbf', 'C': 1, 'gamma': 0.1, 'class_weight': None}
Detailed classification report:

Scores on training set.
             precision    recall  f1-score   support

        0.0       0.99      1.00      1.00      3401
        1.0       1.00      0.80      0.89        99

avg / total       0.99      0.99      0.99      3500


Scores on test set.

             precision    recall  f1-score   support

        0.0       0.99      1.00      0.99       483
        1.0       1.00      0.59      0.74        17

avg / total       0.99      0.99      0.98       500


Results on old (pure social) model
Detailed classification report:

Scores on training set.

             precision    recall  f1-score   support

        0.0       0.99      1.00      1.00      3401
        1.0       1.00      0.70      0.82        99

avg / total       0.99      0.99      0.99      3500

Scores on test set.

             precision    recall  f1-score   support

        0.0       0.99      1.00      0.99       483
        1.0       1.00      0.59      0.74        17

avg / total       0.99      0.99      0.98       500

======================
152821325: {'kernel': 'rbf', 'C': 1, 'gamma': 0.1, 'class_weight': None}
Detailed classification report:

Scores on training set.
             precision    recall  f1-score   support

        0.0       0.99      1.00      1.00      3307
        1.0       1.00      0.83      0.91       193

avg / total       0.99      0.99      0.99      3500


Scores on test set.

             precision    recall  f1-score   support

        0.0       0.98      1.00      0.99       473
        1.0       1.00      0.59      0.74        27

avg / total       0.98      0.98      0.98       500


Results on old (pure social) model
Detailed classification report:

Scores on training set.

             precision    recall  f1-score   support

        0.0       0.98      1.00      0.99      3307
        1.0       1.00      0.72      0.83       193

avg / total       0.98      0.98      0.98      3500

Scores on test set.

             precision    recall  f1-score   support

        0.0       0.98      1.00      0.99       473
        1.0       1.00      0.59      0.74        27

avg / total       0.98      0.98      0.98       500

======================
128386349: {'kernel': 'rbf', 'C': 1, 'gamma': 0.1, 'class_weight': None}
Detailed classification report:

Scores on training set.
             precision    recall  f1-score   support

        0.0       1.00      1.00      1.00      3420
        1.0       1.00      0.84      0.91        80

avg / total       1.00      1.00      1.00      3500


Scores on test set.

             precision    recall  f1-score   support

        0.0       0.99      1.00      1.00       490
        1.0       1.00      0.60      0.75        10

avg / total       0.99      0.99      0.99       500


Results on old (pure social) model
Detailed classification report:

Scores on training set.

             precision    recall  f1-score   support

        0.0       0.99      1.00      1.00      3420
        1.0       1.00      0.64      0.78        80

avg / total       0.99      0.99      0.99      3500

Scores on test set.

             precision    recall  f1-score   support

        0.0       0.99      1.00      1.00       490
        1.0       1.00      0.60      0.75        10

avg / total       0.99      0.99      0.99       500

======================
18145859: {'kernel': 'rbf', 'C': 1, 'gamma': 0.1, 'class_weight': None}
Detailed classification report:

Scores on training set.
             precision    recall  f1-score   support

        0.0       0.99      1.00      1.00      3379
        1.0       1.00      0.83      0.91       121

avg / total       0.99      0.99      0.99      3500


Scores on test set.

             precision    recall  f1-score   support

        0.0       0.99      1.00      1.00       480
        1.0       1.00      0.80      0.89        20

avg / total       0.99      0.99      0.99       500


Results on old (pure social) model
Detailed classification report:

Scores on training set.

             precision    recall  f1-score   support

        0.0       0.99      1.00      1.00      3379
        1.0       0.99      0.83      0.91       121

avg / total       0.99      0.99      0.99      3500

Scores on test set.

             precision    recall  f1-score   support

        0.0       0.99      0.99      0.99       480
        1.0       0.80      0.80      0.80        20

avg / total       0.98      0.98      0.98       500

======================
1311735576 
# Tuning hyper-parameters for f1

Switching to API Credentials #1
======================
1311735576 
# Tuning hyper-parameters for f1

Switching to API Credentials #6
======================
1311735576 
# Tuning hyper-parameters for f1

Switching to API Credentials #7
======================
1311735576 
# Tuning hyper-parameters for f1

grid search estaba tardando horas en este caso.
El modelo fue entrenado con los mejores parámetros
del caso de 500 tópicos:

{'kernel': 'rbf', 'C': 1, 'gamma': 0.1, 'class_weight': 'balanced'}

Detailed classification report:
()
Scores on training set.
             precision    recall  f1-score   support

        0.0       0.97      0.96      0.96      2420
        1.0       0.91      0.94      0.92      1080

avg / total       0.95      0.95      0.95      3500

()
Scores on test set.
()
             precision    recall  f1-score   support

        0.0       0.91      0.90      0.90       328
        1.0       0.81      0.83      0.82       172

avg / total       0.87      0.87      0.87       500

()





Switching to API Credentials #2
Switching to API Credentials #6
======================
17620434: {'kernel': 'rbf', 'C': 1, 'gamma': 0.1, 'class_weight': None}
Detailed classification report:

Scores on training set.
             precision    recall  f1-score   support

        0.0       0.99      1.00      1.00      3370
        1.0       1.00      0.83      0.91       130

avg / total       0.99      0.99      0.99      3500


Scores on test set.

             precision    recall  f1-score   support

        0.0       0.99      1.00      1.00       481
        1.0       1.00      0.79      0.88        19

avg / total       0.99      0.99      0.99       500


Results on old (pure social) model

Detailed classification report:

Scores on training set.

             precision    recall  f1-score   support

        0.0       0.99      1.00      0.99      3370
        1.0       1.00      0.68      0.81       130

avg / total       0.99      0.99      0.99      3500

Scores on test set.

             precision    recall  f1-score   support

        0.0       0.99      1.00      1.00       481
        1.0       1.00      0.79      0.88        19

avg / total       0.99      0.99      0.99       500

Switching to API Credentials #1
======================
229480408: {'kernel': 'rbf', 'C': 1, 'gamma': 0.1, 'class_weight': None}
Detailed classification report:

Scores on training set.
             precision    recall  f1-score   support

        0.0       1.00      1.00      1.00      3350
        1.0       1.00      0.92      0.96       150

avg / total       1.00      1.00      1.00      3500


Scores on test set.

             precision    recall  f1-score   support

        0.0       0.99      1.00      0.99       475
        1.0       1.00      0.80      0.89        25

avg / total       0.99      0.99      0.99       500


Results on old (pure social) model
Detailed classification report:

Scores on training set.

             precision    recall  f1-score   support

        0.0       0.99      1.00      1.00      3350
        1.0       1.00      0.83      0.91       150

avg / total       0.99      0.99      0.99      3500

Scores on test set.

             precision    recall  f1-score   support

        0.0       0.99      1.00      0.99       475
        1.0       1.00      0.80      0.89        25

avg / total       0.99      0.99      0.99       500

======================
214986628: {'kernel': 'rbf', 'C': 0.1, 'gamma': 0.1, 'class_weight': 'balanced'}
Detailed classification report:

Scores on training set.
             precision    recall  f1-score   support

        0.0       0.96      1.00      0.98      2887
        1.0       1.00      0.82      0.90       613

avg / total       0.97      0.97      0.97      3500


Scores on test set.

             precision    recall  f1-score   support

        0.0       0.96      1.00      0.98       410
        1.0       1.00      0.82      0.90        90

avg / total       0.97      0.97      0.97       500


Results on old (pure social) model
Detailed classification report:

Scores on training set.

             precision    recall  f1-score   support

        0.0       0.97      1.00      0.98      2887
        1.0       1.00      0.84      0.91       613

avg / total       0.97      0.97      0.97      3500

Scores on test set.

             precision    recall  f1-score   support

        0.0       0.96      1.00      0.98       410
        1.0       1.00      0.82      0.90        90

avg / total       0.97      0.97      0.97       500

======================
59857143: {'kernel': 'rbf', 'C': 1, 'gamma': 0.1, 'class_weight': None}
Detailed classification report:

Scores on training set.
             precision    recall  f1-score   support

        0.0       1.00      1.00      1.00      3402
        1.0       1.00      0.95      0.97        98

avg / total       1.00      1.00      1.00      3500


Scores on test set.

             precision    recall  f1-score   support

        0.0       1.00      1.00      1.00       488
        1.0       1.00      0.83      0.91        12

avg / total       1.00      1.00      1.00       500


Results on old (pure social) model
Detailed classification report:

Scores on training set.

             precision    recall  f1-score   support

        0.0       1.00      1.00      1.00      3402
        1.0       1.00      0.94      0.97        98

avg / total       1.00      1.00      1.00      3500

Scores on test set.

             precision    recall  f1-score   support

        0.0       1.00      1.00      1.00       488
        1.0       1.00      0.83      0.91        12

avg / total       1.00      1.00      1.00       500

======================
118547936: {'kernel': 'rbf', 'C': 1, 'gamma': 0.1, 'class_weight': None}
Detailed classification report:

Scores on training set.
             precision    recall  f1-score   support

        0.0       0.99      1.00      1.00      3190
        1.0       1.00      0.93      0.96       310

avg / total       0.99      0.99      0.99      3500


Scores on test set.

             precision    recall  f1-score   support

        0.0       0.98      1.00      0.99       445
        1.0       1.00      0.85      0.92        55

avg / total       0.98      0.98      0.98       500


Results on old (pure social) model
Detailed classification report:

Scores on training set.

             precision    recall  f1-score   support

        0.0       0.99      1.00      1.00      3190
        1.0       1.00      0.90      0.95       310

avg / total       0.99      0.99      0.99      3500

Scores on test set.

             precision    recall  f1-score   support

        0.0       0.98      1.00      0.99       445
        1.0       1.00      0.85      0.92        55

avg / total       0.98      0.98      0.98       500

======================
158116807: {'kernel': 'rbf', 'C': 1, 'gamma': 0.1, 'class_weight': None}
Detailed classification report:

Scores on training set.
             precision    recall  f1-score   support

        0.0       0.99      1.00      0.99      2969
        1.0       1.00      0.93      0.96       531

avg / total       0.99      0.99      0.99      3500


Scores on test set.

             precision    recall  f1-score   support

        0.0       0.97      1.00      0.99       414
        1.0       1.00      0.87      0.93        86

avg / total       0.98      0.98      0.98       500


Results on old (pure social) model
Detailed classification report:

Scores on training set.

             precision    recall  f1-score   support

        0.0       0.98      1.00      0.99      2969
        1.0       1.00      0.87      0.93       531

avg / total       0.98      0.98      0.98      3500

Scores on test set.

             precision    recall  f1-score   support

        0.0       0.97      1.00      0.99       414
        1.0       1.00      0.87      0.93        86

avg / total       0.98      0.98      0.98       500

======================
263872477: {'kernel': 'rbf', 'C': 1, 'gamma': 0.1, 'class_weight': None}
Detailed classification report:

Scores on training set.
             precision    recall  f1-score   support

        0.0       0.99      1.00      0.99      2886
        1.0       1.00      0.93      0.97       614

avg / total       0.99      0.99      0.99      3500


Scores on test set.

             precision    recall  f1-score   support

        0.0       0.99      1.00      0.99       402
        1.0       1.00      0.94      0.97        98

avg / total       0.99      0.99      0.99       500


Results on old (pure social) model
Detailed classification report:

Scores on training set.

             precision    recall  f1-score   support

        0.0       0.98      1.00      0.99      2886
        1.0       1.00      0.93      0.96       614

avg / total       0.99      0.99      0.99      3500

Scores on test set.

             precision    recall  f1-score   support

        0.0       0.99      1.00      0.99       402
        1.0       1.00      0.94      0.97        98

avg / total       0.99      0.99      0.99       500

======================
208575740: {'kernel': 'rbf', 'C': 1, 'gamma': 0.1, 'class_weight': None}
Detailed classification report:

Scores on training set.
             precision    recall  f1-score   support

        0.0       0.99      1.00      0.99      2949
        1.0       1.00      0.95      0.97       551

avg / total       0.99      0.99      0.99      3500


Scores on test set.

             precision    recall  f1-score   support

        0.0       0.99      1.00      1.00       419
        1.0       1.00      0.95      0.97        81

avg / total       0.99      0.99      0.99       500


Results on old (pure social) model
Detailed classification report:

Scores on training set.

             precision    recall  f1-score   support

        0.0       0.99      1.00      0.99      2949
        1.0       1.00      0.94      0.97       551

avg / total       0.99      0.99      0.99      3500

Scores on test set.

             precision    recall  f1-score   support

        0.0       0.99      1.00      1.00       419
        1.0       1.00      0.95      0.97        81

avg / total       0.99      0.99      0.99       500

