Switching to API Credentials #7
Loading dataset for user Gustavo Gomez (id 203030351)
Training RandomForestClassifier on past data
Scores on training set (past).

             precision    recall  f1-score   support

        0.0       1.00      1.00      1.00    121165
        1.0       1.00      0.94      0.97      1099

avg / total       1.00      1.00      1.00    122264

Scores on test set (future).

             precision    recall  f1-score   support

        0.0       1.00      1.00      1.00     51933
        1.0       0.85      0.95      0.90       466

avg / total       1.00      1.00      1.00     52399

Loading dataset for user LAWRENCE JPD ARABIA  (id 228252737)
Training RandomForestClassifier on past data
Scores on training set (past).

             precision    recall  f1-score   support

        0.0       1.00      1.00      1.00    167439
        1.0       1.00      0.84      0.91       350

avg / total       1.00      1.00      1.00    167789

Scores on test set (future).

             precision    recall  f1-score   support

        0.0       0.99      0.97      0.98     69389
        1.0       0.53      0.82      0.64      2521

avg / total       0.98      0.97      0.97     71910

Switching to API Credentials #1
Loading dataset for user @elprofesionalll (id 142800528)
Training RandomForestClassifier on past data
Scores on training set (past).

             precision    recall  f1-score   support

        0.0       1.00      1.00      1.00    157341
        1.0       1.00      0.88      0.94      1798

avg / total       1.00      1.00      1.00    159139

Scores on test set (future).

             precision    recall  f1-score   support

        0.0       1.00      1.00      1.00     67341
        1.0       0.94      0.85      0.89       862

avg / total       1.00      1.00      1.00     68203

Loading dataset for user RadioLaRioja.com.ar (id 18623370)
Training RandomForestClassifier on past data
Scores on training set (past).

             precision    recall  f1-score   support

        0.0       1.00      1.00      1.00     73446
        1.0       1.00      0.92      0.96       663

avg / total       1.00      1.00      1.00     74109

Scores on test set (future).

             precision    recall  f1-score   support

        0.0       0.99      1.00      1.00     30031
        1.0       0.96      0.90      0.93      1731

avg / total       0.99      0.99      0.99     31762

Switching to API Credentials #5
Loading dataset for user Leandro Deyuanini (id 37226353)
Training RandomForestClassifier on past data
Scores on training set (past).

             precision    recall  f1-score   support

        0.0       0.99      1.00      1.00     83678
        1.0       1.00      0.64      0.78      1431

avg / total       0.99      0.99      0.99     85109

Scores on test set (future).

             precision    recall  f1-score   support

        0.0       0.99      1.00      1.00     35940
        1.0       0.95      0.58      0.72       536

avg / total       0.99      0.99      0.99     36476

Loading dataset for user Javier A Lewkowicz (id 101047126)
Training RandomForestClassifier on past data
Scores on training set (past).

             precision    recall  f1-score   support

        0.0       1.00      1.00      1.00    102841
        1.0       1.00      0.94      0.97       705

avg / total       1.00      1.00      1.00    103546

Scores on test set (future).

             precision    recall  f1-score   support

        0.0       1.00      1.00      1.00     44153
        1.0       0.83      0.96      0.89       225

avg / total       1.00      1.00      1.00     44378

Switching to API Credentials #0
Loading dataset for user Décimo Doctor (id 126527644)
Training RandomForestClassifier on past data
Scores on training set (past).

             precision    recall  f1-score   support

        0.0       1.00      1.00      1.00    225294
        1.0       1.00      0.99      0.99       785

avg / total       1.00      1.00      1.00    226079

Scores on test set (future).

             precision    recall  f1-score   support

        0.0       1.00      1.00      1.00     96407
        1.0       0.88      0.98      0.93       485

avg / total       1.00      1.00      1.00     96892

Loading dataset for user Unión Cívica Radical (id 114582574)
Training RandomForestClassifier on past data
Scores on training set (past).

             precision    recall  f1-score   support

        0.0       1.00      1.00      1.00    129455
        1.0       0.99      0.80      0.89       637

avg / total       1.00      1.00      1.00    130092

Scores on test set (future).

             precision    recall  f1-score   support

        0.0       1.00      1.00      1.00     55586
        1.0       0.68      0.83      0.75       169

avg / total       1.00      1.00      1.00     55755

Switching to API Credentials #2
Loading dataset for user sexpoerotica (id 144310601)
Training RandomForestClassifier on past data
Scores on training set (past).

             precision    recall  f1-score   support

        0.0       1.00      1.00      1.00     56604
        1.0       1.00      0.99      0.99       840

avg / total       1.00      1.00      1.00     57444

Scores on test set (future).

             precision    recall  f1-score   support

        0.0       1.00      1.00      1.00     24349
        1.0       0.81      1.00      0.89       270

avg / total       1.00      1.00      1.00     24619

Loading dataset for user Juan Muñoz (id 20611326)
Training RandomForestClassifier on past data
Scores on training set (past).

             precision    recall  f1-score   support

        0.0       1.00      1.00      1.00    148251
        1.0       1.00      0.96      0.98       664

avg / total       1.00      1.00      1.00    148915

Scores on test set (future).

             precision    recall  f1-score   support

        0.0       1.00      1.00      1.00     63621
        1.0       0.90      0.98      0.94       201

avg / total       1.00      1.00      1.00     63822

Switching to API Credentials #4
Loading dataset for user Evelyn (id 1566310694)
Training RandomForestClassifier on past data
Scores on training set (past).

             precision    recall  f1-score   support

        0.0       1.00      1.00      1.00    213516
        1.0       0.99      1.00      0.99       450

avg / total       1.00      1.00      1.00    213966

Scores on test set (future).

             precision    recall  f1-score   support

        0.0       1.00      0.95      0.97     91484
        1.0       0.04      1.00      0.08       216

avg / total       1.00      0.95      0.97     91700

Loading dataset for user Mundo D  (id 59857143)
Training RandomForestClassifier on past data
Scores on training set (past).

             precision    recall  f1-score   support

        0.0       1.00      1.00      1.00    154893
        1.0       1.00      0.96      0.98      1123

avg / total       1.00      1.00      1.00    156016

Scores on test set (future).

             precision    recall  f1-score   support

        0.0       1.00      1.00      1.00     66473
        1.0       0.76      0.96      0.85       391

avg / total       1.00      1.00      1.00     66864

Switching to API Credentials #3
Loading dataset for user Mario Montoya (id 76684633)
Training RandomForestClassifier on past data
Scores on training set (past).

             precision    recall  f1-score   support

        0.0       1.00      1.00      1.00    129275
        1.0       0.98      0.94      0.96       145

avg / total       1.00      1.00      1.00    129420

Scores on test set (future).

             precision    recall  f1-score   support

        0.0       1.00      1.00      1.00     55339
        1.0       0.62      0.76      0.69       127

avg / total       1.00      1.00      1.00     55466

Loading dataset for user Mariano (id 85123028)
Training RandomForestClassifier on past data
Scores on training set (past).

             precision    recall  f1-score   support

        0.0       1.00      1.00      1.00    166159
        1.0       1.00      0.96      0.98      1100

avg / total       1.00      1.00      1.00    167259

Scores on test set (future).

             precision    recall  f1-score   support

        0.0       1.00      1.00      1.00     71163
        1.0       0.90      0.94      0.92       520

avg / total       1.00      1.00      1.00     71683

Switching to API Credentials #2
Loading dataset for user pablorgarcia (id 54987976)
Training RandomForestClassifier on past data
Scores on training set (past).

             precision    recall  f1-score   support

        0.0       1.00      1.00      1.00    134651
        1.0       0.99      0.84      0.91       148

avg / total       1.00      1.00      1.00    134799

Scores on test set (future).

             precision    recall  f1-score   support

        0.0       1.00      1.00      1.00     57691
        1.0       0.51      0.84      0.63        81

avg / total       1.00      1.00      1.00     57772

