Switching to API Credentials #1
=============================
Evaluating for nbuckets=1
Loading dataset...
OK
Training model...
OK
Evaluating on test set...
Scores on test set.

             precision    recall  f1-score   support

        0.0       1.00      1.00      1.00   1996606
        1.0       1.00      0.85      0.92     16667

avg / total       1.00      1.00      1.00   2013273

=============================
Evaluating for nbuckets=2
Loading dataset...
OK
Training model...
OK
Evaluating on test set...
Scores on test set.

             precision    recall  f1-score   support

        0.0       1.00      1.00      1.00   1996606
        1.0       1.00      0.85      0.92     16667

avg / total       1.00      1.00      1.00   2013273

=============================
Evaluating for nbuckets=3
Loading dataset...
OK
Training model...
OK
Evaluating on test set...
Scores on test set.

             precision    recall  f1-score   support

        0.0       1.00      1.00      1.00   1996606
        1.0       1.00      0.86      0.92     16667

avg / total       1.00      1.00      1.00   2013273

=============================
Evaluating for nbuckets=4
Loading dataset...
OK
Training model...
OK
Evaluating on test set...
Scores on test set.

             precision    recall  f1-score   support

        0.0       1.00      1.00      1.00   1996606
        1.0       1.00      0.86      0.92     16667

avg / total       1.00      1.00      1.00   2013273

